PRT1
118
231
4 0 3 (2048 2048 0 ) (2048 2048 768 ) (2048 2176 768 ) (2048 2176 0 ) 
4 0 2 (2048 2048 32 ) (2048 2048 0 ) (2560 2048 0 ) (2560 2048 32 ) 
4 0 1 (2048 2048 768 ) (2048 2048 32 ) (2560 2048 32 ) (2560 2048 768 ) 
4 1 9 (2560 1024 32 ) (2560 1024 768 ) (2048 1024 768 ) (2048 1024 32 ) 
4 1 6 (2048 1024 32 ) (2048 1024 768 ) (2048 1664 768 ) (2048 1664 32 ) 
4 1 5 (2048 1664 768 ) (2048 2048 768 ) (2048 2048 32 ) (2048 1664 32 ) 
4 1 2 (2048 1664 32 ) (2048 2048 32 ) (2560 2048 32 ) (2560 1664 32 ) 
4 2 5 (2048 1664 32 ) (2048 2048 32 ) (2048 2048 0 ) (2048 1664 0 ) 
4 3 5 (2048 2048 0 ) (2048 2048 768 ) (1024 2048 768 ) (1024 2048 0 ) 
4 3 4 (1024 2048 0 ) (1024 2048 768 ) (1024 2176 768 ) (1024 2176 0 ) 
4 4 14 (0 2048 0 ) (0 2048 768 ) (0 2176 768 ) (0 2176 0 ) 
4 4 7 (0 2048 768 ) (0 2048 0 ) (1024 2048 0 ) (1024 2048 768 ) 
4 5 7 (1024 2048 768 ) (1024 2048 0 ) (1024 1664 0 ) (1024 1664 768 ) 
4 5 6 (2048 1664 32 ) (2048 1664 768 ) (1024 1664 768 ) (1024 1664 32 ) 
4 6 10 (2048 1024 32 ) (2048 1024 768 ) (1024 1024 768 ) (1024 1024 32 ) 
4 6 8 (1024 1024 32 ) (1024 1024 768 ) (1024 1664 768 ) (1024 1664 32 ) 
4 7 20 (0 2048 32 ) (0 2048 0 ) (0 1664 0 ) (0 1664 32 ) 
4 7 19 (0 1664 768 ) (0 2048 768 ) (0 2048 32 ) (0 1664 32 ) 
4 7 8 (1024 1664 32 ) (1024 1664 768 ) (0 1664 768 ) (0 1664 32 ) 
4 8 19 (0 1024 32 ) (0 1024 768 ) (0 1664 768 ) (0 1664 32 ) 
4 8 11 (1024 1024 32 ) (1024 1024 768 ) (0 1024 768 ) (0 1024 32 ) 
4 9 10 (2048 1024 768 ) (2048 1024 0 ) (2048 512 0 ) (2048 512 768 ) 
4 10 11 (1024 1024 768 ) (1024 1024 0 ) (1024 512 0 ) (1024 512 768 ) 
4 11 94 (0 512 0 ) (0 512 64 ) (0 1024 64 ) (0 1024 0 ) 
4 11 73 (0 512 64 ) (0 512 128 ) (0 1024 128 ) (0 1024 64 ) 
4 11 57 (0 512 128 ) (0 512 288 ) (0 1024 288 ) (0 1024 128 ) 
4 11 53 (0 512 288 ) (0 512 384 ) (0 1024 384 ) (0 1024 288 ) 
4 11 51 (0 512 384 ) (0 512 448 ) (0 1024 448 ) (0 1024 384 ) 
4 11 50 (0 512 448 ) (0 512 768 ) (0 1024 768 ) (0 1024 448 ) 
4 12 17 (-1024 2304 96 ) (-1024 2304 320 ) (-1024 2496 320 ) (-1024 2496 96 ) 
4 12 13 (-1024 2304 320 ) (-1024 2304 96 ) (-640 2304 96 ) (-640 2304 320 ) 
4 13 18 (-1024 2176 64 ) (-1024 2176 352 ) (-1024 2304 352 ) (-1024 2304 64 ) 
4 13 16 (-576 2176 64 ) (-576 2176 352 ) (-1024 2176 352 ) (-1024 2176 64 ) 
4 14 20 (0 2048 0 ) (0 2048 32 ) (-32 2048 32 ) (-32 2048 0 ) 
4 14 19 (0 2048 32 ) (0 2048 768 ) (-32 2048 768 ) (-32 2048 32 ) 
4 15 24 (-384 2048 96 ) (-384 2048 318.116028 ) (-576 2048 318.116028 ) (-576 2048 96 ) 
4 15 16 (-576 2176 318.116028 ) (-576 2176 96 ) (-576 2048 96 ) (-576 2048 318.116028 ) 
4 16 30 (-960 2048 352 ) (-992 2048 352 ) (-992 2048 64 ) (-960 2048 64 ) 
4 16 29 (-832 2048 352 ) (-960 2048 352 ) (-960 2048 64 ) (-832 2048 64 ) 
4 16 31 (-992 2048 352 ) (-1024 2048 352 ) (-1024 2048 64 ) (-992 2048 64 ) 
4 16 26 (-576 2048 64 ) (-576 2048 352 ) (-832 2048 352 ) (-832 2048 64 ) 
4 16 18 (-1024 2048 64 ) (-1024 2048 352 ) (-1024 2176 352 ) (-1024 2176 64 ) 
4 17 18 (-1024 2304 96 ) (-1024 2304 320 ) (-1216 2304 320 ) (-1216 2304 96 ) 
4 18 35 (-1024 2048 64 ) (-1024 2048 288 ) (-1280 2048 288 ) (-1280 2048 64 ) 
4 18 34 (-1024 2048 288 ) (-1024 2048 352 ) (-1280 2048 352 ) (-1280 2048 288 ) 
4 19 94 (0 1024 32 ) (0 1024 64 ) (-32 1024 64 ) (-32 1024 32 ) 
4 19 73 (0 1024 64 ) (0 1024 128 ) (-32 1024 128 ) (-32 1024 64 ) 
4 19 57 (0 1024 128 ) (0 1024 288 ) (-32 1024 288 ) (-32 1024 128 ) 
4 19 53 (0 1024 288 ) (0 1024 384 ) (-32 1024 384 ) (-32 1024 288 ) 
4 19 51 (0 1024 384 ) (0 1024 448 ) (-32 1024 448 ) (-32 1024 384 ) 
4 19 50 (0 1024 448 ) (0 1024 768 ) (-32 1024 768 ) (-32 1024 448 ) 
4 19 21 (-32 1024 64 ) (-32 1024 768 ) (-32 1664 768 ) (-32 1664 64 ) 
4 19 20 (-32 1664 32 ) (-32 2048 32 ) (0 2048 32 ) (0 1664 32 ) 
4 21 23 (-352 1280 192 ) (-352 1280 64 ) (-352 1152 64 ) (-352 1152 192 ) 
4 21 22 (-352 1536 192 ) (-352 1536 64 ) (-352 1408 64 ) (-352 1408 192 ) 
4 22 25 (-384 1536 192 ) (-384 1536 64 ) (-384 1408 64 ) (-384 1408 192 ) 
4 23 25 (-384 1280 192 ) (-384 1280 64 ) (-384 1152 64 ) (-384 1152 192 ) 
4 24 26 (-576 2048 318.116028 ) (-576 2048 96 ) (-576 1792 96 ) (-576 1792 318.116028 ) 
4 25 74 (-384 1024 64 ) (-384 1024 128 ) (-576 1024 128 ) (-576 1024 64 ) 
4 25 58 (-384 1024 128 ) (-384 1024 288 ) (-576 1024 288 ) (-576 1024 128 ) 
4 25 28 (-576 1024 64 ) (-576 1024 288 ) (-576 1216 288 ) (-576 1216 64 ) 
4 25 27 (-576 1280 288 ) (-576 1536 288 ) (-576 1536 64 ) (-576 1280 64 ) 
4 25 26 (-576 1600 288 ) (-576 1728 288 ) (-576 1728 64 ) (-576 1600 64 ) 
4 26 32 (-832 1600 352 ) (-832 1984 352 ) (-832 1984 64 ) (-832 1600 64 ) 
4 26 29 (-832 1984 352 ) (-832 2048 352 ) (-832 2048 64 ) (-832 1984 64 ) 
4 27 33 (-832 1536 288 ) (-832 1536 64 ) (-832 1280 64 ) (-832 1280 288 ) 
4 28 78 (-768 1024 128 ) (-832 1024 128 ) (-832 1024 64 ) (-768 1024 64 ) 
4 28 75 (-576 1024 64 ) (-576 1024 128 ) (-768 1024 128 ) (-768 1024 64 ) 
4 28 63 (-768 1024 288 ) (-832 1024 288 ) (-832 1024 128 ) (-768 1024 128 ) 
4 28 61 (-736 1024 288 ) (-768 1024 288 ) (-768 1024 128 ) (-736 1024 128 ) 
4 28 59 (-576 1024 128 ) (-576 1024 288 ) (-736 1024 288 ) (-736 1024 128 ) 
4 28 33 (-832 1024 64 ) (-832 1024 288 ) (-832 1216 288 ) (-832 1216 64 ) 
4 29 32 (-960 1984 64 ) (-832 1984 64 ) (-832 1984 352 ) (-960 1984 352 ) 
4 29 30 (-960 2048 64 ) (-960 2016 64 ) (-960 2016 352 ) (-960 2048 352 ) 
4 30 31 (-992 2048 64 ) (-992 2016 64 ) (-992 2016 352 ) (-992 2048 352 ) 
4 31 35 (-1024 2048 288 ) (-1024 2048 64 ) (-1024 1984 64 ) (-1024 1984 288 ) 
4 31 34 (-1024 2048 352 ) (-1024 2048 288 ) (-1024 1984 288 ) (-1024 1984 352 ) 
4 31 32 (-1024 1984 64 ) (-992 1984 64 ) (-992 1984 352 ) (-1024 1984 352 ) 
4 32 35 (-1024 1984 64 ) (-1024 1600 64 ) (-1024 1600 288 ) (-1024 1984 288 ) 
4 32 34 (-1024 1600 288 ) (-1024 1600 352 ) (-1024 1984 352 ) (-1024 1984 288 ) 
4 32 33 (-1024 1600 64 ) (-832 1600 64 ) (-832 1600 288 ) (-1024 1600 288 ) 
4 33 80 (-832 1024 64 ) (-832 1024 128 ) (-1024 1024 128 ) (-1024 1024 64 ) 
4 33 65 (-832 1024 128 ) (-832 1024 288 ) (-1024 1024 288 ) (-1024 1024 128 ) 
4 33 36 (-1024 1536 64 ) (-1024 1280 64 ) (-1024 1280 288 ) (-1024 1536 288 ) 
4 33 37 (-1024 1216 64 ) (-1024 1024 64 ) (-1024 1024 288 ) (-1024 1216 288 ) 
4 34 35 (-1280 1600 288 ) (-1280 2048 288 ) (-1024 2048 288 ) (-1024 1600 288 ) 
4 35 39 (-1280 1728 64 ) (-1280 1600 64 ) (-1280 1600 288 ) (-1280 1728 288 ) 
4 35 38 (-1280 1968 64 ) (-1280 1840 64 ) (-1280 1840 192 ) (-1280 1968 192 ) 
4 36 39 (-1280 1536 64 ) (-1280 1280 64 ) (-1280 1280 288 ) (-1280 1536 288 ) 
4 37 112 (-1120 1024 128 ) (-1280 1024 128 ) (-1280 1024 64 ) (-1120 1024 64 ) 
4 37 109 (-1088 1024 128 ) (-1120 1024 128 ) (-1120 1024 64 ) (-1088 1024 64 ) 
4 37 105 (-1024 1024 64 ) (-1024 1024 128 ) (-1088 1024 128 ) (-1088 1024 64 ) 
4 37 97 (-1088 1024 288 ) (-1280 1024 288 ) (-1280 1024 128 ) (-1088 1024 128 ) 
4 37 95 (-1024 1024 128 ) (-1024 1024 288 ) (-1088 1024 288 ) (-1088 1024 128 ) 
4 37 39 (-1280 1216 64 ) (-1280 1024 64 ) (-1280 1024 288 ) (-1280 1216 288 ) 
4 38 40 (-1312 1968 64 ) (-1312 1840 64 ) (-1312 1840 192 ) (-1312 1968 192 ) 
4 39 112 (-1312 1024 128 ) (-1312 1024 64 ) (-1280 1024 64 ) (-1280 1024 128 ) 
4 39 97 (-1280 1024 288 ) (-1312 1024 288 ) (-1312 1024 128 ) (-1280 1024 128 ) 
4 39 41 (-1312 1728 64 ) (-1312 1024 64 ) (-1312 1024 288 ) (-1312 1728 288 ) 
4 40 42 (-1472 2016 64 ) (-1472 1792 64 ) (-1472 1792 288 ) (-1472 2016 288 ) 
4 41 112 (-1472 1024 128 ) (-1472 1024 64 ) (-1312 1024 64 ) (-1312 1024 128 ) 
4 41 97 (-1312 1024 288 ) (-1472 1024 288 ) (-1472 1024 128 ) (-1312 1024 128 ) 
4 41 45 (-1472 1200 64 ) (-1472 1072 64 ) (-1472 1072 192 ) (-1472 1200 192 ) 
4 41 44 (-1472 1488 64 ) (-1472 1360 64 ) (-1472 1360 192 ) (-1472 1488 192 ) 
4 41 43 (-1472 1704 64 ) (-1472 1656 64 ) (-1472 1656 173 ) (-1472 1704 173 ) 
4 42 46 (-1504 2016 64 ) (-1504 1792 64 ) (-1504 1792 288 ) (-1504 2016 288 ) 
4 43 47 (-1504 1704 64 ) (-1504 1656 64 ) (-1504 1656 173 ) (-1504 1704 173 ) 
4 44 48 (-1504 1488 64 ) (-1504 1360 64 ) (-1504 1360 192 ) (-1504 1488 192 ) 
4 45 49 (-1504 1200 64 ) (-1504 1072 64 ) (-1504 1072 192 ) (-1504 1200 192 ) 
4 50 51 (0 512 448 ) (-32 512 448 ) (-32 1024 448 ) (0 1024 448 ) 
4 51 53 (-32 1024 384 ) (0 1024 384 ) (0 512 384 ) (-32 512 384 ) 
5 52 54 (-1024 608 384 ) (-1024 608.002563 384 ) (-928.001343 704.001221 384 ) (-832 608 384 ) (-928 512 384 ) 
4 53 57 (-32 1024 288 ) (0 1024 288 ) (0 512 288 ) (-32 512 288 ) 
4 54 55 (-928.003906 512.003906 352 ) (-1024.001221 608.001282 352 ) (-928 704 352 ) (-832 608 352 ) 
5 55 56 (-832 608 320 ) (-928 512 320 ) (-1024 608 320 ) (-1024 608.002625 320 ) (-928.001282 704.001282 320 ) 
4 56 67 (-1024 512 288 ) (-1024 704 288 ) (-832 704 288 ) (-832 512 288 ) 
4 57 73 (-32 1024 128 ) (0 1024 128 ) (0 512 128 ) (-32 512 128 ) 
4 58 74 (-576 1024 128 ) (-384 1024 128 ) (-384 512 128 ) (-576 512 128 ) 
4 58 68 (-576 512 128 ) (-448 512 128 ) (-448 512 192 ) (-576 512 192 ) 
4 58 59 (-576 1024 128 ) (-576 960 128 ) (-576 960 288 ) (-576 1024 288 ) 
4 58 60 (-576 768 128 ) (-576 512 128 ) (-576 512 288 ) (-576 768 288 ) 
4 59 75 (-736 1024 128 ) (-576 1024 128 ) (-576 960 128 ) (-736 960 128 ) 
4 59 61 (-736 1024 128 ) (-736 960 128 ) (-736 960 288 ) (-736 1024 288 ) 
4 60 76 (-576 768 128 ) (-576 512 128 ) (-736 512 128 ) (-736 768 128 ) 
4 60 62 (-736 704 128 ) (-736 576 128 ) (-736 576 192 ) (-736 704 192 ) 
4 61 75 (-768 1024 128 ) (-736 1024 128 ) (-736 960 128 ) (-768 960 128 ) 
4 61 63 (-768 1024 128 ) (-768 960 128 ) (-768 960 288 ) (-768 1024 288 ) 
4 62 77 (-736 704 128 ) (-736 576 128 ) (-768 576 128 ) (-768 704 128 ) 
4 62 64 (-768 704 128 ) (-768 576 128 ) (-768 576 192 ) (-768 704 192 ) 
4 63 78 (-832 1024 128 ) (-768 1024 128 ) (-768 960 128 ) (-832 960 128 ) 
4 63 65 (-832 1024 128 ) (-832 960 128 ) (-832 960 288 ) (-832 1024 288 ) 
4 64 79 (-768 768 128 ) (-768 512 128 ) (-832 512 128 ) (-832 768 128 ) 
4 64 69 (-832 512 128 ) (-768 512 128 ) (-768 512 288 ) (-832 512 288 ) 
4 64 67 (-832 768 128 ) (-832 512 128 ) (-832 512 288 ) (-832 768 288 ) 
4 65 95 (-1024 1024 288 ) (-1024 1024 128 ) (-1024 960 128 ) (-1024 960 288 ) 
4 65 80 (-1024 832 128 ) (-1024 1024 128 ) (-832 1024 128 ) (-832 832 128 ) 
4 65 66 (-1024 832 128 ) (-832 832 128 ) (-832 832 256 ) (-1024 832 256 ) 
4 66 80 (-1024 768 128 ) (-1024 832 128 ) (-832 832 128 ) (-832 768 128 ) 
4 66 67 (-1024 768 128 ) (-832 768 128 ) (-832 768 256 ) (-1024 768 256 ) 
4 67 96 (-1024 768 128 ) (-1024 512 128 ) (-1024 512 288 ) (-1024 768 288 ) 
4 67 80 (-1024 512 128 ) (-1024 768 128 ) (-832 768 128 ) (-832 512 128 ) 
4 67 69 (-1024 512 128 ) (-832 512 128 ) (-832 512 288 ) (-1024 512 288 ) 
4 68 81 (-576 512 128 ) (-448 512 128 ) (-448 480 128 ) (-576 480 128 ) 
4 68 70 (-576 480 128 ) (-448 480 128 ) (-448 480 192 ) (-576 480 192 ) 
4 69 101 (-1024 512 128 ) (-1024 480 128 ) (-1024 480 288 ) (-1024 512 288 ) 
4 69 82 (-1024 480 128 ) (-1024 512 128 ) (-768 512 128 ) (-768 480 128 ) 
4 69 71 (-1024 480 128 ) (-768 480 128 ) (-768 480 288 ) (-1024 480 288 ) 
4 70 83 (-704 480 128 ) (-320 480 128 ) (-320 448 128 ) (-704 448 128 ) 
4 70 72 (-704 448 128 ) (-320 448 128 ) (-320 448 288 ) (-704 448 288 ) 
4 71 103 (-1024 480 128 ) (-1024 448 128 ) (-1024 448 288 ) (-1024 480 288 ) 
4 71 93 (-1024 448 128 ) (-1024 480 128 ) (-992 480 128 ) (-992 448 128 ) 
4 71 91 (-864 452 128 ) (-864 448 128 ) (-992 448 128 ) (-992 452 128 ) 
4 71 88 (-976 480 128 ) (-880 480 128 ) (-880 452 128 ) (-976 452 128 ) 
4 71 87 (-880 480 128 ) (-864 480 128 ) (-864 452 128 ) (-880 452 128 ) 
4 71 90 (-992 480 128 ) (-976 480 128 ) (-976 452 128 ) (-992 452 128 ) 
4 71 84 (-864 480 128 ) (-768 480 128 ) (-768 448 128 ) (-864 448 128 ) 
4 72 83 (-320 0 128 ) (-704 0 128 ) (-704 448 128 ) (-320 448 128 ) 
4 73 94 (-32 1024 64 ) (0 1024 64 ) (0 512 64 ) (-32 512 64 ) 
4 74 81 (-576 512 64 ) (-448 512 64 ) (-448 512 128 ) (-576 512 128 ) 
4 74 76 (-576 768 64 ) (-576 512 64 ) (-576 512 128 ) (-576 768 128 ) 
4 74 75 (-576 1024 64 ) (-576 960 64 ) (-576 960 128 ) (-576 1024 128 ) 
4 75 78 (-768 1024 64 ) (-768 960 64 ) (-768 960 128 ) (-768 1024 128 ) 
4 76 77 (-736 704 64 ) (-736 576 64 ) (-736 576 128 ) (-736 704 128 ) 
4 77 79 (-768 704 64 ) (-768 576 64 ) (-768 576 128 ) (-768 704 128 ) 
4 78 80 (-832 1024 64 ) (-832 960 64 ) (-832 960 128 ) (-832 1024 128 ) 
4 79 82 (-832 512 64 ) (-768 512 64 ) (-768 512 128 ) (-832 512 128 ) 
4 79 80 (-832 768 64 ) (-832 512 64 ) (-832 512 128 ) (-832 768 128 ) 
4 80 105 (-1024 1024 128 ) (-1024 1024 64 ) (-1024 960 64 ) (-1024 960 128 ) 
4 80 106 (-1024 768 64 ) (-1024 512 64 ) (-1024 512 128 ) (-1024 768 128 ) 
4 80 82 (-1024 512 64 ) (-832 512 64 ) (-832 512 128 ) (-1024 512 128 ) 
4 81 83 (-576 480 64 ) (-448 480 64 ) (-448 480 128 ) (-576 480 128 ) 
4 82 106 (-1024 512 64 ) (-1024 480 64 ) (-1024 480 128 ) (-1024 512 128 ) 
4 82 93 (-1024 480 64 ) (-992 480 64 ) (-992 480 128 ) (-1024 480 128 ) 
4 82 88 (-880 480 101.333015 ) (-880 480 128 ) (-976 480 128 ) (-976 480 101.333008 ) 
4 82 89 (-976 480 64 ) (-880 480 64 ) (-880 480 96 ) (-976 480 96 ) 
4 82 87 (-880 480 64 ) (-864 480 64 ) (-864 480 128 ) (-880 480 128 ) 
4 82 90 (-992 480 64 ) (-976 480 64 ) (-976 480 128 ) (-992 480 128 ) 
4 82 84 (-864 480 64 ) (-768 480 64 ) (-768 480 128 ) (-864 480 128 ) 
4 83 85 (-704 128 64 ) (-704 64 64 ) (-704 64 128 ) (-704 128 128 ) 
4 84 91 (-864 452 64 ) (-864 448 64 ) (-864 448 128 ) (-864 452 128 ) 
4 84 87 (-864 480 128 ) (-864 480 64 ) (-864 452 64 ) (-864 452 128 ) 
4 84 86 (-864 448 128 ) (-864 448 64 ) (-800 448 64 ) (-800 448 128 ) 
4 85 86 (-800 128 64 ) (-800 64 64 ) (-800 64 128 ) (-800 128 128 ) 
4 86 92 (-864 128 64 ) (-864 64 64 ) (-864 64 128 ) (-864 128 128 ) 
4 87 91 (-880 452 64 ) (-864 452 64 ) (-864 452 128 ) (-880 452 128 ) 
4 87 88 (-880 480 128 ) (-880 480 101.333008 ) (-880 452 112 ) (-880 452 128 ) 
4 87 89 (-880 480 96 ) (-880 480 64 ) (-880 452 64 ) (-880 452 96 ) 
4 88 91 (-880 452 112 ) (-880 452 128 ) (-976 452 128 ) (-976 452 112 ) 
4 88 90 (-976 480 128 ) (-976 480 101.333008 ) (-976 452 112 ) (-976 452 128 ) 
4 89 91 (-976 452 64 ) (-880 452 64 ) (-880 452 96 ) (-976 452 96 ) 
4 89 90 (-976 480 96 ) (-976 480 64 ) (-976 452 64 ) (-976 452 96 ) 
4 90 93 (-992 480 128 ) (-992 480 64 ) (-992 452 64 ) (-992 452 128 ) 
4 90 91 (-992 452 128 ) (-992 452 64 ) (-976 452 64 ) (-976 452 128 ) 
4 91 93 (-992 452 64 ) (-992 448 64 ) (-992 448 128 ) (-992 452 128 ) 
4 92 93 (-992 128 64 ) (-992 64 64 ) (-992 64 128 ) (-992 128 128 ) 
4 93 108 (-1024 128 64 ) (-1024 64 64 ) (-1024 64 128 ) (-1024 128 128 ) 
4 93 107 (-1024 448 64 ) (-1024 128 64 ) (-1024 128 128 ) (-1024 448 128 ) 
4 93 106 (-1024 480 64 ) (-1024 448 64 ) (-1024 448 128 ) (-1024 480 128 ) 
4 95 105 (-1088 1024 128 ) (-1024 1024 128 ) (-1024 960 128 ) (-1088 960 128 ) 
4 95 97 (-1088 1024 128 ) (-1088 960 128 ) (-1088 960 288 ) (-1088 1024 288 ) 
4 96 106 (-1024 768 128 ) (-1024 512 128 ) (-1088 512 128 ) (-1088 768 128 ) 
4 96 101 (-1088 512 128 ) (-1024 512 128 ) (-1024 512 288 ) (-1088 512 288 ) 
4 96 98 (-1088 704 128 ) (-1088 576 128 ) (-1088 576 192 ) (-1088 704 192 ) 
4 97 112 (-1472 1024 128 ) (-1120 1024 128 ) (-1120 960 128 ) (-1472 960 128 ) 
4 97 109 (-1120 1024 128 ) (-1088 1024 128 ) (-1088 960 128 ) (-1120 960 128 ) 
4 97 100 (-1472 960 128 ) (-1280 960 128 ) (-1280 960 288 ) (-1472 960 288 ) 
4 98 110 (-1088 704 128 ) (-1088 576 128 ) (-1120 576 128 ) (-1120 704 128 ) 
4 98 99 (-1120 704 128 ) (-1120 576 128 ) (-1120 576 192 ) (-1120 704 192 ) 
4 99 113 (-1120 512 128 ) (-1280 512 128 ) (-1280 768 128 ) (-1120 768 128 ) 
4 99 100 (-1280 768 128 ) (-1280 512 128 ) (-1280 512 288 ) (-1280 768 288 ) 
4 100 114 (-1280 512 128 ) (-1472 512 128 ) (-1472 960 128 ) (-1280 960 128 ) 
4 100 102 (-1408 512 128 ) (-1280 512 128 ) (-1280 512 192 ) (-1408 512 192 ) 
4 101 106 (-1024 512 128 ) (-1024 480 128 ) (-1088 480 128 ) (-1088 512 128 ) 
4 101 103 (-1088 480 128 ) (-1024 480 128 ) (-1024 480 288 ) (-1088 480 288 ) 
4 102 115 (-1280 480 128 ) (-1408 480 128 ) (-1408 512 128 ) (-1280 512 128 ) 
4 102 104 (-1408 480 128 ) (-1280 480 128 ) (-1280 480 192 ) (-1408 480 192 ) 
4 103 106 (-1024 480 128 ) (-1024 448 128 ) (-1088 448 128 ) (-1088 480 128 ) 
4 104 117 (-1152 0 128 ) (-1536 0 128 ) (-1536 480 128 ) (-1152 480 128 ) 
4 105 109 (-1088 1024 64 ) (-1088 960 64 ) (-1088 960 128 ) (-1088 1024 128 ) 
4 106 110 (-1088 704 64 ) (-1088 576 64 ) (-1088 576 128 ) (-1088 704 128 ) 
4 106 107 (-1056 448 64 ) (-1024 448 64 ) (-1024 448 128 ) (-1056 448 128 ) 
4 107 108 (-1056 128 64 ) (-1024 128 64 ) (-1024 128 128 ) (-1056 128 128 ) 
4 108 111 (-1088 128 64 ) (-1088 64 64 ) (-1088 64 128 ) (-1088 128 128 ) 
4 109 112 (-1120 1024 64 ) (-1120 960 64 ) (-1120 960 128 ) (-1120 1024 128 ) 
4 110 113 (-1120 704 64 ) (-1120 576 64 ) (-1120 576 128 ) (-1120 704 128 ) 
4 111 116 (-1120 128 64 ) (-1120 64 64 ) (-1120 64 128 ) (-1120 128 128 ) 
4 112 114 (-1472 960 64 ) (-1280 960 64 ) (-1280 960 128 ) (-1472 960 128 ) 
4 113 114 (-1280 768 64 ) (-1280 512 64 ) (-1280 512 128 ) (-1280 768 128 ) 
4 114 115 (-1408 512 64 ) (-1280 512 64 ) (-1280 512 128 ) (-1408 512 128 ) 
4 115 117 (-1408 480 64 ) (-1280 480 64 ) (-1280 480 128 ) (-1408 480 128 ) 
4 116 117 (-1152 128 64 ) (-1152 64 64 ) (-1152 64 128 ) (-1152 128 128 ) 
