PRT1
163
327
4 0 3 (2048 2048 0 ) (2048 2048 768 ) (2048 2176 768 ) (2048 2176 0 ) 
4 0 2 (2048 2048 32 ) (2048 2048 0 ) (2560 2048 0 ) (2560 2048 32 ) 
4 0 1 (2048 2048 768 ) (2048 2048 32 ) (2560 2048 32 ) (2560 2048 768 ) 
4 1 9 (2560 1024 32 ) (2560 1024 768 ) (2048 1024 768 ) (2048 1024 32 ) 
4 1 6 (2048 1024 32 ) (2048 1024 768 ) (2048 1664 768 ) (2048 1664 32 ) 
4 1 5 (2048 1664 768 ) (2048 2048 768 ) (2048 2048 32 ) (2048 1664 32 ) 
4 1 2 (2048 1664 32 ) (2048 2048 32 ) (2560 2048 32 ) (2560 1664 32 ) 
4 2 5 (2048 1664 32 ) (2048 2048 32 ) (2048 2048 0 ) (2048 1664 0 ) 
4 3 5 (2048 2048 0 ) (2048 2048 768 ) (1024 2048 768 ) (1024 2048 0 ) 
4 3 4 (1024 2048 0 ) (1024 2048 768 ) (1024 2176 768 ) (1024 2176 0 ) 
4 4 14 (0 2048 0 ) (0 2048 768 ) (0 2176 768 ) (0 2176 0 ) 
4 4 7 (0 2048 768 ) (0 2048 0 ) (1024 2048 0 ) (1024 2048 768 ) 
4 5 7 (1024 2048 768 ) (1024 2048 0 ) (1024 1664 0 ) (1024 1664 768 ) 
4 5 6 (2048 1664 32 ) (2048 1664 768 ) (1024 1664 768 ) (1024 1664 32 ) 
4 6 10 (2048 1024 32 ) (2048 1024 768 ) (1024 1024 768 ) (1024 1024 32 ) 
4 6 8 (1024 1024 32 ) (1024 1024 768 ) (1024 1664 768 ) (1024 1664 32 ) 
4 7 20 (0 2048 32 ) (0 2048 0 ) (0 1664 0 ) (0 1664 32 ) 
4 7 19 (0 1664 768 ) (0 2048 768 ) (0 2048 32 ) (0 1664 32 ) 
4 7 8 (1024 1664 32 ) (1024 1664 768 ) (0 1664 768 ) (0 1664 32 ) 
4 8 19 (0 1024 32 ) (0 1024 768 ) (0 1664 768 ) (0 1664 32 ) 
4 8 11 (1024 1024 32 ) (1024 1024 768 ) (0 1024 768 ) (0 1024 32 ) 
4 9 10 (2048 1024 768 ) (2048 1024 0 ) (2048 512 0 ) (2048 512 768 ) 
4 10 11 (1024 1024 768 ) (1024 1024 0 ) (1024 512 0 ) (1024 512 768 ) 
4 11 134 (0 512 0 ) (0 512 64 ) (0 1024 64 ) (0 1024 0 ) 
4 11 113 (0 512 64 ) (0 512 128 ) (0 1024 128 ) (0 1024 64 ) 
4 11 84 (0 512 128 ) (0 512 288 ) (0 1024 288 ) (0 1024 128 ) 
4 11 83 (0 512 288 ) (0 512 768 ) (0 1024 768 ) (0 1024 288 ) 
4 12 17 (-1024 2304 96 ) (-1024 2304 320 ) (-1024 2496 320 ) (-1024 2496 96 ) 
4 12 13 (-1024 2304 320 ) (-1024 2304 96 ) (-640 2304 96 ) (-640 2304 320 ) 
4 13 18 (-1024 2176 64 ) (-1024 2176 352 ) (-1024 2304 352 ) (-1024 2304 64 ) 
4 13 16 (-576 2176 64 ) (-576 2176 352 ) (-1024 2176 352 ) (-1024 2176 64 ) 
4 14 20 (0 2048 0 ) (0 2048 32 ) (-32 2048 32 ) (-32 2048 0 ) 
4 14 19 (0 2048 32 ) (0 2048 768 ) (-32 2048 768 ) (-32 2048 32 ) 
4 15 24 (-384 2048 96 ) (-384 2048 318.116028 ) (-576 2048 318.116028 ) (-576 2048 96 ) 
4 15 16 (-576 2176 318.116028 ) (-576 2176 96 ) (-576 2048 96 ) (-576 2048 318.116028 ) 
4 16 30 (-960 2048 352 ) (-992 2048 352 ) (-992 2048 64 ) (-960 2048 64 ) 
4 16 29 (-832 2048 352 ) (-960 2048 352 ) (-960 2048 64 ) (-832 2048 64 ) 
4 16 31 (-992 2048 352 ) (-1024 2048 352 ) (-1024 2048 64 ) (-992 2048 64 ) 
4 16 26 (-576 2048 64 ) (-576 2048 352 ) (-832 2048 352 ) (-832 2048 64 ) 
4 16 18 (-1024 2048 64 ) (-1024 2048 352 ) (-1024 2176 352 ) (-1024 2176 64 ) 
4 17 18 (-1024 2304 96 ) (-1024 2304 320 ) (-1216 2304 320 ) (-1216 2304 96 ) 
4 18 35 (-1024 2048 64 ) (-1024 2048 288 ) (-1280 2048 288 ) (-1280 2048 64 ) 
4 18 34 (-1024 2048 288 ) (-1024 2048 352 ) (-1280 2048 352 ) (-1280 2048 288 ) 
4 19 134 (0 1024 32 ) (0 1024 64 ) (-32 1024 64 ) (-32 1024 32 ) 
4 19 113 (0 1024 64 ) (0 1024 128 ) (-32 1024 128 ) (-32 1024 64 ) 
4 19 84 (0 1024 128 ) (0 1024 288 ) (-32 1024 288 ) (-32 1024 128 ) 
4 19 83 (0 1024 288 ) (0 1024 768 ) (-32 1024 768 ) (-32 1024 288 ) 
4 19 21 (-32 1024 64 ) (-32 1024 768 ) (-32 1664 768 ) (-32 1664 64 ) 
4 19 20 (-32 1664 32 ) (-32 2048 32 ) (0 2048 32 ) (0 1664 32 ) 
4 21 23 (-352 1280 192 ) (-352 1280 64 ) (-352 1152 64 ) (-352 1152 192 ) 
4 21 22 (-352 1536 192 ) (-352 1536 64 ) (-352 1408 64 ) (-352 1408 192 ) 
4 22 25 (-384 1536 192 ) (-384 1536 64 ) (-384 1408 64 ) (-384 1408 192 ) 
4 23 25 (-384 1280 192 ) (-384 1280 64 ) (-384 1152 64 ) (-384 1152 192 ) 
4 24 26 (-576 2048 318.116028 ) (-576 2048 96 ) (-576 1792 96 ) (-576 1792 318.116028 ) 
4 25 114 (-384 1024 64 ) (-384 1024 128 ) (-576 1024 128 ) (-576 1024 64 ) 
4 25 85 (-384 1024 128 ) (-384 1024 288 ) (-576 1024 288 ) (-576 1024 128 ) 
4 25 28 (-576 1024 64 ) (-576 1024 288 ) (-576 1216 288 ) (-576 1216 64 ) 
4 25 27 (-576 1280 288 ) (-576 1536 288 ) (-576 1536 64 ) (-576 1280 64 ) 
4 25 26 (-576 1600 288 ) (-576 1728 288 ) (-576 1728 64 ) (-576 1600 64 ) 
4 26 32 (-832 1600 352 ) (-832 1984 352 ) (-832 1984 64 ) (-832 1600 64 ) 
4 26 29 (-832 1984 352 ) (-832 2048 352 ) (-832 2048 64 ) (-832 1984 64 ) 
4 27 33 (-832 1536 288 ) (-832 1536 64 ) (-832 1280 64 ) (-832 1280 288 ) 
4 28 118 (-768 1024 128 ) (-832 1024 128 ) (-832 1024 64 ) (-768 1024 64 ) 
4 28 115 (-576 1024 64 ) (-576 1024 128 ) (-768 1024 128 ) (-768 1024 64 ) 
4 28 90 (-768 1024 288 ) (-832 1024 288 ) (-832 1024 128 ) (-768 1024 128 ) 
4 28 88 (-736 1024 288 ) (-768 1024 288 ) (-768 1024 128 ) (-736 1024 128 ) 
4 28 86 (-576 1024 128 ) (-576 1024 288 ) (-736 1024 288 ) (-736 1024 128 ) 
4 28 33 (-832 1024 64 ) (-832 1024 288 ) (-832 1216 288 ) (-832 1216 64 ) 
4 29 32 (-960 1984 64 ) (-832 1984 64 ) (-832 1984 352 ) (-960 1984 352 ) 
4 29 30 (-960 2048 64 ) (-960 2016 64 ) (-960 2016 352 ) (-960 2048 352 ) 
4 30 31 (-992 2048 64 ) (-992 2016 64 ) (-992 2016 352 ) (-992 2048 352 ) 
4 31 35 (-1024 2048 288 ) (-1024 2048 64 ) (-1024 1984 64 ) (-1024 1984 288 ) 
4 31 34 (-1024 2048 352 ) (-1024 2048 288 ) (-1024 1984 288 ) (-1024 1984 352 ) 
4 31 32 (-1024 1984 64 ) (-992 1984 64 ) (-992 1984 352 ) (-1024 1984 352 ) 
4 32 35 (-1024 1984 64 ) (-1024 1600 64 ) (-1024 1600 288 ) (-1024 1984 288 ) 
4 32 34 (-1024 1600 288 ) (-1024 1600 352 ) (-1024 1984 352 ) (-1024 1984 288 ) 
4 32 33 (-1024 1600 64 ) (-832 1600 64 ) (-832 1600 288 ) (-1024 1600 288 ) 
4 33 120 (-832 1024 64 ) (-832 1024 128 ) (-1024 1024 128 ) (-1024 1024 64 ) 
4 33 96 (-832 1024 128 ) (-832 1024 288 ) (-1024 1024 288 ) (-1024 1024 128 ) 
4 33 37 (-1024 1216 64 ) (-1024 1024 64 ) (-1024 1024 288 ) (-1024 1216 288 ) 
4 33 36 (-1024 1536 64 ) (-1024 1280 64 ) (-1024 1280 288 ) (-1024 1536 288 ) 
4 34 35 (-1280 1600 288 ) (-1280 2048 288 ) (-1024 2048 288 ) (-1024 1600 288 ) 
4 35 39 (-1280 1728 64 ) (-1280 1600 64 ) (-1280 1600 288 ) (-1280 1728 288 ) 
4 35 38 (-1280 1968 64 ) (-1280 1840 64 ) (-1280 1840 192 ) (-1280 1968 192 ) 
4 36 39 (-1280 1536 64 ) (-1280 1280 64 ) (-1280 1280 288 ) (-1280 1536 288 ) 
4 37 157 (-1120 1024 128 ) (-1280 1024 128 ) (-1280 1024 64 ) (-1120 1024 64 ) 
4 37 154 (-1088 1024 128 ) (-1120 1024 128 ) (-1120 1024 64 ) (-1088 1024 64 ) 
4 37 150 (-1024 1024 64 ) (-1024 1024 128 ) (-1088 1024 128 ) (-1088 1024 64 ) 
4 37 138 (-1088 1024 288 ) (-1280 1024 288 ) (-1280 1024 128 ) (-1088 1024 128 ) 
4 37 136 (-1024 1024 128 ) (-1024 1024 288 ) (-1088 1024 288 ) (-1088 1024 128 ) 
4 37 39 (-1280 1216 64 ) (-1280 1024 64 ) (-1280 1024 288 ) (-1280 1216 288 ) 
4 38 40 (-1312 1968 64 ) (-1312 1840 64 ) (-1312 1840 192 ) (-1312 1968 192 ) 
4 39 157 (-1312 1024 128 ) (-1312 1024 64 ) (-1280 1024 64 ) (-1280 1024 128 ) 
4 39 138 (-1280 1024 288 ) (-1312 1024 288 ) (-1312 1024 128 ) (-1280 1024 128 ) 
4 39 41 (-1312 1728 64 ) (-1312 1024 64 ) (-1312 1024 288 ) (-1312 1728 288 ) 
4 40 42 (-1472 2016 64 ) (-1472 1792 64 ) (-1472 1792 288 ) (-1472 2016 288 ) 
4 41 157 (-1472 1024 128 ) (-1472 1024 64 ) (-1312 1024 64 ) (-1312 1024 128 ) 
4 41 138 (-1312 1024 288 ) (-1472 1024 288 ) (-1472 1024 128 ) (-1312 1024 128 ) 
4 41 45 (-1472 1200 64 ) (-1472 1072 64 ) (-1472 1072 192 ) (-1472 1200 192 ) 
4 41 44 (-1472 1488 64 ) (-1472 1360 64 ) (-1472 1360 192 ) (-1472 1488 192 ) 
4 41 43 (-1472 1728 64 ) (-1472 1568 64 ) (-1472 1568 288 ) (-1472 1728 288 ) 
4 42 46 (-1504 2016 64 ) (-1504 1792 64 ) (-1504 1792 288 ) (-1504 2016 288 ) 
4 43 47 (-1504 1728 64 ) (-1504 1568 64 ) (-1504 1568 288 ) (-1504 1728 288 ) 
4 44 48 (-1504 1488 64 ) (-1504 1360 64 ) (-1504 1360 192 ) (-1504 1488 192 ) 
4 45 49 (-1504 1200 64 ) (-1504 1072 64 ) (-1504 1072 192 ) (-1504 1200 192 ) 
4 47 50 (-1824 1728 64 ) (-1824 1568 64 ) (-1824 1568 288 ) (-1824 1728 288 ) 
4 50 51 (-1984 1712 64 ) (-1984 1584 64 ) (-1984 1584 192 ) (-1984 1712 192 ) 
4 51 52 (-2016 1712 64 ) (-2016 1584 64 ) (-2016 1584 192 ) (-2016 1712 192 ) 
4 52 82 (-2048 1440 64 ) (-2048 1376 64 ) (-2048 1376 65 ) (-2048 1440 65 ) 
4 52 77 (-2048 1472 64 ) (-2048 1465.333374 64 ) (-2048 1465.333374 65 ) (-2048 1472 65 ) 
4 52 75 (-2048 1465.333374 64 ) (-2048 1455.986816 64 ) (-2048 1455.986816 65 ) (-2048 1465.333374 65 ) 
4 52 73 (-2048 1455.986816 64 ) (-2048 1440 64 ) (-2048 1440 65 ) (-2048 1455.986816 65 ) 
4 52 67 (-2048 1830.666626 64 ) (-2048 1824 64 ) (-2048 1824 65 ) (-2048 1830.666626 65 ) 
4 52 65 (-2048 1839.971680 64 ) (-2048 1830.666626 64 ) (-2048 1830.666626 65 ) (-2048 1839.971680 65 ) 
4 52 63 (-2048 1856 64 ) (-2048 1839.971680 64 ) (-2048 1839.971680 65 ) (-2048 1856 65 ) 
4 52 62 (-2048 1920 65 ) (-2048 1920 64 ) (-2048 1856 64 ) (-2048 1856 65 ) 
4 52 61 (-2048 1376 288 ) (-2048 1920 288 ) (-2048 1920 65 ) (-2048 1376 65 ) 
4 53 55 (-2048 1824 384 ) (-2144 1728 384 ) (-2240 1824 384 ) (-2144 1920 384 ) 
4 54 57 (-2144 1568 384 ) (-2048 1472 384 ) (-2144 1376 384 ) (-2240 1472 384 ) 
4 55 56 (-2143.998047 1728.001953 352 ) (-2239.998047 1824.001953 352 ) (-2144 1920 352 ) (-2048 1824 352 ) 
4 56 59 (-2048 1824 320 ) (-2144 1728 320 ) (-2240 1824 320 ) (-2144 1920 320 ) 
4 57 58 (-2144.003906 1376.003906 352 ) (-2240 1472 352 ) (-2144 1568 352 ) (-2048.003906 1472.003906 352 ) 
4 58 60 (-2240 1472 320 ) (-2144 1568 320 ) (-2048 1472 320 ) (-2144 1376 320 ) 
4 59 61 (-2240 1728 288 ) (-2240 1920 288 ) (-2048 1920 288 ) (-2048 1728 288 ) 
4 60 61 (-2240 1376 288 ) (-2240 1568 288 ) (-2048 1568 288 ) (-2048 1376 288 ) 
4 61 82 (-2272 1376 65 ) (-2272 1440 65 ) (-2048 1440 65 ) (-2048 1376 65 ) 
3 61 80 (-2212.112061 1856 65 ) (-2207.998535 1856 65 ) (-2218.698242 1854.666504 65 ) 
3 61 79 (-2067.194336 1441.606567 65 ) (-2069.338867 1440 65 ) (-2080 1440 65 ) 
3 61 78 (-2218.679443 1856 65 ) (-2212.112061 1856 65 ) (-2221.100098 1854.180176 65 ) 
3 61 77 (-2048 1472 65 ) (-2048 1465.333374 65 ) (-2058 1452 65 ) 
3 61 76 (-2240 1824 65 ) (-2240 1830.666992 65 ) (-2230 1844 65 ) 
3 61 75 (-2048 1465.333374 65 ) (-2048 1455.986816 65 ) (-2064 1444 65 ) 
3 61 74 (-2240 1830.666992 65 ) (-2240 1839.971924 65 ) (-2224 1852 65 ) 
3 61 73 (-2048 1455.986816 65 ) (-2048 1440 65 ) (-2069.338867 1440 65 ) 
3 61 72 (-2240 1856 65 ) (-2218.679443 1856 65 ) (-2240 1839.971924 65 ) 
3 61 71 (-2080 1856 65 ) (-2075.888916 1856 65 ) (-2069.303955 1854.666748 65 ) 
3 61 70 (-2208.039551 1440 65 ) (-2218.661133 1440 65 ) (-2220.797607 1441.600708 65 ) 
3 61 69 (-2075.888916 1856 65 ) (-2069.320801 1856 65 ) (-2066.899902 1854.180054 65 ) 
3 61 68 (-2230 1452 65 ) (-2240 1465.333252 65 ) (-2240 1472 65 ) 
3 61 67 (-2058 1844 65 ) (-2048 1830.666626 65 ) (-2048 1824 65 ) 
3 61 66 (-2224 1444 65 ) (-2240 1455.986816 65 ) (-2240 1465.333252 65 ) 
3 61 65 (-2064 1852 65 ) (-2048 1839.971680 65 ) (-2048 1830.666626 65 ) 
3 61 64 (-2218.661133 1440 65 ) (-2240 1440 65 ) (-2240 1455.986816 65 ) 
3 61 63 (-2069.320801 1856 65 ) (-2048 1856 65 ) (-2048 1839.971680 65 ) 
4 61 81 (-2272 1440 65 ) (-2272 1856 65 ) (-2240 1856 65 ) (-2240 1440 65 ) 
4 61 62 (-2272 1856 65 ) (-2272 1920 65 ) (-2048 1920 65 ) (-2048 1856 65 ) 
4 62 80 (-2212.112061 1856 64 ) (-2207.998535 1856 64 ) (-2207.998535 1856 65 ) (-2212.112061 1856 65 ) 
4 62 78 (-2218.679443 1856 64 ) (-2212.112061 1856 64 ) (-2212.112061 1856 65 ) (-2218.679443 1856 65 ) 
4 62 72 (-2240 1856 64 ) (-2218.679443 1856 64 ) (-2218.679443 1856 65 ) (-2240 1856 65 ) 
4 62 71 (-2080 1856 64 ) (-2075.888916 1856 64 ) (-2075.888916 1856 65 ) (-2080 1856 65 ) 
4 62 69 (-2075.888916 1856 64 ) (-2069.320801 1856 64 ) (-2069.320801 1856 65 ) (-2075.888916 1856 65 ) 
4 62 63 (-2069.320801 1856 64 ) (-2048 1856 64 ) (-2048 1856 65 ) (-2069.320801 1856 65 ) 
4 62 81 (-2272 1856 64 ) (-2240 1856 64 ) (-2240 1856 65 ) (-2272 1856 65 ) 
4 63 69 (-2069.324219 1856 65 ) (-2069.324219 1856 64 ) (-2066.904785 1854.181030 64 ) (-2066.904785 1854.181030 65 ) 
4 63 65 (-2063.995850 1851.994263 64 ) (-2048 1839.969116 64 ) (-2048 1839.969116 65 ) (-2063.995850 1851.994263 65 ) 
4 64 82 (-2240 1440 64 ) (-2218.661133 1440 64 ) (-2218.661133 1440 65 ) (-2240 1440 65 ) 
4 64 70 (-2218.657715 1440 65 ) (-2218.657715 1440 64 ) (-2220.796143 1441.601929 64 ) (-2220.793945 1441.600342 65 ) 
4 64 66 (-2224.003906 1444.005005 64 ) (-2240 1455.988281 64 ) (-2240 1455.988281 65 ) (-2224.003906 1444.005005 65 ) 
4 64 81 (-2240 1455.986816 64 ) (-2240 1440 64 ) (-2240 1440 65 ) (-2240 1455.986816 65 ) 
4 65 67 (-2058.002197 1844.004150 64 ) (-2048 1830.668091 64 ) (-2048 1830.668091 65 ) (-2058.002197 1844.004150 65 ) 
4 66 68 (-2230 1452.001343 64 ) (-2240 1465.333862 64 ) (-2240 1465.333862 65 ) (-2230 1452.001343 65 ) 
4 66 81 (-2240 1465.333252 64 ) (-2240 1455.986816 64 ) (-2240 1455.986816 65 ) (-2240 1465.333252 65 ) 
4 68 81 (-2240 1472 64 ) (-2240 1465.333252 64 ) (-2240 1465.333252 65 ) (-2240 1472 65 ) 
4 69 71 (-2075.884277 1856 65 ) (-2075.884277 1856 64 ) (-2069.291992 1854.665283 64 ) (-2069.291992 1854.665283 65 ) 
4 70 82 (-2218.661133 1440 64 ) (-2208.028809 1440 64 ) (-2208.039551 1440 65 ) (-2218.661133 1440 65 ) 
4 72 78 (-2221.101074 1854.179932 64 ) (-2218.680176 1856 64 ) (-2218.680176 1856 65 ) (-2221.101074 1854.179932 65 ) 
4 72 74 (-2240 1839.972290 65 ) (-2240 1839.972290 64 ) (-2223.998535 1852.001709 64 ) (-2223.998535 1852.001709 65 ) 
4 72 81 (-2240 1856 65 ) (-2240 1856 64 ) (-2240 1839.971924 64 ) (-2240 1839.971924 65 ) 
4 73 82 (-2069.338867 1440 64 ) (-2048 1440 64 ) (-2048 1440 65 ) (-2069.338867 1440 65 ) 
4 73 79 (-2067.191650 1441.606934 64 ) (-2069.336670 1440 64 ) (-2069.336670 1440 65 ) (-2067.191650 1441.606934 65 ) 
4 73 75 (-2048 1455.985107 64 ) (-2064.002930 1443.995850 64 ) (-2064.002930 1443.995850 65 ) (-2048 1455.985107 65 ) 
4 74 76 (-2240 1830.664795 65 ) (-2240 1830.664795 64 ) (-2230.002441 1843.994995 64 ) (-2230.002441 1843.994995 65 ) 
4 74 81 (-2240 1839.971924 64 ) (-2240 1830.666870 64 ) (-2240 1830.666992 65 ) (-2240 1839.971924 65 ) 
4 75 77 (-2048 1465.333984 64 ) (-2058 1452.001953 64 ) (-2058 1452.001953 65 ) (-2048 1465.333984 65 ) 
4 76 81 (-2240 1830.666870 64 ) (-2240 1824 64 ) (-2240 1824 65 ) (-2240 1830.666992 65 ) 
4 78 80 (-2218.686035 1854.667969 64 ) (-2212.106934 1856 64 ) (-2212.106934 1856 65 ) (-2218.686035 1854.667969 65 ) 
4 79 82 (-2080 1440 64 ) (-2069.338867 1440 64 ) (-2069.338867 1440 65 ) (-2080 1440 65 ) 
4 81 82 (-2272 1440 64 ) (-2240 1440 64 ) (-2240 1440 65 ) (-2272 1440 65 ) 
4 83 84 (0 512 288 ) (-32 512 288 ) (-32 1024 288 ) (0 1024 288 ) 
4 84 113 (-32 1024 128 ) (0 1024 128 ) (0 512 128 ) (-32 512 128 ) 
4 85 114 (-576 1024 128 ) (-384 1024 128 ) (-384 512 128 ) (-576 512 128 ) 
4 85 99 (-576 512 128 ) (-448 512 128 ) (-448 512 192 ) (-576 512 192 ) 
4 85 86 (-576 1024 128 ) (-576 960 128 ) (-576 960 288 ) (-576 1024 288 ) 
4 85 87 (-576 768 128 ) (-576 512 128 ) (-576 512 288 ) (-576 768 288 ) 
4 86 115 (-736 1024 128 ) (-576 1024 128 ) (-576 960 128 ) (-736 960 128 ) 
4 86 88 (-736 1024 128 ) (-736 960 128 ) (-736 960 288 ) (-736 1024 288 ) 
4 87 116 (-576 768 128 ) (-576 512 128 ) (-736 512 128 ) (-736 768 128 ) 
4 87 89 (-736 704 128 ) (-736 576 128 ) (-736 576 192 ) (-736 704 192 ) 
4 88 115 (-768 1024 128 ) (-736 1024 128 ) (-736 960 128 ) (-768 960 128 ) 
4 88 90 (-768 1024 128 ) (-768 960 128 ) (-768 960 288 ) (-768 1024 288 ) 
4 89 117 (-736 704 128 ) (-736 576 128 ) (-768 576 128 ) (-768 704 128 ) 
4 89 91 (-768 704 128 ) (-768 576 128 ) (-768 576 192 ) (-768 704 192 ) 
4 90 118 (-832 1024 128 ) (-768 1024 128 ) (-768 960 128 ) (-832 960 128 ) 
4 90 96 (-832 1024 128 ) (-832 960 128 ) (-832 960 288 ) (-832 1024 288 ) 
4 91 119 (-768 768 128 ) (-768 512 128 ) (-832 512 128 ) (-832 768 128 ) 
4 91 103 (-832 512 128 ) (-800 512 128 ) (-800 512 288 ) (-832 512 288 ) 
4 91 100 (-800 512 128 ) (-768 512 128 ) (-768 512 288 ) (-800 512 288 ) 
4 91 98 (-832 768 128 ) (-832 512 128 ) (-832 512 288 ) (-832 768 288 ) 
5 92 93 (-832 608 384 ) (-928 512 384 ) (-1024 608 384 ) (-1024 608.002563 384 ) (-928.001282 704.001282 384 ) 
4 93 94 (-928.003906 512.003906 352 ) (-1024.001221 608.001282 352 ) (-928 704 352 ) (-832 608 352 ) 
5 94 95 (-832 608 320 ) (-928 512 320 ) (-1024 608 320 ) (-1024 608.002563 320 ) (-928.001282 704.001282 320 ) 
4 95 98 (-832 704 288 ) (-832 512 288 ) (-1024 512 288 ) (-1024 704 288 ) 
4 96 136 (-1024 1024 288 ) (-1024 1024 128 ) (-1024 960 128 ) (-1024 960 288 ) 
4 96 120 (-1024 832 128 ) (-1024 1024 128 ) (-832 1024 128 ) (-832 832 128 ) 
4 96 97 (-1024 832 128 ) (-832 832 128 ) (-832 832 256 ) (-1024 832 256 ) 
4 97 120 (-1024 768 128 ) (-1024 832 128 ) (-832 832 128 ) (-832 768 128 ) 
4 97 98 (-1024 768 128 ) (-832 768 128 ) (-832 768 256 ) (-1024 768 256 ) 
4 98 137 (-1024 768 128 ) (-1024 512 128 ) (-1024 512 288 ) (-1024 768 288 ) 
4 98 120 (-1024 512 128 ) (-1024 768 128 ) (-832 768 128 ) (-832 512 128 ) 
4 98 109 (-1024 512 288 ) (-1024 512 128 ) (-992 512 128 ) (-992 512 288 ) 
4 98 108 (-992 512 128 ) (-864 512 128 ) (-864 512 288 ) (-992 512 288 ) 
4 98 104 (-864 512 128 ) (-832 512 128 ) (-832 512 288 ) (-864 512 288 ) 
4 99 121 (-576 512 128 ) (-448 512 128 ) (-448 480 128 ) (-576 480 128 ) 
4 99 101 (-576 480 192 ) (-576 480 128 ) (-448 480 128 ) (-448 480 192 ) 
4 100 122 (-800 480 128 ) (-800 512 128 ) (-768 512 128 ) (-768 480 128 ) 
4 100 103 (-800 512 288 ) (-800 512 128 ) (-800 480 128 ) (-800 480 288 ) 
4 100 102 (-768 480 288 ) (-800 480 288 ) (-800 480 128 ) (-768 480 128 ) 
4 101 123 (-320 0 128 ) (-704 0 128 ) (-704 480 128 ) (-320 480 128 ) 
4 102 124 (-800 448 128 ) (-800 480 128 ) (-768 480 128 ) (-768 448 128 ) 
4 102 103 (-800 480 128 ) (-800 448 128 ) (-800 448 288 ) (-800 480 288 ) 
4 103 124 (-800 480 128 ) (-800 448 128 ) (-832 448 128 ) (-832 480 128 ) 
4 103 122 (-832 512 128 ) (-800 512 128 ) (-800 480 128 ) (-832 480 128 ) 
4 103 104 (-832 448 128 ) (-832 448 288 ) (-832 512 288 ) (-832 512 128 ) 
4 104 124 (-864 448 128 ) (-864 480 128 ) (-832 480 128 ) (-832 448 128 ) 
4 104 122 (-864 480 128 ) (-864 512 128 ) (-832 512 128 ) (-832 480 128 ) 
4 104 108 (-864 512 288 ) (-864 512 128 ) (-864 448 128 ) (-864 448 288 ) 
4 105 106 (-800 64 256 ) (-864 64 256 ) (-864 128 256 ) (-800 128 256 ) 
4 106 107 (-800 64 224 ) (-864 64 224 ) (-864 128 224 ) (-800 128 224 ) 
4 107 126 (-864 64 128 ) (-864 128 128 ) (-800 128 128 ) (-800 64 128 ) 
4 108 131 (-992 448 128 ) (-992 452 128 ) (-864 452 128 ) (-864 448 128 ) 
4 108 128 (-976 480 128 ) (-880 480 128 ) (-880 452 128 ) (-976 452 128 ) 
4 108 127 (-880 480 128 ) (-864 480 128 ) (-864 452 128 ) (-880 452 128 ) 
4 108 130 (-992 452 128 ) (-992 480 128 ) (-976 480 128 ) (-976 452 128 ) 
4 108 122 (-992 480 128 ) (-992 512 128 ) (-864 512 128 ) (-864 480 128 ) 
4 108 109 (-992 512 288 ) (-992 512 128 ) (-992 448 128 ) (-992 448 288 ) 
4 109 142 (-1024 512 128 ) (-1024 448 128 ) (-1024 448 288 ) (-1024 512 288 ) 
4 109 133 (-1024 448 128 ) (-1024 480 128 ) (-992 480 128 ) (-992 448 128 ) 
4 109 122 (-1024 480 128 ) (-1024 512 128 ) (-992 512 128 ) (-992 480 128 ) 
4 110 143 (-1024 64 256 ) (-1024 64 288 ) (-1024 128 288 ) (-1024 128 256 ) 
4 110 135 (-1024 64 288 ) (-1024 64 320 ) (-1024 128 320 ) (-1024 128 288 ) 
4 110 111 (-992 64 256 ) (-1024 64 256 ) (-1024 128 256 ) (-992 128 256 ) 
4 111 144 (-1024 64 224 ) (-1024 64 256 ) (-1024 128 256 ) (-1024 128 224 ) 
4 111 112 (-992 64 224 ) (-1024 64 224 ) (-1024 128 224 ) (-992 128 224 ) 
4 112 145 (-1024 128 128 ) (-1024 64 128 ) (-1024 64 224 ) (-1024 128 224 ) 
4 112 133 (-1024 64 128 ) (-1024 128 128 ) (-992 128 128 ) (-992 64 128 ) 
4 113 134 (-32 1024 64 ) (0 1024 64 ) (0 512 64 ) (-32 512 64 ) 
4 114 121 (-576 512 64 ) (-448 512 64 ) (-448 512 128 ) (-576 512 128 ) 
4 114 116 (-576 768 64 ) (-576 512 64 ) (-576 512 128 ) (-576 768 128 ) 
4 114 115 (-576 1024 64 ) (-576 960 64 ) (-576 960 128 ) (-576 1024 128 ) 
4 115 118 (-768 1024 64 ) (-768 960 64 ) (-768 960 128 ) (-768 1024 128 ) 
4 116 117 (-736 704 64 ) (-736 576 64 ) (-736 576 128 ) (-736 704 128 ) 
4 117 119 (-768 704 64 ) (-768 576 64 ) (-768 576 128 ) (-768 704 128 ) 
4 118 120 (-832 1024 64 ) (-832 960 64 ) (-832 960 128 ) (-832 1024 128 ) 
4 119 122 (-832 512 64 ) (-768 512 64 ) (-768 512 128 ) (-832 512 128 ) 
4 119 120 (-832 768 64 ) (-832 512 64 ) (-832 512 128 ) (-832 768 128 ) 
4 120 150 (-1024 1024 128 ) (-1024 1024 64 ) (-1024 960 64 ) (-1024 960 128 ) 
4 120 151 (-1024 768 64 ) (-1024 512 64 ) (-1024 512 128 ) (-1024 768 128 ) 
4 120 122 (-1024 512 64 ) (-832 512 64 ) (-832 512 128 ) (-1024 512 128 ) 
4 121 123 (-576 480 64 ) (-448 480 64 ) (-448 480 128 ) (-576 480 128 ) 
4 122 151 (-1024 512 64 ) (-1024 480 64 ) (-1024 480 128 ) (-1024 512 128 ) 
4 122 133 (-1024 480 64 ) (-992 480 64 ) (-992 480 128 ) (-1024 480 128 ) 
4 122 128 (-880 480 101.333015 ) (-880 480 128 ) (-976 480 128 ) (-976 480 101.333008 ) 
4 122 129 (-976 480 64 ) (-880 480 64 ) (-880 480 96 ) (-976 480 96 ) 
4 122 127 (-880 480 64 ) (-864 480 64 ) (-864 480 128 ) (-880 480 128 ) 
4 122 130 (-992 480 64 ) (-976 480 64 ) (-976 480 128 ) (-992 480 128 ) 
4 122 124 (-864 480 64 ) (-768 480 64 ) (-768 480 128 ) (-864 480 128 ) 
4 123 125 (-704 128 64 ) (-704 64 64 ) (-704 64 128 ) (-704 128 128 ) 
4 124 131 (-864 452 64 ) (-864 448 64 ) (-864 448 128 ) (-864 452 128 ) 
4 124 127 (-864 480 128 ) (-864 480 64 ) (-864 452 64 ) (-864 452 128 ) 
4 124 126 (-864 448 128 ) (-864 448 64 ) (-800 448 64 ) (-800 448 128 ) 
4 125 126 (-800 128 64 ) (-800 64 64 ) (-800 64 128 ) (-800 128 128 ) 
4 126 132 (-864 128 64 ) (-864 64 64 ) (-864 64 128 ) (-864 128 128 ) 
4 127 131 (-880 452 64 ) (-864 452 64 ) (-864 452 128 ) (-880 452 128 ) 
4 127 128 (-880 480 128 ) (-880 480 101.333008 ) (-880 452 112 ) (-880 452 128 ) 
4 127 129 (-880 480 96 ) (-880 480 64 ) (-880 452 64 ) (-880 452 96 ) 
4 128 131 (-880 452 112 ) (-880 452 128 ) (-976 452 128 ) (-976 452 112 ) 
4 128 130 (-976 480 128 ) (-976 480 101.333008 ) (-976 452 112 ) (-976 452 128 ) 
4 129 131 (-976 452 64 ) (-880 452 64 ) (-880 452 96 ) (-976 452 96 ) 
4 129 130 (-976 480 96 ) (-976 480 64 ) (-976 452 64 ) (-976 452 96 ) 
4 130 133 (-992 480 128 ) (-992 480 64 ) (-992 452 64 ) (-992 452 128 ) 
4 130 131 (-992 452 128 ) (-992 452 64 ) (-976 452 64 ) (-976 452 128 ) 
4 131 133 (-992 452 64 ) (-992 448 64 ) (-992 448 128 ) (-992 452 128 ) 
4 132 133 (-992 128 64 ) (-992 64 64 ) (-992 64 128 ) (-992 128 128 ) 
4 133 153 (-1024 128 64 ) (-1024 64 64 ) (-1024 64 128 ) (-1024 128 128 ) 
4 133 152 (-1024 448 64 ) (-1024 128 64 ) (-1024 128 128 ) (-1024 448 128 ) 
4 133 151 (-1024 480 64 ) (-1024 448 64 ) (-1024 448 128 ) (-1024 480 128 ) 
4 135 143 (-1056 64 288 ) (-1056 128 288 ) (-1024 128 288 ) (-1024 64 288 ) 
4 136 150 (-1088 1024 128 ) (-1024 1024 128 ) (-1024 960 128 ) (-1088 960 128 ) 
4 136 138 (-1088 1024 128 ) (-1088 960 128 ) (-1088 960 288 ) (-1088 1024 288 ) 
4 137 151 (-1024 768 128 ) (-1024 512 128 ) (-1088 512 128 ) (-1088 768 128 ) 
4 137 146 (-1088 512 128 ) (-1056 512 128 ) (-1056 512 288 ) (-1088 512 288 ) 
4 137 142 (-1056 512 128 ) (-1024 512 128 ) (-1024 512 288 ) (-1056 512 288 ) 
4 137 139 (-1088 704 128 ) (-1088 576 128 ) (-1088 576 192 ) (-1088 704 192 ) 
4 138 157 (-1472 1024 128 ) (-1120 1024 128 ) (-1120 960 128 ) (-1472 960 128 ) 
4 138 154 (-1120 1024 128 ) (-1088 1024 128 ) (-1088 960 128 ) (-1120 960 128 ) 
4 138 141 (-1472 960 128 ) (-1280 960 128 ) (-1280 960 288 ) (-1472 960 288 ) 
4 139 155 (-1088 704 128 ) (-1088 576 128 ) (-1120 576 128 ) (-1120 704 128 ) 
4 139 140 (-1120 704 128 ) (-1120 576 128 ) (-1120 576 192 ) (-1120 704 192 ) 
4 140 158 (-1120 512 128 ) (-1280 512 128 ) (-1280 768 128 ) (-1120 768 128 ) 
4 140 141 (-1280 768 128 ) (-1280 512 128 ) (-1280 512 288 ) (-1280 768 288 ) 
4 141 159 (-1280 512 128 ) (-1472 512 128 ) (-1472 960 128 ) (-1280 960 128 ) 
4 141 147 (-1408 512 128 ) (-1280 512 128 ) (-1280 512 192 ) (-1408 512 192 ) 
4 142 151 (-1024 512 128 ) (-1024 448 128 ) (-1056 448 128 ) (-1056 512 128 ) 
4 142 148 (-1056 480 128 ) (-1056 448 128 ) (-1056 448 288 ) (-1056 480 288 ) 
4 142 146 (-1056 512 288 ) (-1056 512 128 ) (-1056 480 128 ) (-1056 480 288 ) 
4 143 144 (-1024 64 256 ) (-1056 64 256 ) (-1056 128 256 ) (-1024 128 256 ) 
4 144 145 (-1024 64 224 ) (-1056 64 224 ) (-1056 128 224 ) (-1024 128 224 ) 
4 145 153 (-1024 128 128 ) (-1024 64 128 ) (-1056 64 128 ) (-1056 128 128 ) 
4 146 151 (-1088 512 128 ) (-1056 512 128 ) (-1056 480 128 ) (-1088 480 128 ) 
4 146 148 (-1088 480 128 ) (-1056 480 128 ) (-1056 480 288 ) (-1088 480 288 ) 
4 147 160 (-1408 512 128 ) (-1280 512 128 ) (-1280 480 128 ) (-1408 480 128 ) 
4 147 149 (-1408 480 128 ) (-1280 480 128 ) (-1280 480 192 ) (-1408 480 192 ) 
4 148 151 (-1088 448 128 ) (-1088 480 128 ) (-1056 480 128 ) (-1056 448 128 ) 
4 149 162 (-1152 0 128 ) (-1536 0 128 ) (-1536 480 128 ) (-1152 480 128 ) 
4 150 154 (-1088 1024 64 ) (-1088 960 64 ) (-1088 960 128 ) (-1088 1024 128 ) 
4 151 155 (-1088 704 64 ) (-1088 576 64 ) (-1088 576 128 ) (-1088 704 128 ) 
4 151 152 (-1056 448 64 ) (-1024 448 64 ) (-1024 448 128 ) (-1056 448 128 ) 
4 152 153 (-1056 128 64 ) (-1024 128 64 ) (-1024 128 128 ) (-1056 128 128 ) 
4 153 156 (-1088 128 64 ) (-1088 64 64 ) (-1088 64 128 ) (-1088 128 128 ) 
4 154 157 (-1120 1024 64 ) (-1120 960 64 ) (-1120 960 128 ) (-1120 1024 128 ) 
4 155 158 (-1120 704 64 ) (-1120 576 64 ) (-1120 576 128 ) (-1120 704 128 ) 
4 156 161 (-1120 128 64 ) (-1120 64 64 ) (-1120 64 128 ) (-1120 128 128 ) 
4 157 159 (-1472 960 64 ) (-1280 960 64 ) (-1280 960 128 ) (-1472 960 128 ) 
4 158 159 (-1280 768 64 ) (-1280 512 64 ) (-1280 512 128 ) (-1280 768 128 ) 
4 159 160 (-1408 512 64 ) (-1280 512 64 ) (-1280 512 128 ) (-1408 512 128 ) 
4 160 162 (-1408 480 64 ) (-1280 480 64 ) (-1280 480 128 ) (-1408 480 128 ) 
4 161 162 (-1152 128 64 ) (-1152 64 64 ) (-1152 64 128 ) (-1152 128 128 ) 
