PRT1
162
334
4 0 3 (2048 2048 0 ) (2048 2048 768 ) (2048 2176 768 ) (2048 2176 0 ) 
4 0 2 (2048 2048 32 ) (2048 2048 0 ) (2560 2048 0 ) (2560 2048 32 ) 
4 0 1 (2048 2048 768 ) (2048 2048 32 ) (2560 2048 32 ) (2560 2048 768 ) 
4 1 9 (2560 1024 32 ) (2560 1024 768 ) (2048 1024 768 ) (2048 1024 32 ) 
4 1 6 (2048 1024 32 ) (2048 1024 768 ) (2048 1664 768 ) (2048 1664 32 ) 
4 1 5 (2048 1664 768 ) (2048 2048 768 ) (2048 2048 32 ) (2048 1664 32 ) 
4 1 2 (2048 1664 32 ) (2048 2048 32 ) (2560 2048 32 ) (2560 1664 32 ) 
4 2 5 (2048 1664 32 ) (2048 2048 32 ) (2048 2048 0 ) (2048 1664 0 ) 
4 3 5 (2048 2048 0 ) (2048 2048 768 ) (1024 2048 768 ) (1024 2048 0 ) 
4 3 4 (1024 2048 0 ) (1024 2048 768 ) (1024 2176 768 ) (1024 2176 0 ) 
4 4 14 (0 2048 0 ) (0 2048 768 ) (0 2176 768 ) (0 2176 0 ) 
4 4 7 (0 2048 768 ) (0 2048 0 ) (1024 2048 0 ) (1024 2048 768 ) 
4 5 7 (1024 2048 768 ) (1024 2048 0 ) (1024 1664 0 ) (1024 1664 768 ) 
4 5 6 (2048 1664 32 ) (2048 1664 768 ) (1024 1664 768 ) (1024 1664 32 ) 
4 6 10 (2048 1024 32 ) (2048 1024 768 ) (1024 1024 768 ) (1024 1024 32 ) 
4 6 8 (1024 1024 32 ) (1024 1024 768 ) (1024 1664 768 ) (1024 1664 32 ) 
4 7 24 (0 2048 32 ) (0 2048 0 ) (0 1664 0 ) (0 1664 32 ) 
4 7 23 (0 1664 768 ) (0 2048 768 ) (0 2048 32 ) (0 1664 32 ) 
4 7 8 (1024 1664 32 ) (1024 1664 768 ) (0 1664 768 ) (0 1664 32 ) 
4 8 23 (0 1024 32 ) (0 1024 768 ) (0 1664 768 ) (0 1664 32 ) 
4 8 11 (1024 1024 32 ) (1024 1024 768 ) (0 1024 768 ) (0 1024 32 ) 
4 9 10 (2048 1024 768 ) (2048 1024 0 ) (2048 512 0 ) (2048 512 768 ) 
4 10 11 (1024 1024 768 ) (1024 1024 0 ) (1024 512 0 ) (1024 512 768 ) 
4 11 138 (0 512 0 ) (0 512 64 ) (0 1024 64 ) (0 1024 0 ) 
4 11 117 (0 512 64 ) (0 512 128 ) (0 1024 128 ) (0 1024 64 ) 
4 11 101 (0 512 128 ) (0 512 288 ) (0 1024 288 ) (0 1024 128 ) 
4 11 97 (0 512 288 ) (0 512 384 ) (0 1024 384 ) (0 1024 288 ) 
4 11 95 (0 512 384 ) (0 512 448 ) (0 1024 448 ) (0 1024 384 ) 
4 11 94 (0 512 448 ) (0 512 768 ) (0 1024 768 ) (0 1024 448 ) 
4 12 17 (-1024 2304 96 ) (-1024 2304 320 ) (-1024 2496 320 ) (-1024 2496 96 ) 
4 12 13 (-1024 2304 320 ) (-1024 2304 96 ) (-640 2304 96 ) (-640 2304 320 ) 
4 13 18 (-1024 2176 64 ) (-1024 2176 352 ) (-1024 2304 352 ) (-1024 2304 64 ) 
4 13 16 (-576 2176 64 ) (-576 2176 352 ) (-1024 2176 352 ) (-1024 2176 64 ) 
4 14 24 (0 2048 0 ) (0 2048 32 ) (-32 2048 32 ) (-32 2048 0 ) 
4 14 23 (0 2048 32 ) (0 2048 768 ) (-32 2048 768 ) (-32 2048 32 ) 
4 15 28 (-384 2048 96 ) (-384 2048 318.116028 ) (-576 2048 318.116028 ) (-576 2048 96 ) 
4 15 16 (-576 2176 318.116028 ) (-576 2176 96 ) (-576 2048 96 ) (-576 2048 318.116028 ) 
4 16 34 (-960 2048 352 ) (-992 2048 352 ) (-992 2048 64 ) (-960 2048 64 ) 
4 16 33 (-832 2048 352 ) (-960 2048 352 ) (-960 2048 64 ) (-832 2048 64 ) 
4 16 35 (-992 2048 352 ) (-1024 2048 352 ) (-1024 2048 64 ) (-992 2048 64 ) 
4 16 30 (-576 2048 64 ) (-576 2048 352 ) (-832 2048 352 ) (-832 2048 64 ) 
4 16 18 (-1024 2048 64 ) (-1024 2048 352 ) (-1024 2176 352 ) (-1024 2176 64 ) 
4 17 18 (-1216 2304 320 ) (-1216 2304 96 ) (-1024 2304 96 ) (-1024 2304 320 ) 
4 18 38 (-1024 2048 64 ) (-1024 2048 352 ) (-1216 2048 352 ) (-1216 2048 64 ) 
4 18 19 (-1216 2048 64 ) (-1216 2048 352 ) (-1216 2304 352 ) (-1216 2304 64 ) 
4 19 38 (-1216 2048 64 ) (-1216 2048 352 ) (-1280 2048 352 ) (-1280 2048 64 ) 
4 20 75 (-2048 2048 32 ) (-2048 2048 256 ) (-2048 2432 256 ) (-2048 2432 32 ) 
4 20 57 (-2048 2048 64 ) (-2048 2048 32 ) (-1984 2048 32 ) (-1984 2048 64 ) 
4 20 56 (-1984 2048 32 ) (-1728 2048 32 ) (-1728 2048 64 ) (-1984 2048 64 ) 
4 20 50 (-2048 2048 256 ) (-2048 2048 64 ) (-1728 2048 64 ) (-1728 2048 256 ) 
4 20 21 (-2048 2336 32 ) (-2048 2432 32 ) (-1728 2432 32 ) (-1728 2336 32 ) 
4 20 22 (-1728 2048 32 ) (-2048 2048 32 ) (-2048 2336 32 ) (-1728 2336 32 ) 
4 21 79 (-2048 2336 32 ) (-2048 2432 32 ) (-2048 2432 -64 ) (-2048 2336 -64 ) 
4 21 22 (-2048 2336 -64 ) (-1728 2336 -64 ) (-1728 2336 32 ) (-2048 2336 32 ) 
4 22 80 (-2048 2048 -64 ) (-2048 2048 32 ) (-2048 2336 32 ) (-2048 2336 -64 ) 
4 22 71 (-2048 2048 32 ) (-2048 2048 -64 ) (-2016 2048 -64 ) (-2016 2048 32 ) 
4 22 62 (-2016 2048 -64 ) (-1728 2048 -64 ) (-1728 2048 32 ) (-2016 2048 32 ) 
4 23 138 (0 1024 32 ) (0 1024 64 ) (-32 1024 64 ) (-32 1024 32 ) 
4 23 117 (0 1024 64 ) (0 1024 128 ) (-32 1024 128 ) (-32 1024 64 ) 
4 23 101 (0 1024 128 ) (0 1024 288 ) (-32 1024 288 ) (-32 1024 128 ) 
4 23 97 (0 1024 288 ) (0 1024 384 ) (-32 1024 384 ) (-32 1024 288 ) 
4 23 95 (0 1024 384 ) (0 1024 448 ) (-32 1024 448 ) (-32 1024 384 ) 
4 23 94 (0 1024 448 ) (0 1024 768 ) (-32 1024 768 ) (-32 1024 448 ) 
4 23 25 (-32 1024 64 ) (-32 1024 768 ) (-32 1664 768 ) (-32 1664 64 ) 
4 23 24 (-32 1664 32 ) (-32 2048 32 ) (0 2048 32 ) (0 1664 32 ) 
4 25 27 (-352 1280 192 ) (-352 1280 64 ) (-352 1152 64 ) (-352 1152 192 ) 
4 25 26 (-352 1536 192 ) (-352 1536 64 ) (-352 1408 64 ) (-352 1408 192 ) 
4 26 29 (-384 1536 192 ) (-384 1536 64 ) (-384 1408 64 ) (-384 1408 192 ) 
4 27 29 (-384 1280 192 ) (-384 1280 64 ) (-384 1152 64 ) (-384 1152 192 ) 
4 28 30 (-576 2048 318.116028 ) (-576 2048 96 ) (-576 1792 96 ) (-576 1792 318.116028 ) 
4 29 118 (-384 1024 64 ) (-384 1024 128 ) (-576 1024 128 ) (-576 1024 64 ) 
4 29 102 (-384 1024 128 ) (-384 1024 288 ) (-576 1024 288 ) (-576 1024 128 ) 
4 29 32 (-576 1024 64 ) (-576 1024 288 ) (-576 1216 288 ) (-576 1216 64 ) 
4 29 31 (-576 1280 288 ) (-576 1536 288 ) (-576 1536 64 ) (-576 1280 64 ) 
4 29 30 (-576 1600 288 ) (-576 1728 288 ) (-576 1728 64 ) (-576 1600 64 ) 
4 30 36 (-832 1600 352 ) (-832 1984 352 ) (-832 1984 64 ) (-832 1600 64 ) 
4 30 33 (-832 1984 352 ) (-832 2048 352 ) (-832 2048 64 ) (-832 1984 64 ) 
4 31 37 (-832 1536 288 ) (-832 1536 64 ) (-832 1280 64 ) (-832 1280 288 ) 
4 32 122 (-768 1024 128 ) (-832 1024 128 ) (-832 1024 64 ) (-768 1024 64 ) 
4 32 119 (-576 1024 64 ) (-576 1024 128 ) (-768 1024 128 ) (-768 1024 64 ) 
4 32 107 (-768 1024 288 ) (-832 1024 288 ) (-832 1024 128 ) (-768 1024 128 ) 
4 32 105 (-736 1024 288 ) (-768 1024 288 ) (-768 1024 128 ) (-736 1024 128 ) 
4 32 103 (-576 1024 128 ) (-576 1024 288 ) (-736 1024 288 ) (-736 1024 128 ) 
4 32 37 (-832 1024 64 ) (-832 1024 288 ) (-832 1216 288 ) (-832 1216 64 ) 
4 33 36 (-960 1984 64 ) (-832 1984 64 ) (-832 1984 352 ) (-960 1984 352 ) 
4 33 34 (-960 2048 64 ) (-960 2016 64 ) (-960 2016 352 ) (-960 2048 352 ) 
4 34 35 (-992 2048 64 ) (-992 2016 64 ) (-992 2016 352 ) (-992 2048 352 ) 
4 35 38 (-1024 2048 352 ) (-1024 2048 64 ) (-1024 1984 64 ) (-1024 1984 352 ) 
4 35 36 (-1024 1984 64 ) (-992 1984 64 ) (-992 1984 352 ) (-1024 1984 352 ) 
4 36 38 (-1024 1984 64 ) (-1024 1600 64 ) (-1024 1600 352 ) (-1024 1984 352 ) 
4 36 37 (-1024 1600 64 ) (-832 1600 64 ) (-832 1600 288 ) (-1024 1600 288 ) 
4 37 124 (-832 1024 64 ) (-832 1024 128 ) (-1024 1024 128 ) (-1024 1024 64 ) 
4 37 109 (-832 1024 128 ) (-832 1024 288 ) (-1024 1024 288 ) (-1024 1024 128 ) 
4 37 40 (-1024 1216 64 ) (-1024 1024 64 ) (-1024 1024 288 ) (-1024 1216 288 ) 
4 37 39 (-1024 1536 64 ) (-1024 1280 64 ) (-1024 1280 288 ) (-1024 1536 288 ) 
4 38 42 (-1280 1728 64 ) (-1280 1600 64 ) (-1280 1600 288 ) (-1280 1728 288 ) 
4 38 41 (-1280 1968 64 ) (-1280 1840 64 ) (-1280 1840 192 ) (-1280 1968 192 ) 
4 39 42 (-1280 1536 64 ) (-1280 1280 64 ) (-1280 1280 288 ) (-1280 1536 288 ) 
4 40 156 (-1120 1024 128 ) (-1280 1024 128 ) (-1280 1024 64 ) (-1120 1024 64 ) 
4 40 153 (-1088 1024 128 ) (-1120 1024 128 ) (-1120 1024 64 ) (-1088 1024 64 ) 
4 40 149 (-1024 1024 64 ) (-1024 1024 128 ) (-1088 1024 128 ) (-1088 1024 64 ) 
4 40 141 (-1088 1024 288 ) (-1280 1024 288 ) (-1280 1024 128 ) (-1088 1024 128 ) 
4 40 139 (-1024 1024 128 ) (-1024 1024 288 ) (-1088 1024 288 ) (-1088 1024 128 ) 
4 40 42 (-1280 1216 64 ) (-1280 1024 64 ) (-1280 1024 288 ) (-1280 1216 288 ) 
4 41 43 (-1312 1968 64 ) (-1312 1840 64 ) (-1312 1840 192 ) (-1312 1968 192 ) 
4 42 156 (-1312 1024 128 ) (-1312 1024 64 ) (-1280 1024 64 ) (-1280 1024 128 ) 
4 42 141 (-1312 1024 288 ) (-1312 1024 128 ) (-1280 1024 128 ) (-1280 1024 288 ) 
4 42 44 (-1312 1728 64 ) (-1312 1024 64 ) (-1312 1024 288 ) (-1312 1728 288 ) 
4 43 45 (-1472 2016 64 ) (-1472 1792 64 ) (-1472 1792 288 ) (-1472 2016 288 ) 
4 44 156 (-1472 1024 128 ) (-1472 1024 64 ) (-1312 1024 64 ) (-1312 1024 128 ) 
4 44 141 (-1472 1024 288 ) (-1472 1024 128 ) (-1312 1024 128 ) (-1312 1024 288 ) 
4 44 48 (-1472 1200 64 ) (-1472 1072 64 ) (-1472 1072 192 ) (-1472 1200 192 ) 
4 44 47 (-1472 1488 64 ) (-1472 1360 64 ) (-1472 1360 192 ) (-1472 1488 192 ) 
4 44 46 (-1472 1704 64 ) (-1472 1656 64 ) (-1472 1656 173 ) (-1472 1704 173 ) 
4 45 49 (-1504 2016 64 ) (-1504 1792 64 ) (-1504 1792 288 ) (-1504 2016 288 ) 
4 46 52 (-1504 1704 64 ) (-1504 1656 64 ) (-1504 1656 173 ) (-1504 1704 173 ) 
4 47 53 (-1504 1488 64 ) (-1504 1360 64 ) (-1504 1360 192 ) (-1504 1488 192 ) 
4 48 54 (-1504 1200 64 ) (-1504 1072 64 ) (-1504 1072 192 ) (-1504 1200 192 ) 
4 50 84 (-2048 2048 256 ) (-2048 2048 64 ) (-2048 1760 64 ) (-2048 1760 256 ) 
4 50 60 (-2048 1888 64 ) (-2048 1968 64 ) (-2016 1968 64 ) (-2016 1888 64 ) 
4 50 59 (-2016 1968 64 ) (-2000 1968 64 ) (-2000 1888 64 ) (-2016 1888 64 ) 
4 50 58 (-2000 1968 64 ) (-1984 1968 64 ) (-1984 1888 64 ) (-2000 1888 64 ) 
4 50 57 (-2048 1968 64 ) (-2048 2048 64 ) (-1984 2048 64 ) (-1984 1968 64 ) 
4 50 61 (-2048 1760 64 ) (-2048 1888 64 ) (-1984 1888 64 ) (-1984 1760 64 ) 
4 50 56 (-1984 2048 64 ) (-1728 2048 64 ) (-1728 1984 64 ) (-1984 1984 64 ) 
4 50 55 (-1920 1760 64 ) (-1824 1760 64 ) (-1824 1760 192 ) (-1920 1760 192 ) 
4 50 51 (-1824 1760 64 ) (-1728 1760 64 ) (-1728 1760 192 ) (-1824 1760 192 ) 
4 51 55 (-1824 1760 192 ) (-1824 1760 64 ) (-1824 1728 64 ) (-1824 1728 192 ) 
4 51 52 (-1824 1728 192 ) (-1824 1728 64 ) (-1728 1728 64 ) (-1728 1728 192 ) 
4 52 55 (-1824 1728 64 ) (-1824 1632 64 ) (-1824 1632 192 ) (-1824 1728 192 ) 
4 56 62 (-1984 2048 32 ) (-1728 2048 32 ) (-1728 1984 32 ) (-1984 1984 32 ) 
4 56 57 (-1984 2048 32 ) (-1984 1984 32 ) (-1984 1984 64 ) (-1984 2048 64 ) 
4 57 85 (-2048 2048 40 ) (-2048 2048 32 ) (-2048 1968 32 ) (-2048 1968 40 ) 
4 57 84 (-2048 1968 64 ) (-2048 2048 64 ) (-2048 2048 40 ) (-2048 1968 40 ) 
4 57 71 (-2048 1968 32 ) (-2048 2048 32 ) (-2016 2048 32 ) (-2016 1968 32 ) 
4 57 65 (-1984 1984 32 ) (-1984 1968 32 ) (-2016 1968 32 ) (-2016 1984 32 ) 
4 57 62 (-2016 2048 32 ) (-1984 2048 32 ) (-1984 1984 32 ) (-2016 1984 32 ) 
4 57 60 (-2016 1968 40 ) (-2016 1968 64 ) (-2048 1968 64 ) (-2048 1968 40 ) 
4 57 59 (-2000 1968 48 ) (-2000 1968 64 ) (-2016 1968 64 ) (-2016 1968 48 ) 
4 57 58 (-1984 1968 56 ) (-1984 1968 64 ) (-2000 1968 64 ) (-2000 1968 56 ) 
4 58 59 (-2000 1968 64 ) (-2000 1968 56 ) (-2000 1888 56 ) (-2000 1888 64 ) 
4 58 61 (-1984 1888 56 ) (-1984 1888 64 ) (-2000 1888 64 ) (-2000 1888 56 ) 
4 59 60 (-2016 1968 64 ) (-2016 1968 48 ) (-2016 1888 48 ) (-2016 1888 64 ) 
4 59 61 (-2000 1888 48 ) (-2000 1888 64 ) (-2016 1888 64 ) (-2016 1888 48 ) 
4 60 84 (-2048 1888 64 ) (-2048 1968 64 ) (-2048 1968 40 ) (-2048 1888 40 ) 
4 60 61 (-2016 1888 40 ) (-2016 1888 64 ) (-2048 1888 64 ) (-2048 1888 40 ) 
4 61 86 (-2048 1888 40 ) (-2048 1888 32 ) (-2048 1760 32 ) (-2048 1760 40 ) 
4 61 84 (-2048 1760 64 ) (-2048 1888 64 ) (-2048 1888 40 ) (-2048 1760 40 ) 
4 61 74 (-2048 1760 32 ) (-2048 1888 32 ) (-2016 1888 32 ) (-2016 1760 32 ) 
4 61 70 (-2016 1888 32 ) (-1984 1888 32 ) (-1984 1760 32 ) (-2016 1760 32 ) 
4 62 71 (-2016 2048 -64 ) (-2016 1984 -64 ) (-2016 1984 32 ) (-2016 2048 32 ) 
4 62 65 (-2016 1984 32 ) (-2016 1984 -64 ) (-1984 1984 -64 ) (-1984 1984 32 ) 
4 62 63 (-1984 1984 -64 ) (-1728 1984 -64 ) (-1728 1984 0 ) (-1984 1984 0 ) 
4 63 66 (-1984 1968 -64 ) (-1984 1920 -64 ) (-1984 1920 0 ) (-1984 1968 0 ) 
4 63 65 (-1984 1984 0 ) (-1984 1984 -64 ) (-1984 1968 -64 ) (-1984 1968 0 ) 
4 63 64 (-1984 1920 0 ) (-1984 1920 -64 ) (-1728 1920 -64 ) (-1728 1920 0 ) 
4 64 67 (-1984 1920 -64 ) (-1984 1888 -64 ) (-1984 1888 0 ) (-1984 1920 0 ) 
4 64 70 (-1984 1888 -64 ) (-1984 1760 -64 ) (-1984 1760 0 ) (-1984 1888 0 ) 
4 65 71 (-2016 1984 -64 ) (-2016 1968 -64 ) (-2016 1968 32 ) (-2016 1984 32 ) 
4 65 68 (-2016 1968 16 ) (-2016 1968 -64 ) (-2000 1968 -64 ) (-2000 1968 16 ) 
4 65 66 (-2000 1968 -64 ) (-1984 1968 -64 ) (-1984 1968 32 ) (-2000 1968 32 ) 
4 66 68 (-2000 1968 16 ) (-2000 1968 -64 ) (-2000 1920 -64 ) (-2000 1920 16 ) 
4 66 67 (-2000 1920 32 ) (-2000 1920 -64 ) (-1984 1920 -64 ) (-1984 1920 32 ) 
4 67 69 (-2000 1920 -64 ) (-2000 1888 -64 ) (-2000 1888 16 ) (-2000 1920 16 ) 
4 67 70 (-2000 1888 -64 ) (-1984 1888 -64 ) (-1984 1888 32 ) (-2000 1888 32 ) 
4 68 72 (-2016 1968 -64 ) (-2016 1920 -64 ) (-2016 1920 0 ) (-2016 1968 0 ) 
4 68 69 (-2016 1920 16 ) (-2016 1920 -64 ) (-2000 1920 -64 ) (-2000 1920 16 ) 
4 69 73 (-2016 1920 -64 ) (-2016 1888 -64 ) (-2016 1888 0 ) (-2016 1920 0 ) 
4 69 70 (-2016 1888 16 ) (-2016 1888 -64 ) (-2000 1888 -64 ) (-2000 1888 16 ) 
4 70 74 (-2016 1888 -64 ) (-2016 1760 -64 ) (-2016 1760 32 ) (-2016 1888 32 ) 
4 71 88 (-2048 1968 32 ) (-2048 2048 32 ) (-2048 2048 -64 ) (-2048 1968 -64 ) 
4 71 72 (-2048 1968 -64 ) (-2016 1968 -64 ) (-2016 1968 0 ) (-2048 1968 0 ) 
4 72 89 (-2048 1968 0 ) (-2048 1968 -64 ) (-2048 1920 -64 ) (-2048 1920 0 ) 
4 72 73 (-2048 1920 -64 ) (-2016 1920 -64 ) (-2016 1920 0 ) (-2048 1920 0 ) 
4 73 90 (-2048 1920 -64 ) (-2048 1888 -64 ) (-2048 1888 0 ) (-2048 1920 0 ) 
4 73 74 (-2048 1888 -64 ) (-2016 1888 -64 ) (-2016 1888 0 ) (-2048 1888 0 ) 
4 74 93 (-2048 1760 -64 ) (-2048 1760 32 ) (-2048 1888 32 ) (-2048 1888 -64 ) 
4 75 85 (-2048 2048 32 ) (-2048 2048 40 ) (-2192 2048 40 ) (-2192 2048 32 ) 
4 75 87 (-2192 2048 40 ) (-2432 2048 40 ) (-2432 2048 32 ) (-2192 2048 32 ) 
4 75 84 (-2048 2048 40 ) (-2048 2048 256 ) (-2432 2048 256 ) (-2432 2048 40 ) 
4 75 80 (-2048 2048 32 ) (-2432 2048 32 ) (-2432 2336 32 ) (-2048 2336 32 ) 
4 75 79 (-2432 2336 32 ) (-2432 2432 32 ) (-2048 2432 32 ) (-2048 2336 32 ) 
6 75 76 (-2432 2130 32 ) (-2432 2094 32 ) (-2432 2100 36 ) (-2432 2108 40 ) (-2432 2116 40 ) (-2432 2124 36 ) 
4 76 81 (-2464 2094 32 ) (-2464 2130 32 ) (-2432 2130 32 ) (-2432 2094 32 ) 
6 76 77 (-2464 2130 32 ) (-2464 2094 32 ) (-2464 2100 36 ) (-2464 2108 40 ) (-2464 2116 40 ) (-2464 2124 36 ) 
4 77 82 (-2464 2048 32 ) (-2592 2048 32 ) (-2592 2176 32 ) (-2464 2176 32 ) 
6 77 78 (-2592 2130 32 ) (-2592 2094 32 ) (-2592 2100 36 ) (-2592 2108 40 ) (-2592 2116 40 ) (-2592 2124 36 ) 
4 78 83 (-2624 2094 32 ) (-2624 2130 32 ) (-2592 2130 32 ) (-2592 2094 32 ) 
4 79 80 (-2432 2336 32 ) (-2432 2336 -64 ) (-2048 2336 -64 ) (-2048 2336 32 ) 
4 80 88 (-2048 2048 -64 ) (-2048 2048 32 ) (-2432 2048 32 ) (-2432 2048 -64 ) 
17 80 81 (-2432 2094 32 ) (-2432 2130 32 ) (-2432 2136 28 ) (-2432 2144 20 ) (-2432 2148 12 ) (-2432 2148 -8 ) (-2432 2144 -20 ) (-2432 2128 -36 ) (-2432 2116.001221 -40 ) (-2432 2112 -40 ) (-2432 2100 -36 ) (-2432 2088 -28 ) (-2432 2079.996094 -19.995949 ) (-2432 2072 -4.003900 ) (-2432 2072 4 ) (-2432 2080 20 ) (-2432 2088 28 ) 
17 81 82 (-2464 2094 32 ) (-2464 2130 32 ) (-2464 2136 28 ) (-2464 2144 20 ) (-2464 2148 12 ) (-2464 2148 -8 ) (-2464 2144 -20 ) (-2464 2128 -36 ) (-2464 2116.001221 -40 ) (-2464 2112 -40 ) (-2464 2100 -36 ) (-2464 2088 -28 ) (-2464 2079.996094 -19.995949 ) (-2464 2072 -4.003900 ) (-2464 2072 4 ) (-2464 2080 20 ) (-2464 2088 28 ) 
17 82 83 (-2592 2094 32 ) (-2592 2130 32 ) (-2592 2136 28 ) (-2592 2144 20 ) (-2592 2148 12 ) (-2592 2148 -8 ) (-2592 2144 -20 ) (-2592 2128 -36 ) (-2592 2116.001221 -40 ) (-2592 2112 -40 ) (-2592 2100 -36 ) (-2592 2088 -28 ) (-2592 2079.995850 -19.995613 ) (-2592 2072 -4.004051 ) (-2592 2072 4 ) (-2592 2080 20 ) (-2592 2088 28 ) 
4 84 85 (-2192 1968 40 ) (-2192 2048 40 ) (-2048 2048 40 ) (-2048 1968 40 ) 
4 84 86 (-2048 1760 40 ) (-2192 1760 40 ) (-2192 1888 40 ) (-2048 1888 40 ) 
4 84 87 (-2192 1760 40 ) (-2432 1760 40 ) (-2432 2048 40 ) (-2192 2048 40 ) 
4 85 88 (-2192 2048 32 ) (-2048 2048 32 ) (-2048 1968 32 ) (-2192 1968 32 ) 
4 85 87 (-2192 2048 32 ) (-2192 1968 32 ) (-2192 1968 40 ) (-2192 2048 40 ) 
4 86 93 (-2048 1888 32 ) (-2048 1760 32 ) (-2192 1760 32 ) (-2192 1888 32 ) 
4 86 87 (-2192 1888 32 ) (-2192 1760 32 ) (-2192 1760 40 ) (-2192 1888 40 ) 
4 87 93 (-2432 1760 32 ) (-2432 1888 32 ) (-2192 1888 32 ) (-2192 1760 32 ) 
4 87 92 (-2432 1888 32 ) (-2432 1920 32 ) (-2192 1920 32 ) (-2192 1888 32 ) 
4 87 91 (-2432 1920 32 ) (-2432 1968 32 ) (-2192 1968 32 ) (-2192 1920 32 ) 
4 87 88 (-2432 1968 32 ) (-2432 2048 32 ) (-2192 2048 32 ) (-2192 1968 32 ) 
4 88 91 (-2432 1968 32 ) (-2432 1968 -64 ) (-2192 1968 -64 ) (-2192 1968 32 ) 
4 88 89 (-2192 1968 -64 ) (-2048 1968 -64 ) (-2048 1968 0 ) (-2192 1968 0 ) 
4 89 91 (-2192 1968 0 ) (-2192 1968 -64 ) (-2192 1920 -64 ) (-2192 1920 0 ) 
4 89 90 (-2192 1920 0 ) (-2192 1920 -64 ) (-2048 1920 -64 ) (-2048 1920 0 ) 
4 90 93 (-2192 1888 -64 ) (-2048 1888 -64 ) (-2048 1888 0 ) (-2192 1888 0 ) 
4 90 92 (-2192 1920 -64 ) (-2192 1888 -64 ) (-2192 1888 0 ) (-2192 1920 0 ) 
4 91 92 (-2432 1920 32 ) (-2432 1920 -64 ) (-2192 1920 -64 ) (-2192 1920 32 ) 
4 92 93 (-2432 1888 32 ) (-2432 1888 -64 ) (-2192 1888 -64 ) (-2192 1888 32 ) 
4 94 95 (0 512 448 ) (-32 512 448 ) (-32 1024 448 ) (0 1024 448 ) 
4 95 97 (-32 1024 384 ) (0 1024 384 ) (0 512 384 ) (-32 512 384 ) 
5 96 98 (-1024 608 384 ) (-1024 608.002563 384 ) (-928.001343 704.001221 384 ) (-832 608 384 ) (-928 512 384 ) 
4 97 101 (-32 1024 288 ) (0 1024 288 ) (0 512 288 ) (-32 512 288 ) 
4 98 99 (-928.003906 512.003906 352 ) (-1024.001221 608.001282 352 ) (-928 704 352 ) (-832 608 352 ) 
5 99 100 (-832 608 320 ) (-928 512 320 ) (-1024 608 320 ) (-1024 608.002625 320 ) (-928.001282 704.001282 320 ) 
4 100 111 (-1024 512 288 ) (-1024 704 288 ) (-832 704 288 ) (-832 512 288 ) 
4 101 117 (-32 1024 128 ) (0 1024 128 ) (0 512 128 ) (-32 512 128 ) 
4 102 118 (-576 1024 128 ) (-384 1024 128 ) (-384 512 128 ) (-576 512 128 ) 
4 102 112 (-576 512 128 ) (-448 512 128 ) (-448 512 192 ) (-576 512 192 ) 
4 102 103 (-576 1024 128 ) (-576 960 128 ) (-576 960 288 ) (-576 1024 288 ) 
4 102 104 (-576 768 128 ) (-576 512 128 ) (-576 512 288 ) (-576 768 288 ) 
4 103 119 (-736 1024 128 ) (-576 1024 128 ) (-576 960 128 ) (-736 960 128 ) 
4 103 105 (-736 1024 128 ) (-736 960 128 ) (-736 960 288 ) (-736 1024 288 ) 
4 104 120 (-576 768 128 ) (-576 512 128 ) (-736 512 128 ) (-736 768 128 ) 
4 104 106 (-736 704 128 ) (-736 576 128 ) (-736 576 192 ) (-736 704 192 ) 
4 105 119 (-768 1024 128 ) (-736 1024 128 ) (-736 960 128 ) (-768 960 128 ) 
4 105 107 (-768 1024 128 ) (-768 960 128 ) (-768 960 288 ) (-768 1024 288 ) 
4 106 121 (-736 704 128 ) (-736 576 128 ) (-768 576 128 ) (-768 704 128 ) 
4 106 108 (-768 704 128 ) (-768 576 128 ) (-768 576 192 ) (-768 704 192 ) 
4 107 122 (-832 1024 128 ) (-768 1024 128 ) (-768 960 128 ) (-832 960 128 ) 
4 107 109 (-832 1024 128 ) (-832 960 128 ) (-832 960 288 ) (-832 1024 288 ) 
4 108 123 (-768 768 128 ) (-768 512 128 ) (-832 512 128 ) (-832 768 128 ) 
4 108 113 (-832 512 128 ) (-768 512 128 ) (-768 512 288 ) (-832 512 288 ) 
4 108 111 (-832 768 128 ) (-832 512 128 ) (-832 512 288 ) (-832 768 288 ) 
4 109 139 (-1024 1024 288 ) (-1024 1024 128 ) (-1024 960 128 ) (-1024 960 288 ) 
4 109 124 (-1024 832 128 ) (-1024 1024 128 ) (-832 1024 128 ) (-832 832 128 ) 
4 109 110 (-1024 832 128 ) (-832 832 128 ) (-832 832 256 ) (-1024 832 256 ) 
4 110 124 (-1024 768 128 ) (-1024 832 128 ) (-832 832 128 ) (-832 768 128 ) 
4 110 111 (-1024 768 128 ) (-832 768 128 ) (-832 768 256 ) (-1024 768 256 ) 
4 111 140 (-1024 768 128 ) (-1024 512 128 ) (-1024 512 288 ) (-1024 768 288 ) 
4 111 124 (-1024 512 128 ) (-1024 768 128 ) (-832 768 128 ) (-832 512 128 ) 
4 111 113 (-1024 512 128 ) (-832 512 128 ) (-832 512 288 ) (-1024 512 288 ) 
4 112 125 (-576 512 128 ) (-448 512 128 ) (-448 480 128 ) (-576 480 128 ) 
4 112 114 (-576 480 128 ) (-448 480 128 ) (-448 480 192 ) (-576 480 192 ) 
4 113 145 (-1024 512 128 ) (-1024 480 128 ) (-1024 480 288 ) (-1024 512 288 ) 
4 113 126 (-1024 480 128 ) (-1024 512 128 ) (-768 512 128 ) (-768 480 128 ) 
4 113 115 (-1024 480 128 ) (-768 480 128 ) (-768 480 288 ) (-1024 480 288 ) 
4 114 127 (-704 480 128 ) (-320 480 128 ) (-320 448 128 ) (-704 448 128 ) 
4 114 116 (-704 448 128 ) (-320 448 128 ) (-320 448 288 ) (-704 448 288 ) 
4 115 147 (-1024 480 128 ) (-1024 448 128 ) (-1024 448 288 ) (-1024 480 288 ) 
4 115 137 (-1024 448 128 ) (-1024 480 128 ) (-992 480 128 ) (-992 448 128 ) 
4 115 135 (-864 452 128 ) (-864 448 128 ) (-992 448 128 ) (-992 452 128 ) 
4 115 132 (-976 480 128 ) (-880 480 128 ) (-880 452 128 ) (-976 452 128 ) 
4 115 131 (-880 480 128 ) (-864 480 128 ) (-864 452 128 ) (-880 452 128 ) 
4 115 134 (-992 480 128 ) (-976 480 128 ) (-976 452 128 ) (-992 452 128 ) 
4 115 128 (-864 480 128 ) (-768 480 128 ) (-768 448 128 ) (-864 448 128 ) 
4 116 127 (-320 0 128 ) (-704 0 128 ) (-704 448 128 ) (-320 448 128 ) 
4 117 138 (-32 1024 64 ) (0 1024 64 ) (0 512 64 ) (-32 512 64 ) 
4 118 125 (-576 512 64 ) (-448 512 64 ) (-448 512 128 ) (-576 512 128 ) 
4 118 120 (-576 768 64 ) (-576 512 64 ) (-576 512 128 ) (-576 768 128 ) 
4 118 119 (-576 1024 64 ) (-576 960 64 ) (-576 960 128 ) (-576 1024 128 ) 
4 119 122 (-768 1024 64 ) (-768 960 64 ) (-768 960 128 ) (-768 1024 128 ) 
4 120 121 (-736 704 64 ) (-736 576 64 ) (-736 576 128 ) (-736 704 128 ) 
4 121 123 (-768 704 64 ) (-768 576 64 ) (-768 576 128 ) (-768 704 128 ) 
4 122 124 (-832 1024 64 ) (-832 960 64 ) (-832 960 128 ) (-832 1024 128 ) 
4 123 126 (-832 512 64 ) (-768 512 64 ) (-768 512 128 ) (-832 512 128 ) 
4 123 124 (-832 768 64 ) (-832 512 64 ) (-832 512 128 ) (-832 768 128 ) 
4 124 149 (-1024 1024 128 ) (-1024 1024 64 ) (-1024 960 64 ) (-1024 960 128 ) 
4 124 150 (-1024 768 64 ) (-1024 512 64 ) (-1024 512 128 ) (-1024 768 128 ) 
4 124 126 (-1024 512 64 ) (-832 512 64 ) (-832 512 128 ) (-1024 512 128 ) 
4 125 127 (-576 480 64 ) (-448 480 64 ) (-448 480 128 ) (-576 480 128 ) 
4 126 150 (-1024 512 64 ) (-1024 480 64 ) (-1024 480 128 ) (-1024 512 128 ) 
4 126 137 (-1024 480 64 ) (-992 480 64 ) (-992 480 128 ) (-1024 480 128 ) 
4 126 132 (-880 480 101.333015 ) (-880 480 128 ) (-976 480 128 ) (-976 480 101.333008 ) 
4 126 133 (-976 480 64 ) (-880 480 64 ) (-880 480 96 ) (-976 480 96 ) 
4 126 131 (-880 480 64 ) (-864 480 64 ) (-864 480 128 ) (-880 480 128 ) 
4 126 134 (-992 480 64 ) (-976 480 64 ) (-976 480 128 ) (-992 480 128 ) 
4 126 128 (-864 480 64 ) (-768 480 64 ) (-768 480 128 ) (-864 480 128 ) 
4 127 129 (-704 128 64 ) (-704 64 64 ) (-704 64 128 ) (-704 128 128 ) 
4 128 135 (-864 452 64 ) (-864 448 64 ) (-864 448 128 ) (-864 452 128 ) 
4 128 131 (-864 480 128 ) (-864 480 64 ) (-864 452 64 ) (-864 452 128 ) 
4 128 130 (-864 448 128 ) (-864 448 64 ) (-800 448 64 ) (-800 448 128 ) 
4 129 130 (-800 128 64 ) (-800 64 64 ) (-800 64 128 ) (-800 128 128 ) 
4 130 136 (-864 128 64 ) (-864 64 64 ) (-864 64 128 ) (-864 128 128 ) 
4 131 135 (-880 452 64 ) (-864 452 64 ) (-864 452 128 ) (-880 452 128 ) 
4 131 132 (-880 480 128 ) (-880 480 101.333008 ) (-880 452 112 ) (-880 452 128 ) 
4 131 133 (-880 480 96 ) (-880 480 64 ) (-880 452 64 ) (-880 452 96 ) 
4 132 135 (-880 452 112 ) (-880 452 128 ) (-976 452 128 ) (-976 452 112 ) 
4 132 134 (-976 480 128 ) (-976 480 101.333008 ) (-976 452 112 ) (-976 452 128 ) 
4 133 135 (-976 452 64 ) (-880 452 64 ) (-880 452 96 ) (-976 452 96 ) 
4 133 134 (-976 480 96 ) (-976 480 64 ) (-976 452 64 ) (-976 452 96 ) 
4 134 137 (-992 480 128 ) (-992 480 64 ) (-992 452 64 ) (-992 452 128 ) 
4 134 135 (-992 452 128 ) (-992 452 64 ) (-976 452 64 ) (-976 452 128 ) 
4 135 137 (-992 452 64 ) (-992 448 64 ) (-992 448 128 ) (-992 452 128 ) 
4 136 137 (-992 128 64 ) (-992 64 64 ) (-992 64 128 ) (-992 128 128 ) 
4 137 152 (-1024 128 64 ) (-1024 64 64 ) (-1024 64 128 ) (-1024 128 128 ) 
4 137 151 (-1024 448 64 ) (-1024 128 64 ) (-1024 128 128 ) (-1024 448 128 ) 
4 137 150 (-1024 480 64 ) (-1024 448 64 ) (-1024 448 128 ) (-1024 480 128 ) 
4 139 149 (-1088 1024 128 ) (-1024 1024 128 ) (-1024 960 128 ) (-1088 960 128 ) 
4 139 141 (-1088 1024 128 ) (-1088 960 128 ) (-1088 960 288 ) (-1088 1024 288 ) 
4 140 150 (-1024 768 128 ) (-1024 512 128 ) (-1088 512 128 ) (-1088 768 128 ) 
4 140 145 (-1088 512 128 ) (-1024 512 128 ) (-1024 512 288 ) (-1088 512 288 ) 
4 140 142 (-1088 704 128 ) (-1088 576 128 ) (-1088 576 192 ) (-1088 704 192 ) 
4 141 156 (-1472 1024 128 ) (-1120 1024 128 ) (-1120 960 128 ) (-1472 960 128 ) 
4 141 153 (-1120 1024 128 ) (-1088 1024 128 ) (-1088 960 128 ) (-1120 960 128 ) 
4 141 144 (-1472 960 128 ) (-1280 960 128 ) (-1280 960 288 ) (-1472 960 288 ) 
4 142 154 (-1088 704 128 ) (-1088 576 128 ) (-1120 576 128 ) (-1120 704 128 ) 
4 142 143 (-1120 704 128 ) (-1120 576 128 ) (-1120 576 192 ) (-1120 704 192 ) 
4 143 157 (-1120 512 128 ) (-1280 512 128 ) (-1280 768 128 ) (-1120 768 128 ) 
4 143 144 (-1280 768 128 ) (-1280 512 128 ) (-1280 512 288 ) (-1280 768 288 ) 
4 144 158 (-1280 512 128 ) (-1472 512 128 ) (-1472 960 128 ) (-1280 960 128 ) 
4 144 146 (-1408 512 128 ) (-1280 512 128 ) (-1280 512 192 ) (-1408 512 192 ) 
4 145 150 (-1024 512 128 ) (-1024 480 128 ) (-1088 480 128 ) (-1088 512 128 ) 
4 145 147 (-1088 480 128 ) (-1024 480 128 ) (-1024 480 288 ) (-1088 480 288 ) 
4 146 159 (-1280 480 128 ) (-1408 480 128 ) (-1408 512 128 ) (-1280 512 128 ) 
4 146 148 (-1408 480 128 ) (-1280 480 128 ) (-1280 480 192 ) (-1408 480 192 ) 
4 147 150 (-1024 480 128 ) (-1024 448 128 ) (-1088 448 128 ) (-1088 480 128 ) 
4 148 161 (-1152 0 128 ) (-1536 0 128 ) (-1536 480 128 ) (-1152 480 128 ) 
4 149 153 (-1088 1024 64 ) (-1088 960 64 ) (-1088 960 128 ) (-1088 1024 128 ) 
4 150 154 (-1088 704 64 ) (-1088 576 64 ) (-1088 576 128 ) (-1088 704 128 ) 
4 150 151 (-1056 448 64 ) (-1024 448 64 ) (-1024 448 128 ) (-1056 448 128 ) 
4 151 152 (-1056 128 64 ) (-1024 128 64 ) (-1024 128 128 ) (-1056 128 128 ) 
4 152 155 (-1088 128 64 ) (-1088 64 64 ) (-1088 64 128 ) (-1088 128 128 ) 
4 153 156 (-1120 1024 64 ) (-1120 960 64 ) (-1120 960 128 ) (-1120 1024 128 ) 
4 154 157 (-1120 704 64 ) (-1120 576 64 ) (-1120 576 128 ) (-1120 704 128 ) 
4 155 160 (-1120 128 64 ) (-1120 64 64 ) (-1120 64 128 ) (-1120 128 128 ) 
4 156 158 (-1472 960 64 ) (-1280 960 64 ) (-1280 960 128 ) (-1472 960 128 ) 
4 157 158 (-1280 768 64 ) (-1280 512 64 ) (-1280 512 128 ) (-1280 768 128 ) 
4 158 159 (-1408 512 64 ) (-1280 512 64 ) (-1280 512 128 ) (-1408 512 128 ) 
4 159 161 (-1408 480 64 ) (-1280 480 64 ) (-1280 480 128 ) (-1408 480 128 ) 
4 160 161 (-1152 128 64 ) (-1152 64 64 ) (-1152 64 128 ) (-1152 128 128 ) 
