


materialPath: D:\SteamLibrary\steamapps\common\Source SDK Base 2013 Multiplayer\hl2\materials
Loading D:\SteamLibrary\steamapps\common\GarrysMod\garrysmod\maps\RAOIM\gm_fnaffactorys.vmf
Map revision 85
ConVarRef mat_reduceparticles doesn't point to an existing ConVar
Could not locate 'GameData' key in d:\steamlibrary\steamapps\common\source sdk base 2013 multiplayer\hl2\gameinfo.txt
Patching WVT material: maps/gm_fnaffactorys/de_nuke/nukblenddirtgrass_wvt_patch
fixing up env_cubemap materials on brush sides...
0...1...2...3...4...5...6...7...8...9...10**** leaked ****
Entity prop_static (-2736.00 2048.00 128.00) leaked!
--- MAP LEAKED ---



16 threads
reading d:\steamlibrary\steamapps\common\garrysmod\garrysmod\maps\raoim\gm_fnaffactorys.bsp
Error opening d:\steamlibrary\steamapps\common\garrysmod\garrysmod\maps\raoim\gm_fnaffactorys.bsp


materialPath: D:\SteamLibrary\steamapps\common\Source SDK Base 2013 Multiplayer\hl2\materials
Loading D:\SteamLibrary\steamapps\common\GarrysMod\garrysmod\maps\RAOIM\gm_fnaffactorys.vmf
Map revision 86
ConVarRef mat_reduceparticles doesn't point to an existing ConVar
Could not locate 'GameData' key in d:\steamlibrary\steamapps\common\source sdk base 2013 multiplayer\hl2\gameinfo.txt
Patching WVT material: maps/gm_fnaffactorys/de_nuke/nukblenddirtgrass_wvt_patch
fixing up env_cubemap materials on brush sides...
0...1...2...3...4...5...6...7...8...9...10**** leaked ****
Entity prop_static (-2736.00 2048.00 128.00) leaked!
--- MAP LEAKED ---



16 threads
reading d:\steamlibrary\steamapps\common\garrysmod\garrysmod\maps\raoim\gm_fnaffactorys.bsp
Error opening d:\steamlibrary\steamapps\common\garrysmod\garrysmod\maps\raoim\gm_fnaffactorys.bsp


materialPath: D:\SteamLibrary\steamapps\common\Source SDK Base 2013 Multiplayer\hl2\materials
Loading D:\SteamLibrary\steamapps\common\GarrysMod\garrysmod\maps\RAOIM\gm_fnaffactorys.vmf
Map revision 86
ConVarRef mat_reduceparticles doesn't point to an existing ConVar
Could not locate 'GameData' key in d:\steamlibrary\steamapps\common\source sdk base 2013 multiplayer\hl2\gameinfo.txt
Patching WVT material: maps/gm_fnaffactorys/de_nuke/nukblenddirtgrass_wvt_patch
fixing up env_cubemap materials on brush sides...
0...1...2...3...4...5...6...7...8...9...10**** leaked ****
Entity prop_static (-2736.00 2048.00 128.00) leaked!
--- MAP LEAKED ---



16 threads
reading d:\steamlibrary\steamapps\common\garrysmod\garrysmod\maps\raoim\gm_fnaffactorys.bsp
Error opening d:\steamlibrary\steamapps\common\garrysmod\garrysmod\maps\raoim\gm_fnaffactorys.bsp


materialPath: D:\SteamLibrary\steamapps\common\Source SDK Base 2013 Multiplayer\hl2\materials
Loading D:\SteamLibrary\steamapps\common\GarrysMod\garrysmod\maps\RAOIM\gm_fnaffactorys.vmf
Map revision 86
ConVarRef mat_reduceparticles doesn't point to an existing ConVar
Could not locate 'GameData' key in d:\steamlibrary\steamapps\common\source sdk base 2013 multiplayer\hl2\gameinfo.txt
Patching WVT material: maps/gm_fnaffactorys/de_nuke/nukblenddirtgrass_wvt_patch
fixing up env_cubemap materials on brush sides...
0...1...2...3...4...5...6...7...8...9...10**** leaked ****
Entity prop_static (-2736.00 2048.00 128.00) leaked!
--- MAP LEAKED ---



16 threads
reading d:\steamlibrary\steamapps\common\garrysmod\garrysmod\maps\raoim\gm_fnaffactorys.bsp
Error opening d:\steamlibrary\steamapps\common\garrysmod\garrysmod\maps\raoim\gm_fnaffactorys.bsp


materialPath: D:\SteamLibrary\steamapps\common\Source SDK Base 2013 Multiplayer\hl2\materials
Loading D:\SteamLibrary\steamapps\common\GarrysMod\garrysmod\maps\RAOIM\gm_fnaffactorys.vmf
Map revision 87
ConVarRef mat_reduceparticles doesn't point to an existing ConVar
Could not locate 'GameData' key in d:\steamlibrary\steamapps\common\source sdk base 2013 multiplayer\hl2\gameinfo.txt
Patching WVT material: maps/gm_fnaffactorys/de_nuke/nukblenddirtgrass_wvt_patch
fixing up env_cubemap materials on brush sides...
0...1...2...3...4...5...6...7...8...9...10**** leaked ****
Entity prop_static (-2304.00 1857.08 64.00) leaked!
--- MAP LEAKED ---



16 threads
reading d:\steamlibrary\steamapps\common\garrysmod\garrysmod\maps\raoim\gm_fnaffactorys.bsp
Error opening d:\steamlibrary\steamapps\common\garrysmod\garrysmod\maps\raoim\gm_fnaffactorys.bsp


materialPath: D:\SteamLibrary\steamapps\common\Source SDK Base 2013 Multiplayer\hl2\materials
Loading D:\SteamLibrary\steamapps\common\GarrysMod\garrysmod\maps\RAOIM\gm_fnaffactorys.vmf
Map revision 88
ConVarRef mat_reduceparticles doesn't point to an existing ConVar
Could not locate 'GameData' key in d:\steamlibrary\steamapps\common\source sdk base 2013 multiplayer\hl2\gameinfo.txt
Patching WVT material: maps/gm_fnaffactorys/de_nuke/nukblenddirtgrass_wvt_patch
fixing up env_cubemap materials on brush sides...
0...1...2...3...4...5...6...7...8...9...10**** leaked ****
Entity prop_static (-2304.00 1857.08 64.00) leaked!
--- MAP LEAKED ---



16 threads
reading d:\steamlibrary\steamapps\common\garrysmod\garrysmod\maps\raoim\gm_fnaffactorys.bsp
Error opening d:\steamlibrary\steamapps\common\garrysmod\garrysmod\maps\raoim\gm_fnaffactorys.bsp


materialPath: D:\SteamLibrary\steamapps\common\Source SDK Base 2013 Multiplayer\hl2\materials
Loading D:\SteamLibrary\steamapps\common\GarrysMod\garrysmod\maps\RAOIM\gm_fnaffactorys.vmf
Map revision 89
ConVarRef mat_reduceparticles doesn't point to an existing ConVar
Could not locate 'GameData' key in d:\steamlibrary\steamapps\common\source sdk base 2013 multiplayer\hl2\gameinfo.txt
Patching WVT material: maps/gm_fnaffactorys/de_nuke/nukblenddirtgrass_wvt_patch
fixing up env_cubemap materials on brush sides...
0...1...2...3...4...5...6...7...8...9...100...1...2...3...4...5...6...7...8...9...10Processing areas...done (0)
Building Faces...done (0)
Chop Details...done (0)
Find Visible Detail Sides...
Merged 20 detail faces...done (0)
Merging details...done (0)
FixTjuncs...
PruneNodes...
WriteBSP...
done (0)
writing D:\SteamLibrary\steamapps\common\GarrysMod\garrysmod\maps\RAOIM\gm_fnaffactorys.prt...Building visibility clusters...
done (0)
Finding displacement neighbors...
Finding lightmap sample positions...
Displacement Alpha : 0...1...2...3...4...5...6...7...8...9...10
Building Physics collision data...
done (0) (204695 bytes)
Placing detail props : 0...1...2...3...4...5...6...7...8...9...10
Water found with no water_lod_control entity, creating a default one.
Compacting texture/material tables...
Reduced 451 texinfos to 243
Reduced 53 texdatas to 51 (1324 bytes to 1220)
Writing D:\SteamLibrary\steamapps\common\GarrysMod\garrysmod\maps\RAOIM\gm_fnaffactorys.bsp
MSG_FILEWRITE - Filesystem was asked to write to 'D:\SteamLibrary\steamapps\common\GarrysMod\garrysmod\maps\RAOIM\gm_fnaffactorys.bsp', but we don't own that location. Allowing.
Wrote ZIP buffer, estimated size 175510, actual size 174626
0 seconds elapsed



16 threads
reading d:\steamlibrary\steamapps\common\garrysmod\garrysmod\maps\raoim\gm_fnaffactorys.bsp
reading d:\steamlibrary\steamapps\common\garrysmod\garrysmod\maps\raoim\gm_fnaffactorys.prt
 152 portalclusters
 299 numportals
0...1...2...3...4...5...6...7...8...9...100...1...2...3...4...5...6...7...8...9...10Optimized: 207 visible clusters (0.00%)
Total clusters visible: 7749
Average clusters visible: 50
Building PAS...
Average clusters audible: 110
visdatasize:6431  compressed from 7296
writing d:\steamlibrary\steamapps\common\garrysmod\garrysmod\maps\raoim\gm_fnaffactorys.bsp
MSG_FILEWRITE - Filesystem was asked to write to 'd:\steamlibrary\steamapps\common\garrysmod\garrysmod\maps\raoim\gm_fnaffactorys.bsp', but we don't own that location. Allowing.
0 seconds elapsed



[Reading texlights from 'lights.rad']
[48 texlights parsed from 'lights.rad']

Loading d:\steamlibrary\steamapps\common\garrysmod\garrysmod\maps\raoim\gm_fnaffactorys.bsp
963 faces
180815 square feet [26037360.00 square inches]
10 Displacements
21500 Square Feet [3096054.75 Square Inches]
963 patches before subdivision
21367 patches after subdivision
51 direct lights
0...
WARNING: Too many light styles on a face at (-776.000000, 2495.000000, 120.000000)

WARNING: Too many light styles on a face at (-840.000000, 2495.000000, 296.000000)

WARNING: Too many light styles on a face at (-1016.000000, 2488.000000, 97.000000)
1.
WARNING: Too many light styles on a face at (-1032.000000, 2495.000000, 280.000000)
..2.
WARNING: Too many light styles on a face at (-632.000000, 1128.000000, 65.000000)

WARNING: Too many light styles on a face at (-1016.000000, 1912.000000, 65.000000)
..
WARNING: Too many light styles on a face at (-1272.000000, 1192.000000, 65.000000)

WARNING: Too many light styles on a face at (-1080.000000, 1528.000000, 65.000000)
3
WARNING: Too many light styles on a face at (-1080.000000, 1832.000000, 65.000000)
.
WARNING: Too many light styles on a face at (-1272.000000, 1535.000000, 216.000000)
..4...5...6...7...
WARNING: Too many light styles on a face at (-536.000000, 760.000000, 65.000000)
8...
WARNING: Too many light styles on a face at (-1080.000000, 1016.000000, 65.000000)
9
WARNING: Too many light styles on a face at (-1464.000000, 808.000000, 65.000000)
...100...1...2...3...4...5...6...7...8...9...10transfers 1250311, max 265
transfer lists:   9.5 megs
0...1...2...3...4...5...6...7...8...9...10	Bounce #1 added RGB(932, 1051, 1067)
0...1...2...3...4...5...6...7...8...9...10	Bounce #2 added RGB(143, 131, 93)
0...1...2...3...4...5...6...7...8...9...10	Bounce #3 added RGB(26, 20, 11)
0...1...2...3...4...5...6...7...8...9...10	Bounce #4 added RGB(5, 4, 1)
0...1...2...3...4...5...6...7...8...9...10	Bounce #5 added RGB(1, 1, 0)
0...1...2...3...4...5...6...7...8...9...10	Bounce #6 added RGB(0, 0, 0)
Build Patch/Sample Hash Table(s).....Done<0.0025 sec>
0...1...2...3...4...5...6...7...8...9...10FinalLightFace Done
0 of 0 (0% of) surface lights went in leaf ambient cubes.
0...1...2...3...4...5...6...7...8...9...10Writing leaf ambient...done
Computing static prop lighting : 00...1...2...3...4...5...6...7...8...9...10
Ready to Finish

Object names       Objects/Maxobjs  Memory / Maxmem  Fullness 
------------       ---------------  ---------------  -------- 
models                  20/4096          960/196608   ( 0.5%) 
brushes                584/32768        7008/393216   ( 1.8%) 
brushsides            4979/65536       39832/524288   ( 7.6%) 
planes                2320/65536       46400/1310720  ( 3.5%) 
vertexes              1789/65536       21468/786432   ( 2.7%) 
nodes                  550/65536       17600/2097152  ( 0.8%) 
texinfos               243/12288       17496/884736   ( 2.0%) 
texdata                 51/2048         1632/65536    ( 2.5%) 
dispinfos               10/0            1760/0        ( 0.0%) 
disp_verts            2682/0           53640/0        ( 0.0%) 
disp_tris             4736/0            9472/0        ( 0.0%) 
disp_lmsamples       37141/0           37141/0        ( 0.0%) 
faces                  963/65536       53928/3670016  ( 1.5%) 
hdr faces              963/65536       53928/3670016  ( 1.5%) 
origfaces              720/65536       40320/3670016  ( 1.1%) 
leaves                 571/65536       18272/2097152  ( 0.9%) 
leaffaces             1016/65536        2032/131072   ( 1.6%) 
leafbrushes            842/65536        1684/131072   ( 1.3%) 
areas                    2/1024           16/8192     ( 0.2%) 
surfedges             7389/512000      29556/2048000  ( 1.4%) 
edges                 4523/256000      18092/1024000  ( 1.8%) 
LDR worldlights          0/16384           0/1441792  ( 0.0%) 
HDR worldlights         51/16384        4488/1441792  ( 0.3%) 
leafwaterdata            1/32768          12/393216   ( 0.0%) 
waterstrips             94/131072        940/1310720  ( 0.1%) 
waterverts               0/131072          0/1572864  ( 0.0%) 
waterindices          1536/131072       3072/262144   ( 1.2%) 
cubemapsamples           0/1024            0/16384    ( 0.0%) 
overlays                 7/1024         2464/360448   ( 0.7%) 
LDR lightdata         [variable]           0/0        ( 0.0%) 
HDR lightdata         [variable]     1439392/0        ( 0.0%) 
visdata               [variable]        6431/16777216 ( 0.0%) 
entdata               [variable]       76722/393216   (19.5%) 
LDR ambient table      571/65536        2284/262144   ( 0.9%) 
HDR ambient table      571/65536        2284/262144   ( 0.9%) 
LDR leaf ambient       571/65536       15988/1835008  ( 0.9%) 
HDR leaf ambient      1039/65536       29092/1835008  ( 1.6%) 
occluders                0/0               0/0        ( 0.0%) 
occluder polygons        0/0               0/0        ( 0.0%) 
occluder vert ind        0/0               0/0        ( 0.0%) 
detail props          [variable]           1/12       ( 8.3%) 
static props          [variable]           1/13664    ( 0.0%) 
pakfile               [variable]     1135342/0        ( 0.0%) 
physics               [variable]      204695/4194304  ( 4.9%) 
physics terrain       [variable]        8375/1048576  ( 0.8%) 

Level flags = 2

Total triangle count: 2600
Writing d:\steamlibrary\steamapps\common\garrysmod\garrysmod\maps\raoim\gm_fnaffactorys.bsp
3 seconds elapsed



materialPath: D:\SteamLibrary\steamapps\common\Source SDK Base 2013 Multiplayer\hl2\materials
Loading D:\SteamLibrary\steamapps\common\GarrysMod\garrysmod\maps\RAOIM\gm_fnaffactorys.vmf
Map revision 90
ConVarRef mat_reduceparticles doesn't point to an existing ConVar
Could not locate 'GameData' key in d:\steamlibrary\steamapps\common\source sdk base 2013 multiplayer\hl2\gameinfo.txt
Patching WVT material: maps/gm_fnaffactorys/de_nuke/nukblenddirtgrass_wvt_patch
fixing up env_cubemap materials on brush sides...
0...1...2...3...4...5...6...7...8...9...100...1...2...3...4...5...6...7...8...9...10Processing areas...done (0)
Building Faces...done (0)
Chop Details...done (0)
Find Visible Detail Sides...
Merged 20 detail faces...done (0)
Merging details...done (0)
FixTjuncs...
PruneNodes...
WriteBSP...
done (0)
writing D:\SteamLibrary\steamapps\common\GarrysMod\garrysmod\maps\RAOIM\gm_fnaffactorys.prt...Building visibility clusters...
done (0)
Finding displacement neighbors...
Finding lightmap sample positions...
Displacement Alpha : 0...1...2...3...4...5...6...7...8...9...10
Building Physics collision data...
done (0) (204695 bytes)
Placing detail props : 0...1...2...3...4...5...6...7...8...9...10
Water found with no water_lod_control entity, creating a default one.
Compacting texture/material tables...
Reduced 451 texinfos to 243
Reduced 53 texdatas to 51 (1324 bytes to 1220)
Writing D:\SteamLibrary\steamapps\common\GarrysMod\garrysmod\maps\RAOIM\gm_fnaffactorys.bsp
MSG_FILEWRITE - Filesystem was asked to write to 'D:\SteamLibrary\steamapps\common\GarrysMod\garrysmod\maps\RAOIM\gm_fnaffactorys.bsp', but we don't own that location. Allowing.
Wrote ZIP buffer, estimated size 175510, actual size 174626
0 seconds elapsed



16 threads
reading d:\steamlibrary\steamapps\common\garrysmod\garrysmod\maps\raoim\gm_fnaffactorys.bsp
reading d:\steamlibrary\steamapps\common\garrysmod\garrysmod\maps\raoim\gm_fnaffactorys.prt
 152 portalclusters
 299 numportals
0...1...2...3...4...5...6...7...8...9...100...1...2...3...4...5...6...7...8...9...10Optimized: 207 visible clusters (0.00%)
Total clusters visible: 7749
Average clusters visible: 50
Building PAS...
Average clusters audible: 110
visdatasize:6431  compressed from 7296
writing d:\steamlibrary\steamapps\common\garrysmod\garrysmod\maps\raoim\gm_fnaffactorys.bsp
MSG_FILEWRITE - Filesystem was asked to write to 'd:\steamlibrary\steamapps\common\garrysmod\garrysmod\maps\raoim\gm_fnaffactorys.bsp', but we don't own that location. Allowing.
0 seconds elapsed



[Reading texlights from 'lights.rad']
[48 texlights parsed from 'lights.rad']

Loading d:\steamlibrary\steamapps\common\garrysmod\garrysmod\maps\raoim\gm_fnaffactorys.bsp
963 faces
180815 square feet [26037360.00 square inches]
10 Displacements
21500 Square Feet [3096054.75 Square Inches]
963 patches before subdivision
21367 patches after subdivision
51 direct lights
0...
WARNING: Too many light styles on a face at (-776.000000, 2495.000000, 120.000000)

WARNING: Too many light styles on a face at (-840.000000, 2495.000000, 296.000000)

WARNING: Too many light styles on a face at (-1016.000000, 2488.000000, 97.000000)
1.
WARNING: Too many light styles on a face at (-1032.000000, 2495.000000, 280.000000)
..2.
WARNING: Too many light styles on a face at (-632.000000, 1128.000000, 65.000000)

WARNING: Too many light styles on a face at (-1016.000000, 1912.000000, 65.000000)
.
WARNING: Too many light styles on a face at (-1272.000000, 1192.000000, 65.000000)

WARNING: Too many light styles on a face at (-1080.000000, 1528.000000, 65.000000)
.
WARNING: Too many light styles on a face at (-1080.000000, 1832.000000, 65.000000)
3.
WARNING: Too many light styles on a face at (-1272.000000, 1535.000000, 216.000000)
..4...5...6...7...
WARNING: Too many light styles on a face at (-536.000000, 760.000000, 65.000000)
8...
WARNING: Too many light styles on a face at (-1080.000000, 1016.000000, 65.000000)
9
WARNING: Too many light styles on a face at (-1464.000000, 808.000000, 65.000000)
...100...1...2...3...4...5...6...7...8...9...10transfers 1250311, max 265
transfer lists:   9.5 megs
0...1...2...3...4...5...6...7...8...9...10	Bounce #1 added RGB(932, 1051, 1067)
0...1...2...3...4...5...6...7...8...9...10	Bounce #2 added RGB(143, 131, 93)
0...1...2...3...4...5...6...7...8...9...10	Bounce #3 added RGB(26, 20, 11)
0...1...2...3...4...5...6...7...8...9...10	Bounce #4 added RGB(5, 4, 1)
0...1...2...3...4...5...6...7...8...9...10	Bounce #5 added RGB(1, 1, 0)
0...1...2...3...4...5...6...7...8...9...10	Bounce #6 added RGB(0, 0, 0)
Build Patch/Sample Hash Table(s).....Done<0.0022 sec>
0...1...2...3...4...5...6...7...8...9...10FinalLightFace Done
0 of 0 (0% of) surface lights went in leaf ambient cubes.
0...1...2...3...4...5...6...7...8...9...10Writing leaf ambient...done
Computing static prop lighting : 00...1...2...3...4...5...6...7...8...9...10
Ready to Finish

Object names       Objects/Maxobjs  Memory / Maxmem  Fullness 
------------       ---------------  ---------------  -------- 
models                  20/4096          960/196608   ( 0.5%) 
brushes                584/32768        7008/393216   ( 1.8%) 
brushsides            4979/65536       39832/524288   ( 7.6%) 
planes                2320/65536       46400/1310720  ( 3.5%) 
vertexes              1789/65536       21468/786432   ( 2.7%) 
nodes                  550/65536       17600/2097152  ( 0.8%) 
texinfos               243/12288       17496/884736   ( 2.0%) 
texdata                 51/2048         1632/65536    ( 2.5%) 
dispinfos               10/0            1760/0        ( 0.0%) 
disp_verts            2682/0           53640/0        ( 0.0%) 
disp_tris             4736/0            9472/0        ( 0.0%) 
disp_lmsamples       37141/0           37141/0        ( 0.0%) 
faces                  963/65536       53928/3670016  ( 1.5%) 
hdr faces              963/65536       53928/3670016  ( 1.5%) 
origfaces              720/65536       40320/3670016  ( 1.1%) 
leaves                 571/65536       18272/2097152  ( 0.9%) 
leaffaces             1016/65536        2032/131072   ( 1.6%) 
leafbrushes            842/65536        1684/131072   ( 1.3%) 
areas                    2/1024           16/8192     ( 0.2%) 
surfedges             7389/512000      29556/2048000  ( 1.4%) 
edges                 4523/256000      18092/1024000  ( 1.8%) 
LDR worldlights          0/16384           0/1441792  ( 0.0%) 
HDR worldlights         51/16384        4488/1441792  ( 0.3%) 
leafwaterdata            1/32768          12/393216   ( 0.0%) 
waterstrips             94/131072        940/1310720  ( 0.1%) 
waterverts               0/131072          0/1572864  ( 0.0%) 
waterindices          1536/131072       3072/262144   ( 1.2%) 
cubemapsamples           0/1024            0/16384    ( 0.0%) 
overlays                 7/1024         2464/360448   ( 0.7%) 
LDR lightdata         [variable]           0/0        ( 0.0%) 
HDR lightdata         [variable]     1439392/0        ( 0.0%) 
visdata               [variable]        6431/16777216 ( 0.0%) 
entdata               [variable]       76722/393216   (19.5%) 
LDR ambient table      571/65536        2284/262144   ( 0.9%) 
HDR ambient table      571/65536        2284/262144   ( 0.9%) 
LDR leaf ambient       571/65536       15988/1835008  ( 0.9%) 
HDR leaf ambient      1039/65536       29092/1835008  ( 1.6%) 
occluders                0/0               0/0        ( 0.0%) 
occluder polygons        0/0               0/0        ( 0.0%) 
occluder vert ind        0/0               0/0        ( 0.0%) 
detail props          [variable]           1/12       ( 8.3%) 
static props          [variable]           1/13664    ( 0.0%) 
pakfile               [variable]     1135342/0        ( 0.0%) 
physics               [variable]      204695/4194304  ( 4.9%) 
physics terrain       [variable]        8375/1048576  ( 0.8%) 

Level flags = 2

Total triangle count: 2600
Writing d:\steamlibrary\steamapps\common\garrysmod\garrysmod\maps\raoim\gm_fnaffactorys.bsp
3 seconds elapsed



materialPath: D:\SteamLibrary\steamapps\common\Source SDK Base 2013 Multiplayer\hl2\materials
Loading D:\SteamLibrary\steamapps\common\GarrysMod\garrysmod\maps\RAOIM\gm_fnaffactorys.vmf
Map revision 91
ConVarRef mat_reduceparticles doesn't point to an existing ConVar
Could not locate 'GameData' key in d:\steamlibrary\steamapps\common\source sdk base 2013 multiplayer\hl2\gameinfo.txt
Patching WVT material: maps/gm_fnaffactorys/de_nuke/nukblenddirtgrass_wvt_patch
fixing up env_cubemap materials on brush sides...
0...1...2...3...4...5...6...7...8...9...100...1...2...3...4...5...6...7...8...9...10Processing areas...done (0)
Building Faces...done (0)
Chop Details...done (0)
Find Visible Detail Sides...
Merged 20 detail faces...done (0)
Merging details...done (0)
FixTjuncs...
PruneNodes...
WriteBSP...
done (0)
writing D:\SteamLibrary\steamapps\common\GarrysMod\garrysmod\maps\RAOIM\gm_fnaffactorys.prt...Building visibility clusters...
done (0)
Finding displacement neighbors...
Finding lightmap sample positions...
Displacement Alpha : 0...1...2...3...4...5...6...7...8...9...10
Building Physics collision data...
done (0) (205479 bytes)
Placing detail props : 0...1...2...3...4...5...6...7...8...9...10
Water found with no water_lod_control entity, creating a default one.
Compacting texture/material tables...
Reduced 454 texinfos to 243
Reduced 54 texdatas to 52 (1351 bytes to 1247)
Writing D:\SteamLibrary\steamapps\common\GarrysMod\garrysmod\maps\RAOIM\gm_fnaffactorys.bsp
MSG_FILEWRITE - Filesystem was asked to write to 'D:\SteamLibrary\steamapps\common\GarrysMod\garrysmod\maps\RAOIM\gm_fnaffactorys.bsp', but we don't own that location. Allowing.
Wrote ZIP buffer, estimated size 175510, actual size 174626
0 seconds elapsed



16 threads
reading d:\steamlibrary\steamapps\common\garrysmod\garrysmod\maps\raoim\gm_fnaffactorys.bsp
reading d:\steamlibrary\steamapps\common\garrysmod\garrysmod\maps\raoim\gm_fnaffactorys.prt
 162 portalclusters
 337 numportals
0...1...2...3...4...5...6...7...8...9...100...1...2...3...4...5...6...7...8...9...10Optimized: 197 visible clusters (0.00%)
Total clusters visible: 8223
Average clusters visible: 50
Building PAS...
Average clusters audible: 108
visdatasize:7109  compressed from 7776
writing d:\steamlibrary\steamapps\common\garrysmod\garrysmod\maps\raoim\gm_fnaffactorys.bsp
MSG_FILEWRITE - Filesystem was asked to write to 'd:\steamlibrary\steamapps\common\garrysmod\garrysmod\maps\raoim\gm_fnaffactorys.bsp', but we don't own that location. Allowing.
0 seconds elapsed



[Reading texlights from 'lights.rad']
[48 texlights parsed from 'lights.rad']

Loading d:\steamlibrary\steamapps\common\garrysmod\garrysmod\maps\raoim\gm_fnaffactorys.bsp
975 faces
180815 square feet [26037360.00 square inches]
10 Displacements
21500 Square Feet [3096054.75 Square Inches]
975 patches before subdivision
21355 patches after subdivision
51 direct lights
0...
WARNING: Too many light styles on a face at (-840.000000, 2495.000000, 296.000000)

WARNING: Too many light styles on a face at (-776.000000, 2495.000000, 120.000000)

WARNING: Too many light styles on a face at (-1016.000000, 2488.000000, 97.000000)
1.
WARNING: Too many light styles on a face at (-1032.000000, 2495.000000, 280.000000)
..2.
WARNING: Too many light styles on a face at (-632.000000, 1128.000000, 65.000000)

WARNING: Too many light styles on a face at (-1016.000000, 1912.000000, 65.000000)
.
WARNING: Too many light styles on a face at (-1080.000000, 1528.000000, 65.000000)

WARNING: Too many light styles on a face at (-1272.000000, 1192.000000, 65.000000)
.
WARNING: Too many light styles on a face at (-1080.000000, 1832.000000, 65.000000)
3
WARNING: Too many light styles on a face at (-1272.000000, 1535.000000, 216.000000)
...4...5...6...7...8
WARNING: Too many light styles on a face at (-536.000000, 760.000000, 65.000000)
...9
WARNING: Too many light styles on a face at (-1080.000000, 1016.000000, 65.000000)

WARNING: Too many light styles on a face at (-1464.000000, 808.000000, 65.000000)
...100...1...2...3...4...5...6...7...8...9...10transfers 1249988, max 265
transfer lists:   9.5 megs
0...1...2...3...4...5...6...7...8...9...10	Bounce #1 added RGB(932, 1051, 1067)
0...1...2...3...4...5...6...7...8...9...10	Bounce #2 added RGB(143, 131, 93)
0...1...2...3...4...5...6...7...8...9...10	Bounce #3 added RGB(26, 20, 11)
0...1...2...3...4...5...6...7...8...9...10	Bounce #4 added RGB(5, 4, 1)
0...1...2...3...4...5...6...7...8...9...10	Bounce #5 added RGB(1, 1, 0)
0...1...2...3...4...5...6...7...8...9...10	Bounce #6 added RGB(0, 0, 0)
Build Patch/Sample Hash Table(s).....Done<0.0022 sec>
0...1...2...3...4...5...6...7...8...9...10FinalLightFace Done
0 of 0 (0% of) surface lights went in leaf ambient cubes.
0...1...2...3...4...5...6...7...8...9...10Writing leaf ambient...done
Computing static prop lighting : 00...1...2...3...4...5...6...7...8...9...10
Ready to Finish

Object names       Objects/Maxobjs  Memory / Maxmem  Fullness 
------------       ---------------  ---------------  -------- 
models                  20/4096          960/196608   ( 0.5%) 
brushes                585/32768        7020/393216   ( 1.8%) 
brushsides            4985/65536       39880/524288   ( 7.6%) 
planes                2328/65536       46560/1310720  ( 3.6%) 
vertexes              1813/65536       21756/786432   ( 2.8%) 
nodes                  561/65536       17952/2097152  ( 0.9%) 
texinfos               243/12288       17496/884736   ( 2.0%) 
texdata                 52/2048         1664/65536    ( 2.5%) 
dispinfos               10/0            1760/0        ( 0.0%) 
disp_verts            2682/0           53640/0        ( 0.0%) 
disp_tris             4736/0            9472/0        ( 0.0%) 
disp_lmsamples       37141/0           37141/0        ( 0.0%) 
faces                  975/65536       54600/3670016  ( 1.5%) 
hdr faces              975/65536       54600/3670016  ( 1.5%) 
origfaces              720/65536       40320/3670016  ( 1.1%) 
leaves                 582/65536       18624/2097152  ( 0.9%) 
leaffaces             1043/65536        2086/131072   ( 1.6%) 
leafbrushes            850/65536        1700/131072   ( 1.3%) 
areas                    2/1024           16/8192     ( 0.2%) 
surfedges             7465/512000      29860/2048000  ( 1.5%) 
edges                 4572/256000      18288/1024000  ( 1.8%) 
LDR worldlights          0/16384           0/1441792  ( 0.0%) 
HDR worldlights         51/16384        4488/1441792  ( 0.3%) 
leafwaterdata            1/32768          12/393216   ( 0.0%) 
waterstrips            100/131072       1000/1310720  ( 0.1%) 
waterverts               0/131072          0/1572864  ( 0.0%) 
waterindices          1668/131072       3336/262144   ( 1.3%) 
cubemapsamples           0/1024            0/16384    ( 0.0%) 
overlays                 7/1024         2464/360448   ( 0.7%) 
LDR lightdata         [variable]           0/0        ( 0.0%) 
HDR lightdata         [variable]     1441156/0        ( 0.0%) 
visdata               [variable]        7109/16777216 ( 0.0%) 
entdata               [variable]       76734/393216   (19.5%) 
LDR ambient table      582/65536        2328/262144   ( 0.9%) 
HDR ambient table      582/65536        2328/262144   ( 0.9%) 
LDR leaf ambient       582/65536       16296/1835008  ( 0.9%) 
HDR leaf ambient      1049/65536       29372/1835008  ( 1.6%) 
occluders                0/0               0/0        ( 0.0%) 
occluder polygons        0/0               0/0        ( 0.0%) 
occluder vert ind        0/0               0/0        ( 0.0%) 
detail props          [variable]           1/12       ( 8.3%) 
static props          [variable]           1/13678    ( 0.0%) 
pakfile               [variable]     1135342/0        ( 0.0%) 
physics               [variable]      205479/4194304  ( 4.9%) 
physics terrain       [variable]        8375/1048576  ( 0.8%) 

Level flags = 2

Total triangle count: 2652
Writing d:\steamlibrary\steamapps\common\garrysmod\garrysmod\maps\raoim\gm_fnaffactorys.bsp
3 seconds elapsed



materialPath: D:\SteamLibrary\steamapps\common\Source SDK Base 2013 Multiplayer\hl2\materials
Loading D:\SteamLibrary\steamapps\common\GarrysMod\garrysmod\maps\RAOIM\gm_fnaffactorys.vmf
Map revision 92
ConVarRef mat_reduceparticles doesn't point to an existing ConVar
Could not locate 'GameData' key in d:\steamlibrary\steamapps\common\source sdk base 2013 multiplayer\hl2\gameinfo.txt
Patching WVT material: maps/gm_fnaffactorys/de_nuke/nukblenddirtgrass_wvt_patch
fixing up env_cubemap materials on brush sides...
0...1...2...3...4...5...6...7...8...9...100...1...2...3...4...5...6...7...8...9...10Processing areas...done (0)
Building Faces...done (0)
Chop Details...done (0)
Find Visible Detail Sides...
Merged 20 detail faces...done (0)
Merging details...done (0)
FixTjuncs...
PruneNodes...
WriteBSP...
done (0)
writing D:\SteamLibrary\steamapps\common\GarrysMod\garrysmod\maps\RAOIM\gm_fnaffactorys.prt...Building visibility clusters...
done (0)
Finding displacement neighbors...
Finding lightmap sample positions...
Displacement Alpha : 0...1...2...3...4...5...6...7...8...9...10
Building Physics collision data...
done (0) (205479 bytes)
Placing detail props : 0...1...2...3...4...5...6...7...8...9...10
Water found with no water_lod_control entity, creating a default one.
Compacting texture/material tables...
Reduced 454 texinfos to 243
Reduced 54 texdatas to 52 (1351 bytes to 1247)
Writing D:\SteamLibrary\steamapps\common\GarrysMod\garrysmod\maps\RAOIM\gm_fnaffactorys.bsp
MSG_FILEWRITE - Filesystem was asked to write to 'D:\SteamLibrary\steamapps\common\GarrysMod\garrysmod\maps\RAOIM\gm_fnaffactorys.bsp', but we don't own that location. Allowing.
Wrote ZIP buffer, estimated size 175510, actual size 174626
0 seconds elapsed



16 threads
reading d:\steamlibrary\steamapps\common\garrysmod\garrysmod\maps\raoim\gm_fnaffactorys.bsp
reading d:\steamlibrary\steamapps\common\garrysmod\garrysmod\maps\raoim\gm_fnaffactorys.prt
 162 portalclusters
 338 numportals
0...1...2...3...4...5...6...7...8...9...100...1...2...3...4...5...6...7...8...9...10Optimized: 228 visible clusters (0.00%)
Total clusters visible: 8274
Average clusters visible: 51
Building PAS...
Average clusters audible: 109
visdatasize:7088  compressed from 7776
writing d:\steamlibrary\steamapps\common\garrysmod\garrysmod\maps\raoim\gm_fnaffactorys.bsp
MSG_FILEWRITE - Filesystem was asked to write to 'd:\steamlibrary\steamapps\common\garrysmod\garrysmod\maps\raoim\gm_fnaffactorys.bsp', but we don't own that location. Allowing.
0 seconds elapsed



[Reading texlights from 'lights.rad']
[48 texlights parsed from 'lights.rad']

Loading d:\steamlibrary\steamapps\common\garrysmod\garrysmod\maps\raoim\gm_fnaffactorys.bsp
976 faces
180779 square feet [26032240.00 square inches]
10 Displacements
21500 Square Feet [3096054.75 Square Inches]
976 patches before subdivision
21376 patches after subdivision
51 direct lights
0...
WARNING: Too many light styles on a face at (-1016.000000, 2488.000000, 97.000000)

WARNING: Too many light styles on a face at (-776.000000, 2495.000000, 120.000000)

WARNING: Too many light styles on a face at (-840.000000, 2495.000000, 296.000000)
1.
WARNING: Too many light styles on a face at (-1032.000000, 2495.000000, 280.000000)
..2.
WARNING: Too many light styles on a face at (-632.000000, 1128.000000, 65.000000)

WARNING: Too many light styles on a face at (-1016.000000, 1912.000000, 65.000000)
.
WARNING: Too many light styles on a face at (-1080.000000, 1528.000000, 65.000000)

WARNING: Too many light styles on a face at (-1272.000000, 1192.000000, 65.000000)
.
WARNING: Too many light styles on a face at (-1080.000000, 1832.000000, 65.000000)
3
WARNING: Too many light styles on a face at (-1272.000000, 1535.000000, 216.000000)
...4...5...6...7...
WARNING: Too many light styles on a face at (-536.000000, 760.000000, 65.000000)
8...
WARNING: Too many light styles on a face at (-1080.000000, 1016.000000, 65.000000)
9
WARNING: Too many light styles on a face at (-1464.000000, 808.000000, 65.000000)
...100...1...2...3...4...5...6...7...8...9...10transfers 1252376, max 265
transfer lists:   9.6 megs
0...1...2...3...4...5...6...7...8...9...10	Bounce #1 added RGB(932, 1051, 1067)
0...1...2...3...4...5...6...7...8...9...10	Bounce #2 added RGB(143, 131, 93)
0...1...2...3...4...5...6...7...8...9...10	Bounce #3 added RGB(26, 20, 11)
0...1...2...3...4...5...6...7...8...9...10	Bounce #4 added RGB(5, 4, 1)
0...1...2...3...4...5...6...7...8...9...10	Bounce #5 added RGB(1, 1, 0)
0...1...2...3...4...5...6...7...8...9...10	Bounce #6 added RGB(0, 0, 0)
Build Patch/Sample Hash Table(s).....Done<0.0022 sec>
0...1...2...3...4...5...6...7...8...9...10FinalLightFace Done
0 of 0 (0% of) surface lights went in leaf ambient cubes.
0...1...2...3...4...5...6...7...8...9...10Writing leaf ambient...done
Computing static prop lighting : 00...1...2...3...4...5...6...7...8...9...10
Ready to Finish

Object names       Objects/Maxobjs  Memory / Maxmem  Fullness 
------------       ---------------  ---------------  -------- 
models                  20/4096          960/196608   ( 0.5%) 
brushes                585/32768        7020/393216   ( 1.8%) 
brushsides            4985/65536       39880/524288   ( 7.6%) 
planes                2328/65536       46560/1310720  ( 3.6%) 
vertexes              1815/65536       21780/786432   ( 2.8%) 
nodes                  561/65536       17952/2097152  ( 0.9%) 
texinfos               243/12288       17496/884736   ( 2.0%) 
texdata                 52/2048         1664/65536    ( 2.5%) 
dispinfos               10/0            1760/0        ( 0.0%) 
disp_verts            2682/0           53640/0        ( 0.0%) 
disp_tris             4736/0            9472/0        ( 0.0%) 
disp_lmsamples       37141/0           37141/0        ( 0.0%) 
faces                  976/65536       54656/3670016  ( 1.5%) 
hdr faces              976/65536       54656/3670016  ( 1.5%) 
origfaces              721/65536       40376/3670016  ( 1.1%) 
leaves                 582/65536       18624/2097152  ( 0.9%) 
leaffaces             1046/65536        2092/131072   ( 1.6%) 
leafbrushes            850/65536        1700/131072   ( 1.3%) 
areas                    2/1024           16/8192     ( 0.2%) 
surfedges             7477/512000      29908/2048000  ( 1.5%) 
edges                 4580/256000      18320/1024000  ( 1.8%) 
LDR worldlights          0/16384           0/1441792  ( 0.0%) 
HDR worldlights         51/16384        4488/1441792  ( 0.3%) 
leafwaterdata            1/32768          12/393216   ( 0.0%) 
waterstrips            100/131072       1000/1310720  ( 0.1%) 
waterverts               0/131072          0/1572864  ( 0.0%) 
waterindices          1674/131072       3348/262144   ( 1.3%) 
cubemapsamples           0/1024            0/16384    ( 0.0%) 
overlays                 7/1024         2464/360448   ( 0.7%) 
LDR lightdata         [variable]           0/0        ( 0.0%) 
HDR lightdata         [variable]     1441116/0        ( 0.0%) 
visdata               [variable]        7088/16777216 ( 0.0%) 
entdata               [variable]       76734/393216   (19.5%) 
LDR ambient table      582/65536        2328/262144   ( 0.9%) 
HDR ambient table      582/65536        2328/262144   ( 0.9%) 
LDR leaf ambient       582/65536       16296/1835008  ( 0.9%) 
HDR leaf ambient      1049/65536       29372/1835008  ( 1.6%) 
occluders                0/0               0/0        ( 0.0%) 
occluder polygons        0/0               0/0        ( 0.0%) 
occluder vert ind        0/0               0/0        ( 0.0%) 
detail props          [variable]           1/12       ( 8.3%) 
static props          [variable]           1/13680    ( 0.0%) 
pakfile               [variable]     1135342/0        ( 0.0%) 
physics               [variable]      205479/4194304  ( 4.9%) 
physics terrain       [variable]        8375/1048576  ( 0.8%) 

Level flags = 2

Total triangle count: 2658
Writing d:\steamlibrary\steamapps\common\garrysmod\garrysmod\maps\raoim\gm_fnaffactorys.bsp
4 seconds elapsed



materialPath: D:\SteamLibrary\steamapps\common\Source SDK Base 2013 Multiplayer\hl2\materials
Loading D:\SteamLibrary\steamapps\common\GarrysMod\garrysmod\maps\RAOIM\gm_fnaffactorys.vmf
Map revision 93
Could not locate 'GameData' key in d:\steamlibrary\steamapps\common\source sdk base 2013 multiplayer\hl2\gameinfo.txt
fixing up env_cubemap materials on brush sides...
0Brush 44821: WARNING, microbrush
Brush 44810: WARNING, microbrush
...1...2...3...4...5...6...7...8...9...10**** leaked ****
Entity prop_static (-2720.00 2048.00 128.00) leaked!
--- MAP LEAKED ---



16 threads
reading d:\steamlibrary\steamapps\common\garrysmod\garrysmod\maps\raoim\gm_fnaffactorys.bsp
reading d:\steamlibrary\steamapps\common\garrysmod\garrysmod\maps\raoim\gm_fnaffactorys.prt
LoadPortals: couldn't read d:\steamlibrary\steamapps\common\garrysmod\garrysmod\maps\raoim\gm_fnaffactorys.prt



materialPath: D:\SteamLibrary\steamapps\common\Source SDK Base 2013 Multiplayer\hl2\materials
Loading D:\SteamLibrary\steamapps\common\GarrysMod\garrysmod\maps\RAOIM\gm_fnaffactorys.vmf
Map revision 94
Could not locate 'GameData' key in d:\steamlibrary\steamapps\common\source sdk base 2013 multiplayer\hl2\gameinfo.txt
fixing up env_cubemap materials on brush sides...
0Brush 44821: WARNING, microbrush
Brush 44810: WARNING, microbrush
...1...2...3...4...5Brush 44804: WARNING, microbrush
Brush 44815: WARNING, microbrush
...6...7...8...9...10**** leaked ****
Entity prop_static (-2720.00 2048.00 128.00) leaked!
--- MAP LEAKED ---



16 threads
reading d:\steamlibrary\steamapps\common\garrysmod\garrysmod\maps\raoim\gm_fnaffactorys.bsp
reading d:\steamlibrary\steamapps\common\garrysmod\garrysmod\maps\raoim\gm_fnaffactorys.prt
LoadPortals: couldn't read d:\steamlibrary\steamapps\common\garrysmod\garrysmod\maps\raoim\gm_fnaffactorys.prt



materialPath: D:\SteamLibrary\steamapps\common\Source SDK Base 2013 Multiplayer\hl2\materials
Loading D:\SteamLibrary\steamapps\common\GarrysMod\garrysmod\maps\RAOIM\gm_fnaffactorys.vmf
Map revision 95
Could not locate 'GameData' key in d:\steamlibrary\steamapps\common\source sdk base 2013 multiplayer\hl2\gameinfo.txt
fixing up env_cubemap materials on brush sides...
0...1...2...3...4...5...6...7...8...9...10**** leaked ****
Entity prop_static (-2720.00 2048.00 128.00) leaked!
--- MAP LEAKED ---



16 threads
reading d:\steamlibrary\steamapps\common\garrysmod\garrysmod\maps\raoim\gm_fnaffactorys.bsp
reading d:\steamlibrary\steamapps\common\garrysmod\garrysmod\maps\raoim\gm_fnaffactorys.prt
LoadPortals: couldn't read d:\steamlibrary\steamapps\common\garrysmod\garrysmod\maps\raoim\gm_fnaffactorys.prt



materialPath: D:\SteamLibrary\steamapps\common\Source SDK Base 2013 Multiplayer\hl2\materials
Loading D:\SteamLibrary\steamapps\common\GarrysMod\garrysmod\maps\RAOIM\gm_fnaffactorys.vmf
Map revision 96
ConVarRef mat_reduceparticles doesn't point to an existing ConVar
Could not locate 'GameData' key in d:\steamlibrary\steamapps\common\source sdk base 2013 multiplayer\hl2\gameinfo.txt
Patching WVT material: maps/gm_fnaffactorys/de_nuke/nukblenddirtgrass_wvt_patch
fixing up env_cubemap materials on brush sides...
0...1...2...3...4...5...6...7...8...9...100...1...2...3...4...5...6...7...8...9...10Processing areas...done (0)
Building Faces...done (0)
Chop Details...done (0)
Find Visible Detail Sides...
Merged 20 detail faces...done (0)
Merging details...done (0)
FixTjuncs...
PruneNodes...
WriteBSP...
done (0)
writing D:\SteamLibrary\steamapps\common\GarrysMod\garrysmod\maps\RAOIM\gm_fnaffactorys.prt...Building visibility clusters...
done (0)
Finding displacement neighbors...
Finding lightmap sample positions...
Displacement Alpha : 0...1...2...3...4...5...6...7...8...9...10
Building Physics collision data...
done (0) (205479 bytes)
Placing detail props : 0...1...2...3...4...5...6...7...8...9...10
Water found with no water_lod_control entity, creating a default one.
Compacting texture/material tables...
Reduced 454 texinfos to 243
Reduced 54 texdatas to 52 (1351 bytes to 1247)
Writing D:\SteamLibrary\steamapps\common\GarrysMod\garrysmod\maps\RAOIM\gm_fnaffactorys.bsp
MSG_FILEWRITE - Filesystem was asked to write to 'D:\SteamLibrary\steamapps\common\GarrysMod\garrysmod\maps\RAOIM\gm_fnaffactorys.bsp', but we don't own that location. Allowing.
Wrote ZIP buffer, estimated size 175510, actual size 174626
0 seconds elapsed



16 threads
reading d:\steamlibrary\steamapps\common\garrysmod\garrysmod\maps\raoim\gm_fnaffactorys.bsp
reading d:\steamlibrary\steamapps\common\garrysmod\garrysmod\maps\raoim\gm_fnaffactorys.prt
 162 portalclusters
 338 numportals
0...1...2...3...4...5...6...7...8...9...100...1...2...3...4...5...6...7...8...9...10Optimized: 232 visible clusters (0.00%)
Total clusters visible: 8278
Average clusters visible: 51
Building PAS...
Average clusters audible: 109
visdatasize:7088  compressed from 7776
writing d:\steamlibrary\steamapps\common\garrysmod\garrysmod\maps\raoim\gm_fnaffactorys.bsp
MSG_FILEWRITE - Filesystem was asked to write to 'd:\steamlibrary\steamapps\common\garrysmod\garrysmod\maps\raoim\gm_fnaffactorys.bsp', but we don't own that location. Allowing.
0 seconds elapsed



[Reading texlights from 'lights.rad']
[48 texlights parsed from 'lights.rad']

Loading d:\steamlibrary\steamapps\common\garrysmod\garrysmod\maps\raoim\gm_fnaffactorys.bsp
976 faces
180779 square feet [26032240.00 square inches]
10 Displacements
21500 Square Feet [3096054.75 Square Inches]
976 patches before subdivision
21376 patches after subdivision
51 direct lights
0...
WARNING: Too many light styles on a face at (-776.000000, 2495.000000, 120.000000)

WARNING: Too many light styles on a face at (-840.000000, 2495.000000, 296.000000)

WARNING: Too many light styles on a face at (-1016.000000, 2488.000000, 97.000000)
1.
WARNING: Too many light styles on a face at (-1032.000000, 2495.000000, 280.000000)
..2.
WARNING: Too many light styles on a face at (-632.000000, 1128.000000, 65.000000)

WARNING: Too many light styles on a face at (-1016.000000, 1912.000000, 65.000000)
.
WARNING: Too many light styles on a face at (-1080.000000, 1528.000000, 65.000000)

WARNING: Too many light styles on a face at (-1272.000000, 1192.000000, 65.000000)
.
WARNING: Too many light styles on a face at (-1080.000000, 1832.000000, 65.000000)
3
WARNING: Too many light styles on a face at (-1272.000000, 1535.000000, 216.000000)
...4...5...6...7...
WARNING: Too many light styles on a face at (-536.000000, 760.000000, 65.000000)
8...
WARNING: Too many light styles on a face at (-1080.000000, 1016.000000, 65.000000)
9
WARNING: Too many light styles on a face at (-1464.000000, 808.000000, 65.000000)
...100...1...2...3...4...5...6...7...8...9...10transfers 1252376, max 265
transfer lists:   9.6 megs
0...1...2...3...4...5...6...7...8...9...10	Bounce #1 added RGB(932, 1051, 1067)
0...1...2...3...4...5...6...7...8...9...10	Bounce #2 added RGB(143, 131, 93)
0...1...2...3...4...5...6...7...8...9...10	Bounce #3 added RGB(26, 20, 11)
0...1...2...3...4...5...6...7...8...9...10	Bounce #4 added RGB(5, 4, 1)
0...1...2...3...4...5...6...7...8...9...10	Bounce #5 added RGB(1, 1, 0)
0...1...2...3...4...5...6...7...8...9...10	Bounce #6 added RGB(0, 0, 0)
Build Patch/Sample Hash Table(s).....Done<0.0023 sec>
0...1...2...3...4...5...6...7...8...9...10FinalLightFace Done
0 of 0 (0% of) surface lights went in leaf ambient cubes.
0...1...2...3...4...5...6...7...8...9...10Writing leaf ambient...done
Computing static prop lighting : 00...1...2...3...4...5...6...7...8...9...10
Ready to Finish

Object names       Objects/Maxobjs  Memory / Maxmem  Fullness 
------------       ---------------  ---------------  -------- 
models                  20/4096          960/196608   ( 0.5%) 
brushes                585/32768        7020/393216   ( 1.8%) 
brushsides            4985/65536       39880/524288   ( 7.6%) 
planes                2328/65536       46560/1310720  ( 3.6%) 
vertexes              1815/65536       21780/786432   ( 2.8%) 
nodes                  561/65536       17952/2097152  ( 0.9%) 
texinfos               243/12288       17496/884736   ( 2.0%) 
texdata                 52/2048         1664/65536    ( 2.5%) 
dispinfos               10/0            1760/0        ( 0.0%) 
disp_verts            2682/0           53640/0        ( 0.0%) 
disp_tris             4736/0            9472/0        ( 0.0%) 
disp_lmsamples       37141/0           37141/0        ( 0.0%) 
faces                  976/65536       54656/3670016  ( 1.5%) 
hdr faces              976/65536       54656/3670016  ( 1.5%) 
origfaces              721/65536       40376/3670016  ( 1.1%) 
leaves                 582/65536       18624/2097152  ( 0.9%) 
leaffaces             1046/65536        2092/131072   ( 1.6%) 
leafbrushes            850/65536        1700/131072   ( 1.3%) 
areas                    2/1024           16/8192     ( 0.2%) 
surfedges             7477/512000      29908/2048000  ( 1.5%) 
edges                 4580/256000      18320/1024000  ( 1.8%) 
LDR worldlights          0/16384           0/1441792  ( 0.0%) 
HDR worldlights         51/16384        4488/1441792  ( 0.3%) 
leafwaterdata            1/32768          12/393216   ( 0.0%) 
waterstrips            100/131072       1000/1310720  ( 0.1%) 
waterverts               0/131072          0/1572864  ( 0.0%) 
waterindices          1674/131072       3348/262144   ( 1.3%) 
cubemapsamples           0/1024            0/16384    ( 0.0%) 
overlays                 7/1024         2464/360448   ( 0.7%) 
LDR lightdata         [variable]           0/0        ( 0.0%) 
HDR lightdata         [variable]     1441116/0        ( 0.0%) 
visdata               [variable]        7088/16777216 ( 0.0%) 
entdata               [variable]       76734/393216   (19.5%) 
LDR ambient table      582/65536        2328/262144   ( 0.9%) 
HDR ambient table      582/65536        2328/262144   ( 0.9%) 
LDR leaf ambient       582/65536       16296/1835008  ( 0.9%) 
HDR leaf ambient      1049/65536       29372/1835008  ( 1.6%) 
occluders                0/0               0/0        ( 0.0%) 
occluder polygons        0/0               0/0        ( 0.0%) 
occluder vert ind        0/0               0/0        ( 0.0%) 
detail props          [variable]           1/12       ( 8.3%) 
static props          [variable]           1/13680    ( 0.0%) 
pakfile               [variable]     1135342/0        ( 0.0%) 
physics               [variable]      205479/4194304  ( 4.9%) 
physics terrain       [variable]        8375/1048576  ( 0.8%) 

Level flags = 2

Total triangle count: 2658
Writing d:\steamlibrary\steamapps\common\garrysmod\garrysmod\maps\raoim\gm_fnaffactorys.bsp
4 seconds elapsed



materialPath: D:\SteamLibrary\steamapps\common\Source SDK Base 2013 Multiplayer\hl2\materials
Loading D:\SteamLibrary\steamapps\common\GarrysMod\garrysmod\maps\RAOIM\gm_fnaffactorys.vmf
Map revision 106
ConVarRef mat_reduceparticles doesn't point to an existing ConVar
Could not locate 'GameData' key in d:\steamlibrary\steamapps\common\source sdk base 2013 multiplayer\hl2\gameinfo.txt
fixing up env_cubemap materials on brush sides...
0...1...2...3...4...5...6...7...8...9...100...1...2...3...4...5...6...7...8...9...10Processing areas...done (0)
Building Faces...done (0)
Chop Details...done (0)
Find Visible Detail Sides...
Merged 20 detail faces...done (0)
Merging details...done (0)
FixTjuncs...
PruneNodes...
WriteBSP...
done (0)
writing D:\SteamLibrary\steamapps\common\GarrysMod\garrysmod\maps\RAOIM\gm_fnaffactorys.prt...Building visibility clusters...
done (0)
Finding displacement neighbors...
Finding lightmap sample positions...
Displacement Alpha : 0...1...2...3...4...5...6...7...8...9...10
Building Physics collision data...
done (0) (200243 bytes)
Placing detail props : 0...1...2...3...4...5...6...7...8...9...10
Water found with no water_lod_control entity, creating a default one.
Compacting texture/material tables...
Reduced 428 texinfos to 240
Reduced 49 texdatas to 46 (1217 bytes to 1063)
Writing D:\SteamLibrary\steamapps\common\GarrysMod\garrysmod\maps\RAOIM\gm_fnaffactorys.bsp
MSG_FILEWRITE - Filesystem was asked to write to 'D:\SteamLibrary\steamapps\common\GarrysMod\garrysmod\maps\RAOIM\gm_fnaffactorys.bsp', but we don't own that location. Allowing.
Wrote ZIP buffer, estimated size 175324, actual size 174440
0 seconds elapsed



16 threads
reading d:\steamlibrary\steamapps\common\garrysmod\garrysmod\maps\raoim\gm_fnaffactorys.bsp
reading d:\steamlibrary\steamapps\common\garrysmod\garrysmod\maps\raoim\gm_fnaffactorys.prt
 162 portalclusters
 334 numportals
0...1...2...3...4...5...6...7...8...9...100...1...2...3...4...5...6...7...8...9...10Optimized: 186 visible clusters (0.00%)
Total clusters visible: 8730
Average clusters visible: 53
Building PAS...
Average clusters audible: 114
visdatasize:7287  compressed from 7776
writing d:\steamlibrary\steamapps\common\garrysmod\garrysmod\maps\raoim\gm_fnaffactorys.bsp
MSG_FILEWRITE - Filesystem was asked to write to 'd:\steamlibrary\steamapps\common\garrysmod\garrysmod\maps\raoim\gm_fnaffactorys.bsp', but we don't own that location. Allowing.
0 seconds elapsed



[Reading texlights from 'lights.rad']
[48 texlights parsed from 'lights.rad']

Loading d:\steamlibrary\steamapps\common\garrysmod\garrysmod\maps\raoim\gm_fnaffactorys.bsp
907 faces
175667 square feet [25296144.00 square inches]
10 Displacements
21500 Square Feet [3096054.75 Square Inches]
907 patches before subdivision
20341 patches after subdivision
51 direct lights
0...1
WARNING: Too many light styles on a face at (-776.000000, 2495.000000, 120.000000)

WARNING: Too many light styles on a face at (-1016.000000, 2488.000000, 97.000000)

WARNING: Too many light styles on a face at (-840.000000, 2495.000000, 296.000000)
.
WARNING: Too many light styles on a face at (-1032.000000, 2495.000000, 280.000000)
..2.
WARNING: Too many light styles on a face at (-632.000000, 1128.000000, 65.000000)
.
WARNING: Too many light styles on a face at (-1016.000000, 1912.000000, 65.000000)
.
WARNING: Too many light styles on a face at (-1080.000000, 1528.000000, 65.000000)

WARNING: Too many light styles on a face at (-1272.000000, 1192.000000, 65.000000)
3
WARNING: Too many light styles on a face at (-1080.000000, 1832.000000, 65.000000)
.
WARNING: Too many light styles on a face at (-1272.000000, 1535.000000, 216.000000)
..4...5...6...7...
WARNING: Too many light styles on a face at (-536.000000, 760.000000, 65.000000)
8...
WARNING: Too many light styles on a face at (-1080.000000, 1016.000000, 65.000000)

WARNING: Too many light styles on a face at (-1464.000000, 808.000000, 65.000000)
9...100...1...2...3...4...5...6...7...8...9...10transfers 1182220, max 265
transfer lists:   9.0 megs
0...1...2...3...4...5...6...7...8...9...10	Bounce #1 added RGB(1042, 1085, 972)
0...1...2...3...4...5...6...7...8...9...10	Bounce #2 added RGB(175, 136, 74)
0...1...2...3...4...5...6...7...8...9...10	Bounce #3 added RGB(34, 20, 7)
0...1...2...3...4...5...6...7...8...9...10	Bounce #4 added RGB(7, 3, 1)
0...1...2...3...4...5...6...7...8...9...10	Bounce #5 added RGB(2, 1, 0)
0...1...2...3...4...5...6...7...8...9...10	Bounce #6 added RGB(0, 0, 0)
Build Patch/Sample Hash Table(s).....Done<0.0022 sec>
0...1...2...3...4...5...6...7...8...9...10FinalLightFace Done
0 of 0 (0% of) surface lights went in leaf ambient cubes.
0...1...2...3...4...5...6...7...8...9...10Writing leaf ambient...done
Computing static prop lighting : 00...1...2...3...4...5...6...7...8...9...10
Ready to Finish

Object names       Objects/Maxobjs  Memory / Maxmem  Fullness 
------------       ---------------  ---------------  -------- 
models                  20/4096          960/196608   ( 0.5%) 
brushes                571/32768        6852/393216   ( 1.7%) 
brushsides            4901/65536       39208/524288   ( 7.5%) 
planes                2318/65536       46360/1310720  ( 3.5%) 
vertexes              1653/65536       19836/786432   ( 2.5%) 
nodes                  562/65536       17984/2097152  ( 0.9%) 
texinfos               240/12288       17280/884736   ( 2.0%) 
texdata                 46/2048         1472/65536    ( 2.2%) 
dispinfos               10/0            1760/0        ( 0.0%) 
disp_verts            2682/0           53640/0        ( 0.0%) 
disp_tris             4736/0            9472/0        ( 0.0%) 
disp_lmsamples       37141/0           37141/0        ( 0.0%) 
faces                  907/65536       50792/3670016  ( 1.4%) 
hdr faces              907/65536       50792/3670016  ( 1.4%) 
origfaces              677/65536       37912/3670016  ( 1.0%) 
leaves                 583/65536       18656/2097152  ( 0.9%) 
leaffaces              963/65536        1926/131072   ( 1.5%) 
leafbrushes            830/65536        1660/131072   ( 1.3%) 
areas                    2/1024           16/8192     ( 0.2%) 
surfedges             6934/512000      27736/2048000  ( 1.4%) 
edges                 4215/256000      16860/1024000  ( 1.6%) 
LDR worldlights          0/16384           0/1441792  ( 0.0%) 
HDR worldlights         51/16384        4488/1441792  ( 0.3%) 
leafwaterdata            1/32768          12/393216   ( 0.0%) 
waterstrips             77/131072        770/1310720  ( 0.1%) 
waterverts               0/131072          0/1572864  ( 0.0%) 
waterindices          1278/131072       2556/262144   ( 1.0%) 
cubemapsamples           0/1024            0/16384    ( 0.0%) 
overlays                 7/1024         2464/360448   ( 0.7%) 
LDR lightdata         [variable]           0/0        ( 0.0%) 
HDR lightdata         [variable]     2517968/0        ( 0.0%) 
visdata               [variable]        7287/16777216 ( 0.0%) 
entdata               [variable]       76572/393216   (19.5%) 
LDR ambient table      583/65536        2332/262144   ( 0.9%) 
HDR ambient table      583/65536        2332/262144   ( 0.9%) 
LDR leaf ambient       583/65536       16324/1835008  ( 0.9%) 
HDR leaf ambient      1062/65536       29736/1835008  ( 1.6%) 
occluders                0/0               0/0        ( 0.0%) 
occluder polygons        0/0               0/0        ( 0.0%) 
occluder vert ind        0/0               0/0        ( 0.0%) 
detail props          [variable]           1/12       ( 8.3%) 
static props          [variable]           1/13580    ( 0.0%) 
pakfile               [variable]     1119692/0        ( 0.0%) 
physics               [variable]      200243/4194304  ( 4.8%) 
physics terrain       [variable]        8375/1048576  ( 0.8%) 

Level flags = 2

Total triangle count: 2418
Writing d:\steamlibrary\steamapps\common\garrysmod\garrysmod\maps\raoim\gm_fnaffactorys.bsp
3 seconds elapsed



materialPath: D:\SteamLibrary\steamapps\common\Source SDK Base 2013 Multiplayer\hl2\materials
Loading D:\SteamLibrary\steamapps\common\GarrysMod\garrysmod\maps\RAOIM\gm_fnaffactorys.vmf
Map revision 107
ConVarRef mat_reduceparticles doesn't point to an existing ConVar
Could not locate 'GameData' key in d:\steamlibrary\steamapps\common\source sdk base 2013 multiplayer\hl2\gameinfo.txt
fixing up env_cubemap materials on brush sides...
0...1...2...3...4...5...6...7...8...9...100...1...2...3...4...5...6...7...8...9...10Processing areas...done (0)
Building Faces...done (0)
Chop Details...done (0)
Find Visible Detail Sides...
Merged 20 detail faces...done (0)
Merging details...done (0)
FixTjuncs...
PruneNodes...
WriteBSP...
done (0)
writing D:\SteamLibrary\steamapps\common\GarrysMod\garrysmod\maps\RAOIM\gm_fnaffactorys.prt...Building visibility clusters...
done (0)
Finding displacement neighbors...
Finding lightmap sample positions...
Displacement Alpha : 0...1...2...3...4...5...6...7...8...9...10
Building Physics collision data...
done (0) (200243 bytes)
Placing detail props : 0...1...2...3...4...5...6...7...8...9...10
Water found with no water_lod_control entity, creating a default one.
Compacting texture/material tables...
Reduced 432 texinfos to 241
Reduced 50 texdatas to 47 (1235 bytes to 1081)
Writing D:\SteamLibrary\steamapps\common\GarrysMod\garrysmod\maps\RAOIM\gm_fnaffactorys.bsp
MSG_FILEWRITE - Filesystem was asked to write to 'D:\SteamLibrary\steamapps\common\GarrysMod\garrysmod\maps\RAOIM\gm_fnaffactorys.bsp', but we don't own that location. Allowing.
Wrote ZIP buffer, estimated size 175324, actual size 174440
0 seconds elapsed



16 threads
reading d:\steamlibrary\steamapps\common\garrysmod\garrysmod\maps\raoim\gm_fnaffactorys.bsp
reading d:\steamlibrary\steamapps\common\garrysmod\garrysmod\maps\raoim\gm_fnaffactorys.prt
 162 portalclusters
 334 numportals
0...1...2...3...4...5...6...7...8...9...100...1...2...3...4...5...6...7...8...9...10Optimized: 187 visible clusters (0.00%)
Total clusters visible: 8731
Average clusters visible: 53
Building PAS...
Average clusters audible: 114
visdatasize:7287  compressed from 7776
writing d:\steamlibrary\steamapps\common\garrysmod\garrysmod\maps\raoim\gm_fnaffactorys.bsp
MSG_FILEWRITE - Filesystem was asked to write to 'd:\steamlibrary\steamapps\common\garrysmod\garrysmod\maps\raoim\gm_fnaffactorys.bsp', but we don't own that location. Allowing.
0 seconds elapsed



[Reading texlights from 'lights.rad']
[48 texlights parsed from 'lights.rad']

Loading d:\steamlibrary\steamapps\common\garrysmod\garrysmod\maps\raoim\gm_fnaffactorys.bsp
909 faces
175698 square feet [25300632.00 square inches]
10 Displacements
21500 Square Feet [3096054.75 Square Inches]
909 patches before subdivision
20349 patches after subdivision
51 direct lights
0...1
WARNING: Too many light styles on a face at (-776.000000, 2495.000000, 120.000000)

WARNING: Too many light styles on a face at (-1016.000000, 2488.000000, 97.000000)

WARNING: Too many light styles on a face at (-840.000000, 2495.000000, 296.000000)
.
WARNING: Too many light styles on a face at (-1032.000000, 2495.000000, 280.000000)
..2.
WARNING: Too many light styles on a face at (-632.000000, 1128.000000, 65.000000)
.
WARNING: Too many light styles on a face at (-1016.000000, 1912.000000, 65.000000)
.
WARNING: Too many light styles on a face at (-1080.000000, 1528.000000, 65.000000)

WARNING: Too many light styles on a face at (-1272.000000, 1192.000000, 65.000000)
3
WARNING: Too many light styles on a face at (-1080.000000, 1832.000000, 65.000000)
.
WARNING: Too many light styles on a face at (-1272.000000, 1535.000000, 216.000000)
..4...5...6...7...
WARNING: Too many light styles on a face at (-536.000000, 760.000000, 65.000000)
8...
WARNING: Too many light styles on a face at (-1080.000000, 1016.000000, 65.000000)
9
WARNING: Too many light styles on a face at (-1464.000000, 808.000000, 65.000000)
...100...1...2...3...4...5...6...7...8...9...10transfers 1182360, max 265
transfer lists:   9.0 megs
0...1...2...3...4...5...6...7...8...9...10	Bounce #1 added RGB(1042, 1085, 972)
0...1...2...3...4...5...6...7...8...9...10	Bounce #2 added RGB(175, 136, 74)
0...1...2...3...4...5...6...7...8...9...10	Bounce #3 added RGB(34, 20, 7)
0...1...2...3...4...5...6...7...8...9...10	Bounce #4 added RGB(7, 3, 1)
0...1...2...3...4...5...6...7...8...9...10	Bounce #5 added RGB(2, 1, 0)
0...1...2...3...4...5...6...7...8...9...10	Bounce #6 added RGB(0, 0, 0)
Build Patch/Sample Hash Table(s).....Done<0.0020 sec>
0...1...2...3...4...5...6...7...8...9...10FinalLightFace Done
0 of 0 (0% of) surface lights went in leaf ambient cubes.
0...1...2...3...4...5...6...7...8...9...10Writing leaf ambient...done
Computing static prop lighting : 00...1...2...3...4...5...6...7...8...9...10
Ready to Finish

Object names       Objects/Maxobjs  Memory / Maxmem  Fullness 
------------       ---------------  ---------------  -------- 
models                  20/4096          960/196608   ( 0.5%) 
brushes                571/32768        6852/393216   ( 1.7%) 
brushsides            4901/65536       39208/524288   ( 7.5%) 
planes                2318/65536       46360/1310720  ( 3.5%) 
vertexes              1653/65536       19836/786432   ( 2.5%) 
nodes                  562/65536       17984/2097152  ( 0.9%) 
texinfos               241/12288       17352/884736   ( 2.0%) 
texdata                 47/2048         1504/65536    ( 2.3%) 
dispinfos               10/0            1760/0        ( 0.0%) 
disp_verts            2682/0           53640/0        ( 0.0%) 
disp_tris             4736/0            9472/0        ( 0.0%) 
disp_lmsamples       37141/0           37141/0        ( 0.0%) 
faces                  909/65536       50904/3670016  ( 1.4%) 
hdr faces              909/65536       50904/3670016  ( 1.4%) 
origfaces              678/65536       37968/3670016  ( 1.0%) 
leaves                 583/65536       18656/2097152  ( 0.9%) 
leaffaces              965/65536        1930/131072   ( 1.5%) 
leafbrushes            830/65536        1660/131072   ( 1.3%) 
areas                    2/1024           16/8192     ( 0.2%) 
surfedges             6961/512000      27844/2048000  ( 1.4%) 
edges                 4218/256000      16872/1024000  ( 1.6%) 
LDR worldlights          0/16384           0/1441792  ( 0.0%) 
HDR worldlights         51/16384        4488/1441792  ( 0.3%) 
leafwaterdata            1/32768          12/393216   ( 0.0%) 
waterstrips             77/131072        770/1310720  ( 0.1%) 
waterverts               0/131072          0/1572864  ( 0.0%) 
waterindices          1278/131072       2556/262144   ( 1.0%) 
cubemapsamples           0/1024            0/16384    ( 0.0%) 
overlays                 7/1024         2464/360448   ( 0.7%) 
LDR lightdata         [variable]           0/0        ( 0.0%) 
HDR lightdata         [variable]     2518184/0        ( 0.0%) 
visdata               [variable]        7287/16777216 ( 0.0%) 
entdata               [variable]       76572/393216   (19.5%) 
LDR ambient table      583/65536        2332/262144   ( 0.9%) 
HDR ambient table      583/65536        2332/262144   ( 0.9%) 
LDR leaf ambient       583/65536       16324/1835008  ( 0.9%) 
HDR leaf ambient      1062/65536       29736/1835008  ( 1.6%) 
occluders                0/0               0/0        ( 0.0%) 
occluder polygons        0/0               0/0        ( 0.0%) 
occluder vert ind        0/0               0/0        ( 0.0%) 
detail props          [variable]           1/12       ( 8.3%) 
static props          [variable]           1/13580    ( 0.0%) 
pakfile               [variable]     1119692/0        ( 0.0%) 
physics               [variable]      200243/4194304  ( 4.8%) 
physics terrain       [variable]        8375/1048576  ( 0.8%) 

Level flags = 2

Total triangle count: 2437
Writing d:\steamlibrary\steamapps\common\garrysmod\garrysmod\maps\raoim\gm_fnaffactorys.bsp
3 seconds elapsed
