PRT1
160
318
4 0 4 (2560 2048 0 ) (2560 2048 768 ) (2048 2048 768 ) (2048 2048 0 ) 
4 0 2 (2048 2048 0 ) (2048 2048 768 ) (2048 2176 768 ) (2048 2176 0 ) 
4 2 7 (1536 2048 768 ) (1024 2048 768 ) (1024 2048 0 ) (1536 2048 0 ) 
4 2 6 (2048 2048 0 ) (2048 2048 768 ) (1536 2048 768 ) (1536 2048 0 ) 
4 2 3 (1024 2048 0 ) (1024 2048 768 ) (1024 2176 768 ) (1024 2176 0 ) 
4 3 17 (0 2048 0 ) (0 2048 768 ) (0 2176 768 ) (0 2176 0 ) 
4 3 9 (1024 2048 0 ) (1024 2048 768 ) (0 2048 768 ) (0 2048 0 ) 
4 4 6 (2048 1024 0 ) (2048 1024 768 ) (2048 2048 768 ) (2048 2048 0 ) 
4 4 5 (2560 1024 0 ) (2560 1024 768 ) (2048 1024 768 ) (2048 1024 0 ) 
4 5 11 (2048 512 0 ) (2048 512 768 ) (2048 1024 768 ) (2048 1024 0 ) 
4 6 11 (2048 1024 0 ) (2048 1024 768 ) (1536 1024 768 ) (1536 1024 0 ) 
4 6 8 (1536 1024 32 ) (1536 1024 768 ) (1536 1664 768 ) (1536 1664 32 ) 
4 6 7 (1536 2048 0 ) (1536 1664 0 ) (1536 1664 768 ) (1536 2048 768 ) 
4 7 9 (1024 1664 768 ) (1024 2048 768 ) (1024 2048 0 ) (1024 1664 0 ) 
4 7 8 (1536 1664 32 ) (1536 1664 768 ) (1024 1664 768 ) (1024 1664 32 ) 
4 8 12 (1536 1024 768 ) (1024 1024 768 ) (1024 1024 32 ) (1536 1024 32 ) 
4 8 10 (1024 1024 32 ) (1024 1024 768 ) (1024 1664 768 ) (1024 1664 32 ) 
4 9 23 (0 2048 32 ) (0 2048 0 ) (0 1664 0 ) (0 1664 32 ) 
4 9 22 (0 1664 768 ) (0 2048 768 ) (0 2048 32 ) (0 1664 32 ) 
4 9 10 (1024 1664 32 ) (1024 1664 768 ) (0 1664 768 ) (0 1664 32 ) 
4 10 22 (0 1024 32 ) (0 1024 768 ) (0 1664 768 ) (0 1664 32 ) 
4 10 13 (896 1024 32 ) (1024 1024 32 ) (1024 1024 768 ) (896 1024 768 ) 
4 10 14 (0 1024 768 ) (0 1024 32 ) (896 1024 32 ) (896 1024 768 ) 
4 11 12 (1536 512 32 ) (1536 512 768 ) (1536 1024 768 ) (1536 1024 32 ) 
4 12 13 (1024 1024 768 ) (1024 1024 32 ) (1024 512 32 ) (1024 512 768 ) 
4 13 14 (896 512 32 ) (896 512 768 ) (896 1024 768 ) (896 1024 32 ) 
4 14 105 (0 512 0 ) (0 512 64 ) (0 1024 64 ) (0 1024 0 ) 
4 14 84 (0 512 64 ) (0 512 128 ) (0 1024 128 ) (0 1024 64 ) 
4 14 68 (0 512 128 ) (0 512 288 ) (0 1024 288 ) (0 1024 128 ) 
4 14 64 (0 512 288 ) (0 512 384 ) (0 1024 384 ) (0 1024 288 ) 
4 14 62 (0 512 384 ) (0 512 448 ) (0 1024 448 ) (0 1024 384 ) 
4 14 61 (0 512 448 ) (0 512 768 ) (0 1024 768 ) (0 1024 448 ) 
4 15 20 (-1024 2304 96 ) (-1024 2304 320 ) (-1024 2496 320 ) (-1024 2496 96 ) 
4 15 16 (-1024 2304 320 ) (-1024 2304 96 ) (-640 2304 96 ) (-640 2304 320 ) 
4 16 21 (-1024 2176 64 ) (-1024 2176 352 ) (-1024 2304 352 ) (-1024 2304 64 ) 
4 16 19 (-576 2176 64 ) (-576 2176 352 ) (-1024 2176 352 ) (-1024 2176 64 ) 
4 17 23 (0 2048 0 ) (0 2048 32 ) (-32 2048 32 ) (-32 2048 0 ) 
4 17 22 (0 2048 32 ) (0 2048 768 ) (-32 2048 768 ) (-32 2048 32 ) 
4 18 27 (-384 2048 96 ) (-384 2048 318.116028 ) (-576 2048 318.116028 ) (-576 2048 96 ) 
4 18 19 (-576 2176 318.116028 ) (-576 2176 96 ) (-576 2048 96 ) (-576 2048 318.116028 ) 
4 19 33 (-960 2048 352 ) (-992 2048 352 ) (-992 2048 64 ) (-960 2048 64 ) 
4 19 32 (-832 2048 352 ) (-960 2048 352 ) (-960 2048 64 ) (-832 2048 64 ) 
4 19 34 (-992 2048 352 ) (-1024 2048 352 ) (-1024 2048 64 ) (-992 2048 64 ) 
4 19 29 (-576 2048 64 ) (-576 2048 352 ) (-832 2048 352 ) (-832 2048 64 ) 
4 19 21 (-1024 2048 64 ) (-1024 2048 352 ) (-1024 2176 352 ) (-1024 2176 64 ) 
4 20 21 (-1024 2304 96 ) (-1024 2304 320 ) (-1216 2304 320 ) (-1216 2304 96 ) 
4 21 38 (-1024 2048 64 ) (-1024 2048 288 ) (-1280 2048 288 ) (-1280 2048 64 ) 
4 21 37 (-1024 2048 288 ) (-1024 2048 352 ) (-1280 2048 352 ) (-1280 2048 288 ) 
4 22 105 (0 1024 32 ) (0 1024 64 ) (-32 1024 64 ) (-32 1024 32 ) 
4 22 84 (0 1024 64 ) (0 1024 128 ) (-32 1024 128 ) (-32 1024 64 ) 
4 22 68 (0 1024 128 ) (0 1024 288 ) (-32 1024 288 ) (-32 1024 128 ) 
4 22 64 (0 1024 288 ) (0 1024 384 ) (-32 1024 384 ) (-32 1024 288 ) 
4 22 62 (0 1024 384 ) (0 1024 448 ) (-32 1024 448 ) (-32 1024 384 ) 
4 22 61 (0 1024 448 ) (0 1024 768 ) (-32 1024 768 ) (-32 1024 448 ) 
4 22 24 (-32 1024 64 ) (-32 1024 768 ) (-32 1664 768 ) (-32 1664 64 ) 
4 22 23 (-32 1664 32 ) (-32 2048 32 ) (0 2048 32 ) (0 1664 32 ) 
4 24 26 (-352 1280 192 ) (-352 1280 64 ) (-352 1152 64 ) (-352 1152 192 ) 
4 24 25 (-352 1536 192 ) (-352 1536 64 ) (-352 1408 64 ) (-352 1408 192 ) 
4 25 28 (-384 1536 64 ) (-384 1408 64 ) (-384 1408 192 ) (-384 1536 192 ) 
4 26 28 (-384 1280 64 ) (-384 1152 64 ) (-384 1152 192 ) (-384 1280 192 ) 
4 27 29 (-576 1792 96 ) (-576 1792 318.116028 ) (-576 2048 318.116028 ) (-576 2048 96 ) 
4 28 85 (-384 1024 64 ) (-384 1024 128 ) (-576 1024 128 ) (-576 1024 64 ) 
4 28 69 (-384 1024 128 ) (-384 1024 288 ) (-576 1024 288 ) (-576 1024 128 ) 
4 28 31 (-576 1024 64 ) (-576 1024 288 ) (-576 1216 288 ) (-576 1216 64 ) 
4 28 30 (-576 1280 288 ) (-576 1536 288 ) (-576 1536 64 ) (-576 1280 64 ) 
4 28 29 (-576 1600 288 ) (-576 1728 288 ) (-576 1728 64 ) (-576 1600 64 ) 
4 29 35 (-832 1984 64 ) (-832 1600 64 ) (-832 1600 352 ) (-832 1984 352 ) 
4 29 32 (-832 2048 352 ) (-832 2048 64 ) (-832 1984 64 ) (-832 1984 352 ) 
4 30 36 (-832 1536 64 ) (-832 1280 64 ) (-832 1280 288 ) (-832 1536 288 ) 
4 31 89 (-768 1024 128 ) (-832 1024 128 ) (-832 1024 64 ) (-768 1024 64 ) 
4 31 86 (-576 1024 64 ) (-576 1024 128 ) (-768 1024 128 ) (-768 1024 64 ) 
4 31 74 (-768 1024 288 ) (-832 1024 288 ) (-832 1024 128 ) (-768 1024 128 ) 
4 31 72 (-736 1024 288 ) (-768 1024 288 ) (-768 1024 128 ) (-736 1024 128 ) 
4 31 70 (-576 1024 128 ) (-576 1024 288 ) (-736 1024 288 ) (-736 1024 128 ) 
4 31 36 (-832 1216 64 ) (-832 1024 64 ) (-832 1024 288 ) (-832 1216 288 ) 
4 32 35 (-960 1984 64 ) (-832 1984 64 ) (-832 1984 352 ) (-960 1984 352 ) 
4 32 33 (-960 2048 64 ) (-960 2016 64 ) (-960 2016 352 ) (-960 2048 352 ) 
4 33 34 (-992 2048 64 ) (-992 2016 64 ) (-992 2016 352 ) (-992 2048 352 ) 
4 34 38 (-1024 2048 288 ) (-1024 2048 64 ) (-1024 1984 64 ) (-1024 1984 288 ) 
4 34 37 (-1024 1984 352 ) (-1024 2048 352 ) (-1024 2048 288 ) (-1024 1984 288 ) 
4 34 35 (-1024 1984 64 ) (-992 1984 64 ) (-992 1984 352 ) (-1024 1984 352 ) 
4 35 38 (-1024 1984 288 ) (-1024 1984 64 ) (-1024 1600 64 ) (-1024 1600 288 ) 
4 35 37 (-1024 1600 352 ) (-1024 1984 352 ) (-1024 1984 288 ) (-1024 1600 288 ) 
4 35 36 (-1024 1600 64 ) (-832 1600 64 ) (-832 1600 288 ) (-1024 1600 288 ) 
4 36 91 (-832 1024 64 ) (-832 1024 128 ) (-1024 1024 128 ) (-1024 1024 64 ) 
4 36 76 (-832 1024 128 ) (-832 1024 288 ) (-1024 1024 288 ) (-1024 1024 128 ) 
4 36 40 (-1024 1024 64 ) (-1024 1024 288 ) (-1024 1216 288 ) (-1024 1216 64 ) 
4 36 39 (-1024 1280 288 ) (-1024 1536 288 ) (-1024 1536 64 ) (-1024 1280 64 ) 
4 37 38 (-1280 1600 288 ) (-1280 2048 288 ) (-1024 2048 288 ) (-1024 1600 288 ) 
4 38 42 (-1280 1728 64 ) (-1280 1600 64 ) (-1280 1600 288 ) (-1280 1728 288 ) 
4 38 41 (-1280 1968 64 ) (-1280 1840 64 ) (-1280 1840 192 ) (-1280 1968 192 ) 
4 39 42 (-1280 1536 64 ) (-1280 1280 64 ) (-1280 1280 288 ) (-1280 1536 288 ) 
4 40 123 (-1120 1024 128 ) (-1280 1024 128 ) (-1280 1024 64 ) (-1120 1024 64 ) 
4 40 120 (-1088 1024 128 ) (-1120 1024 128 ) (-1120 1024 64 ) (-1088 1024 64 ) 
4 40 116 (-1024 1024 64 ) (-1024 1024 128 ) (-1088 1024 128 ) (-1088 1024 64 ) 
4 40 108 (-1088 1024 288 ) (-1280 1024 288 ) (-1280 1024 128 ) (-1088 1024 128 ) 
4 40 106 (-1024 1024 128 ) (-1024 1024 288 ) (-1088 1024 288 ) (-1088 1024 128 ) 
4 40 42 (-1280 1216 64 ) (-1280 1024 64 ) (-1280 1024 288 ) (-1280 1216 288 ) 
4 41 43 (-1312 1968 64 ) (-1312 1840 64 ) (-1312 1840 192 ) (-1312 1968 192 ) 
4 42 123 (-1312 1024 128 ) (-1312 1024 64 ) (-1280 1024 64 ) (-1280 1024 128 ) 
4 42 108 (-1280 1024 288 ) (-1312 1024 288 ) (-1312 1024 128 ) (-1280 1024 128 ) 
4 42 44 (-1312 1728 64 ) (-1312 1024 64 ) (-1312 1024 288 ) (-1312 1728 288 ) 
4 43 45 (-1472 2016 64 ) (-1472 1792 64 ) (-1472 1792 288 ) (-1472 2016 288 ) 
4 44 123 (-1472 1024 128 ) (-1472 1024 64 ) (-1312 1024 64 ) (-1312 1024 128 ) 
4 44 108 (-1312 1024 288 ) (-1472 1024 288 ) (-1472 1024 128 ) (-1312 1024 128 ) 
4 44 48 (-1472 1200 64 ) (-1472 1072 64 ) (-1472 1072 192 ) (-1472 1200 192 ) 
4 44 47 (-1472 1488 64 ) (-1472 1360 64 ) (-1472 1360 192 ) (-1472 1488 192 ) 
4 44 46 (-1472 1728 64 ) (-1472 1568 64 ) (-1472 1568 288 ) (-1472 1728 288 ) 
4 45 49 (-1504 2016 64 ) (-1504 1792 64 ) (-1504 1792 288 ) (-1504 2016 288 ) 
4 46 50 (-1504 1728 64 ) (-1504 1568 64 ) (-1504 1568 288 ) (-1504 1728 288 ) 
4 47 56 (-1504 1456 64 ) (-1504 1360 64 ) (-1504 1360 192 ) (-1504 1456 192 ) 
4 47 55 (-1504 1472 64 ) (-1504 1456 64 ) (-1504 1456 112 ) (-1504 1472 112 ) 
4 47 54 (-1504 1456 112 ) (-1504 1456 192 ) (-1504 1472 192 ) (-1504 1472 112 ) 
4 47 52 (-1504 1488 64 ) (-1504 1472 64 ) (-1504 1472 112 ) (-1504 1488 112 ) 
4 47 51 (-1504 1472 112 ) (-1504 1472 192 ) (-1504 1488 192 ) (-1504 1488 112 ) 
4 48 57 (-1504 1200 64 ) (-1504 1072 64 ) (-1504 1072 192 ) (-1504 1200 192 ) 
4 50 58 (-1824 1728 64 ) (-1824 1568 64 ) (-1824 1568 288 ) (-1824 1728 288 ) 
4 51 54 (-1824 1472 288 ) (-1824 1472 112 ) (-1504 1472 112 ) (-1504 1472 288 ) 
4 51 53 (-1760 1472 112 ) (-1808 1472 112 ) (-1808 1520 112 ) (-1760 1520 112 ) 
4 51 52 (-1504 1472 112 ) (-1744 1472 112 ) (-1744 1536 112 ) (-1504 1536 112 ) 
4 52 55 (-1744 1472 64 ) (-1504 1472 64 ) (-1504 1472 112 ) (-1744 1472 112 ) 
4 54 56 (-1824 1456 288 ) (-1824 1456 112 ) (-1504 1456 112 ) (-1504 1456 288 ) 
4 54 55 (-1504 1456 112 ) (-1744 1456 112 ) (-1744 1472 112 ) (-1504 1472 112 ) 
4 55 56 (-1744 1456 64 ) (-1504 1456 64 ) (-1504 1456 112 ) (-1744 1456 112 ) 
4 58 59 (-1984 1712 64 ) (-1984 1584 64 ) (-1984 1584 192 ) (-1984 1712 192 ) 
4 59 60 (-2016 1712 64 ) (-2016 1584 64 ) (-2016 1584 192 ) (-2016 1712 192 ) 
4 60 158 (-2048 1440 64 ) (-2048 1376 64 ) (-2048 1376 65 ) (-2048 1440 65 ) 
4 60 153 (-2048 1472 64 ) (-2048 1465.333374 64 ) (-2048 1465.333374 65 ) (-2048 1472 65 ) 
4 60 151 (-2048 1465.333374 64 ) (-2048 1455.986816 64 ) (-2048 1455.986816 65 ) (-2048 1465.333374 65 ) 
4 60 149 (-2048 1455.986816 64 ) (-2048 1440 64 ) (-2048 1440 65 ) (-2048 1455.986816 65 ) 
4 60 143 (-2048 1830.666626 64 ) (-2048 1824 64 ) (-2048 1824 65 ) (-2048 1830.666626 65 ) 
4 60 141 (-2048 1839.971680 64 ) (-2048 1830.666626 64 ) (-2048 1830.666626 65 ) (-2048 1839.971680 65 ) 
4 60 139 (-2048 1856 64 ) (-2048 1839.971680 64 ) (-2048 1839.971680 65 ) (-2048 1856 65 ) 
4 60 138 (-2048 1920 65 ) (-2048 1920 64 ) (-2048 1856 64 ) (-2048 1856 65 ) 
4 60 137 (-2048 1376 288 ) (-2048 1920 288 ) (-2048 1920 65 ) (-2048 1376 65 ) 
4 61 62 (0 512 448 ) (-32 512 448 ) (-32 1024 448 ) (0 1024 448 ) 
4 62 64 (-32 1024 384 ) (0 1024 384 ) (0 512 384 ) (-32 512 384 ) 
5 63 65 (-1024 608 384 ) (-1024 608.002563 384 ) (-928.001343 704.001221 384 ) (-832 608 384 ) (-928 512 384 ) 
4 64 68 (-32 1024 288 ) (0 1024 288 ) (0 512 288 ) (-32 512 288 ) 
4 65 66 (-928.003906 512.003906 352 ) (-1024.001221 608.001282 352 ) (-928 704 352 ) (-832 608 352 ) 
5 66 67 (-832 608 320 ) (-928 512 320 ) (-1024 608 320 ) (-1024 608.002625 320 ) (-928.001282 704.001282 320 ) 
4 67 78 (-1024 512 288 ) (-1024 704 288 ) (-832 704 288 ) (-832 512 288 ) 
4 68 84 (-32 1024 128 ) (0 1024 128 ) (0 512 128 ) (-32 512 128 ) 
4 69 85 (-576 1024 128 ) (-384 1024 128 ) (-384 512 128 ) (-576 512 128 ) 
4 69 79 (-576 512 128 ) (-448 512 128 ) (-448 512 192 ) (-576 512 192 ) 
4 69 70 (-576 1024 128 ) (-576 960 128 ) (-576 960 288 ) (-576 1024 288 ) 
4 69 71 (-576 768 128 ) (-576 512 128 ) (-576 512 288 ) (-576 768 288 ) 
4 70 86 (-736 1024 128 ) (-576 1024 128 ) (-576 960 128 ) (-736 960 128 ) 
4 70 72 (-736 1024 128 ) (-736 960 128 ) (-736 960 288 ) (-736 1024 288 ) 
4 71 87 (-576 768 128 ) (-576 512 128 ) (-736 512 128 ) (-736 768 128 ) 
4 71 73 (-736 704 128 ) (-736 576 128 ) (-736 576 192 ) (-736 704 192 ) 
4 72 86 (-768 1024 128 ) (-736 1024 128 ) (-736 960 128 ) (-768 960 128 ) 
4 72 74 (-768 1024 128 ) (-768 960 128 ) (-768 960 288 ) (-768 1024 288 ) 
4 73 88 (-736 704 128 ) (-736 576 128 ) (-768 576 128 ) (-768 704 128 ) 
4 73 75 (-768 704 128 ) (-768 576 128 ) (-768 576 192 ) (-768 704 192 ) 
4 74 89 (-832 1024 128 ) (-768 1024 128 ) (-768 960 128 ) (-832 960 128 ) 
4 74 76 (-832 1024 128 ) (-832 960 128 ) (-832 960 288 ) (-832 1024 288 ) 
4 75 90 (-768 768 128 ) (-768 512 128 ) (-832 512 128 ) (-832 768 128 ) 
4 75 80 (-832 512 128 ) (-768 512 128 ) (-768 512 288 ) (-832 512 288 ) 
4 75 78 (-832 768 128 ) (-832 512 128 ) (-832 512 288 ) (-832 768 288 ) 
4 76 106 (-1024 1024 288 ) (-1024 1024 128 ) (-1024 960 128 ) (-1024 960 288 ) 
4 76 91 (-1024 832 128 ) (-1024 1024 128 ) (-832 1024 128 ) (-832 832 128 ) 
4 76 77 (-1024 832 128 ) (-832 832 128 ) (-832 832 256 ) (-1024 832 256 ) 
4 77 91 (-1024 768 128 ) (-1024 832 128 ) (-832 832 128 ) (-832 768 128 ) 
4 77 78 (-1024 768 128 ) (-832 768 128 ) (-832 768 256 ) (-1024 768 256 ) 
4 78 107 (-1024 768 128 ) (-1024 512 128 ) (-1024 512 288 ) (-1024 768 288 ) 
4 78 91 (-1024 512 128 ) (-1024 768 128 ) (-832 768 128 ) (-832 512 128 ) 
4 78 80 (-1024 512 128 ) (-832 512 128 ) (-832 512 288 ) (-1024 512 288 ) 
4 79 92 (-576 512 128 ) (-448 512 128 ) (-448 480 128 ) (-576 480 128 ) 
4 79 81 (-576 480 128 ) (-448 480 128 ) (-448 480 192 ) (-576 480 192 ) 
4 80 112 (-1024 512 128 ) (-1024 480 128 ) (-1024 480 288 ) (-1024 512 288 ) 
4 80 93 (-1024 480 128 ) (-1024 512 128 ) (-768 512 128 ) (-768 480 128 ) 
4 80 82 (-1024 480 128 ) (-768 480 128 ) (-768 480 288 ) (-1024 480 288 ) 
4 81 94 (-704 480 128 ) (-320 480 128 ) (-320 448 128 ) (-704 448 128 ) 
4 81 83 (-704 448 128 ) (-320 448 128 ) (-320 448 288 ) (-704 448 288 ) 
4 82 114 (-1024 480 128 ) (-1024 448 128 ) (-1024 448 288 ) (-1024 480 288 ) 
4 82 104 (-1024 448 128 ) (-1024 480 128 ) (-992 480 128 ) (-992 448 128 ) 
4 82 102 (-864 452 128 ) (-864 448 128 ) (-992 448 128 ) (-992 452 128 ) 
4 82 99 (-976 480 128 ) (-880 480 128 ) (-880 452 128 ) (-976 452 128 ) 
4 82 98 (-880 480 128 ) (-864 480 128 ) (-864 452 128 ) (-880 452 128 ) 
4 82 101 (-992 480 128 ) (-976 480 128 ) (-976 452 128 ) (-992 452 128 ) 
4 82 95 (-864 480 128 ) (-768 480 128 ) (-768 448 128 ) (-864 448 128 ) 
4 83 94 (-320 0 128 ) (-704 0 128 ) (-704 448 128 ) (-320 448 128 ) 
4 84 105 (-32 1024 64 ) (0 1024 64 ) (0 512 64 ) (-32 512 64 ) 
4 85 92 (-576 512 64 ) (-448 512 64 ) (-448 512 128 ) (-576 512 128 ) 
4 85 87 (-576 768 64 ) (-576 512 64 ) (-576 512 128 ) (-576 768 128 ) 
4 85 86 (-576 1024 64 ) (-576 960 64 ) (-576 960 128 ) (-576 1024 128 ) 
4 86 89 (-768 1024 64 ) (-768 960 64 ) (-768 960 128 ) (-768 1024 128 ) 
4 87 88 (-736 704 64 ) (-736 576 64 ) (-736 576 128 ) (-736 704 128 ) 
4 88 90 (-768 704 64 ) (-768 576 64 ) (-768 576 128 ) (-768 704 128 ) 
4 89 91 (-832 1024 64 ) (-832 960 64 ) (-832 960 128 ) (-832 1024 128 ) 
4 90 93 (-832 512 64 ) (-768 512 64 ) (-768 512 128 ) (-832 512 128 ) 
4 90 91 (-832 768 64 ) (-832 512 64 ) (-832 512 128 ) (-832 768 128 ) 
4 91 116 (-1024 1024 128 ) (-1024 1024 64 ) (-1024 960 64 ) (-1024 960 128 ) 
4 91 117 (-1024 768 64 ) (-1024 512 64 ) (-1024 512 128 ) (-1024 768 128 ) 
4 91 93 (-1024 512 64 ) (-832 512 64 ) (-832 512 128 ) (-1024 512 128 ) 
4 92 94 (-576 480 64 ) (-448 480 64 ) (-448 480 128 ) (-576 480 128 ) 
4 93 117 (-1024 512 64 ) (-1024 480 64 ) (-1024 480 128 ) (-1024 512 128 ) 
4 93 104 (-1024 480 64 ) (-992 480 64 ) (-992 480 128 ) (-1024 480 128 ) 
4 93 99 (-880 480 101.333015 ) (-880 480 128 ) (-976 480 128 ) (-976 480 101.333008 ) 
4 93 100 (-976 480 64 ) (-880 480 64 ) (-880 480 96 ) (-976 480 96 ) 
4 93 98 (-880 480 64 ) (-864 480 64 ) (-864 480 128 ) (-880 480 128 ) 
4 93 101 (-992 480 64 ) (-976 480 64 ) (-976 480 128 ) (-992 480 128 ) 
4 93 95 (-864 480 64 ) (-768 480 64 ) (-768 480 128 ) (-864 480 128 ) 
4 94 96 (-704 128 64 ) (-704 64 64 ) (-704 64 128 ) (-704 128 128 ) 
4 95 102 (-864 452 64 ) (-864 448 64 ) (-864 448 128 ) (-864 452 128 ) 
4 95 98 (-864 480 128 ) (-864 480 64 ) (-864 452 64 ) (-864 452 128 ) 
4 95 97 (-864 448 128 ) (-864 448 64 ) (-800 448 64 ) (-800 448 128 ) 
4 96 97 (-800 128 64 ) (-800 64 64 ) (-800 64 128 ) (-800 128 128 ) 
4 97 103 (-864 128 64 ) (-864 64 64 ) (-864 64 128 ) (-864 128 128 ) 
4 98 102 (-880 452 64 ) (-864 452 64 ) (-864 452 128 ) (-880 452 128 ) 
4 98 99 (-880 480 128 ) (-880 480 101.333008 ) (-880 452 112 ) (-880 452 128 ) 
4 98 100 (-880 480 96 ) (-880 480 64 ) (-880 452 64 ) (-880 452 96 ) 
4 99 102 (-880 452 112 ) (-880 452 128 ) (-976 452 128 ) (-976 452 112 ) 
4 99 101 (-976 480 128 ) (-976 480 101.333008 ) (-976 452 112 ) (-976 452 128 ) 
4 100 102 (-976 452 64 ) (-880 452 64 ) (-880 452 96 ) (-976 452 96 ) 
4 100 101 (-976 480 96 ) (-976 480 64 ) (-976 452 64 ) (-976 452 96 ) 
4 101 104 (-992 480 128 ) (-992 480 64 ) (-992 452 64 ) (-992 452 128 ) 
4 101 102 (-992 452 128 ) (-992 452 64 ) (-976 452 64 ) (-976 452 128 ) 
4 102 104 (-992 452 64 ) (-992 448 64 ) (-992 448 128 ) (-992 452 128 ) 
4 103 104 (-992 128 64 ) (-992 64 64 ) (-992 64 128 ) (-992 128 128 ) 
4 104 119 (-1024 128 64 ) (-1024 64 64 ) (-1024 64 128 ) (-1024 128 128 ) 
4 104 118 (-1024 448 64 ) (-1024 128 64 ) (-1024 128 128 ) (-1024 448 128 ) 
4 104 117 (-1024 480 64 ) (-1024 448 64 ) (-1024 448 128 ) (-1024 480 128 ) 
4 106 116 (-1024 1024 128 ) (-1024 960 128 ) (-1088 960 128 ) (-1088 1024 128 ) 
4 106 108 (-1088 1024 128 ) (-1088 960 128 ) (-1088 960 288 ) (-1088 1024 288 ) 
4 107 117 (-1024 768 128 ) (-1024 512 128 ) (-1088 512 128 ) (-1088 768 128 ) 
4 107 112 (-1088 512 128 ) (-1024 512 128 ) (-1024 512 288 ) (-1088 512 288 ) 
4 107 109 (-1088 704 128 ) (-1088 576 128 ) (-1088 576 192 ) (-1088 704 192 ) 
4 108 123 (-1472 1024 128 ) (-1120 1024 128 ) (-1120 960 128 ) (-1472 960 128 ) 
4 108 120 (-1120 1024 128 ) (-1088 1024 128 ) (-1088 960 128 ) (-1120 960 128 ) 
4 108 111 (-1472 960 128 ) (-1280 960 128 ) (-1280 960 288 ) (-1472 960 288 ) 
4 109 121 (-1120 576 128 ) (-1120 704 128 ) (-1088 704 128 ) (-1088 576 128 ) 
4 109 110 (-1120 704 128 ) (-1120 576 128 ) (-1120 576 192 ) (-1120 704 192 ) 
4 110 124 (-1120 512 128 ) (-1280 512 128 ) (-1280 768 128 ) (-1120 768 128 ) 
4 110 111 (-1280 768 128 ) (-1280 512 128 ) (-1280 512 288 ) (-1280 768 288 ) 
4 111 125 (-1280 512 128 ) (-1472 512 128 ) (-1472 960 128 ) (-1280 960 128 ) 
4 111 113 (-1408 512 128 ) (-1280 512 128 ) (-1280 512 192 ) (-1408 512 192 ) 
4 112 117 (-1024 512 128 ) (-1024 480 128 ) (-1088 480 128 ) (-1088 512 128 ) 
4 112 114 (-1088 480 128 ) (-1024 480 128 ) (-1024 480 288 ) (-1088 480 288 ) 
4 113 126 (-1280 480 128 ) (-1408 480 128 ) (-1408 512 128 ) (-1280 512 128 ) 
4 113 115 (-1408 480 128 ) (-1280 480 128 ) (-1280 480 192 ) (-1408 480 192 ) 
4 114 117 (-1024 480 128 ) (-1024 448 128 ) (-1088 448 128 ) (-1088 480 128 ) 
4 115 128 (-1152 0 128 ) (-1536 0 128 ) (-1536 480 128 ) (-1152 480 128 ) 
4 116 120 (-1088 1024 64 ) (-1088 960 64 ) (-1088 960 128 ) (-1088 1024 128 ) 
4 117 121 (-1088 704 64 ) (-1088 576 64 ) (-1088 576 128 ) (-1088 704 128 ) 
4 117 118 (-1056 448 64 ) (-1024 448 64 ) (-1024 448 128 ) (-1056 448 128 ) 
4 118 119 (-1056 128 64 ) (-1024 128 64 ) (-1024 128 128 ) (-1056 128 128 ) 
4 119 122 (-1088 128 64 ) (-1088 64 64 ) (-1088 64 128 ) (-1088 128 128 ) 
4 120 123 (-1120 1024 64 ) (-1120 960 64 ) (-1120 960 128 ) (-1120 1024 128 ) 
4 121 124 (-1120 704 64 ) (-1120 576 64 ) (-1120 576 128 ) (-1120 704 128 ) 
4 122 127 (-1120 128 64 ) (-1120 64 64 ) (-1120 64 128 ) (-1120 128 128 ) 
4 123 125 (-1472 960 64 ) (-1280 960 64 ) (-1280 960 128 ) (-1472 960 128 ) 
4 124 125 (-1280 768 64 ) (-1280 512 64 ) (-1280 512 128 ) (-1280 768 128 ) 
4 125 126 (-1408 512 64 ) (-1280 512 64 ) (-1280 512 128 ) (-1408 512 128 ) 
4 126 128 (-1408 480 64 ) (-1280 480 64 ) (-1280 480 128 ) (-1408 480 128 ) 
4 127 128 (-1152 128 64 ) (-1152 64 64 ) (-1152 64 128 ) (-1152 128 128 ) 
4 129 131 (-2048 1824 384 ) (-2144 1728 384 ) (-2240 1824 384 ) (-2144 1920 384 ) 
4 130 133 (-2144 1568 384 ) (-2048 1472 384 ) (-2144 1376 384 ) (-2240 1472 384 ) 
4 131 132 (-2143.998047 1728.001953 352 ) (-2239.998047 1824.001953 352 ) (-2144 1920 352 ) (-2048 1824 352 ) 
4 132 135 (-2048 1824 320 ) (-2144 1728 320 ) (-2240 1824 320 ) (-2144 1920 320 ) 
4 133 134 (-2144.003906 1376.003906 352 ) (-2240 1472 352 ) (-2144 1568 352 ) (-2048.003906 1472.003906 352 ) 
4 134 136 (-2240 1472 320 ) (-2144 1568 320 ) (-2048 1472 320 ) (-2144 1376 320 ) 
4 135 137 (-2240 1728 288 ) (-2240 1920 288 ) (-2048 1920 288 ) (-2048 1728 288 ) 
4 136 137 (-2240 1376 288 ) (-2240 1568 288 ) (-2048 1568 288 ) (-2048 1376 288 ) 
4 137 158 (-2272 1376 65 ) (-2272 1440 65 ) (-2048 1440 65 ) (-2048 1376 65 ) 
3 137 156 (-2212.112061 1856 65 ) (-2207.998535 1856 65 ) (-2218.698242 1854.666504 65 ) 
3 137 155 (-2067.194336 1441.606567 65 ) (-2069.338867 1440 65 ) (-2080 1440 65 ) 
3 137 154 (-2218.679443 1856 65 ) (-2212.112061 1856 65 ) (-2221.100098 1854.180176 65 ) 
3 137 153 (-2048 1472 65 ) (-2048 1465.333374 65 ) (-2058 1452 65 ) 
3 137 152 (-2240 1824 65 ) (-2240 1830.666992 65 ) (-2230 1844 65 ) 
3 137 151 (-2048 1465.333374 65 ) (-2048 1455.986816 65 ) (-2064 1444 65 ) 
3 137 150 (-2240 1830.666992 65 ) (-2240 1839.971924 65 ) (-2224 1852 65 ) 
3 137 149 (-2048 1455.986816 65 ) (-2048 1440 65 ) (-2069.338867 1440 65 ) 
3 137 148 (-2240 1856 65 ) (-2218.679443 1856 65 ) (-2240 1839.971924 65 ) 
3 137 147 (-2080 1856 65 ) (-2075.888916 1856 65 ) (-2069.303955 1854.666748 65 ) 
3 137 146 (-2208.039551 1440 65 ) (-2218.661133 1440 65 ) (-2220.797607 1441.600708 65 ) 
3 137 145 (-2075.888916 1856 65 ) (-2069.320801 1856 65 ) (-2066.899902 1854.180054 65 ) 
3 137 144 (-2230 1452 65 ) (-2240 1465.333252 65 ) (-2240 1472 65 ) 
3 137 143 (-2058 1844 65 ) (-2048 1830.666626 65 ) (-2048 1824 65 ) 
3 137 142 (-2224 1444 65 ) (-2240 1455.986816 65 ) (-2240 1465.333252 65 ) 
3 137 141 (-2064 1852 65 ) (-2048 1839.971680 65 ) (-2048 1830.666626 65 ) 
3 137 140 (-2218.661133 1440 65 ) (-2240 1440 65 ) (-2240 1455.986816 65 ) 
3 137 139 (-2069.320801 1856 65 ) (-2048 1856 65 ) (-2048 1839.971680 65 ) 
4 137 157 (-2272 1440 65 ) (-2272 1856 65 ) (-2240 1856 65 ) (-2240 1440 65 ) 
4 137 138 (-2272 1856 65 ) (-2272 1920 65 ) (-2048 1920 65 ) (-2048 1856 65 ) 
4 138 156 (-2212.112061 1856 64 ) (-2207.998535 1856 64 ) (-2207.998535 1856 65 ) (-2212.112061 1856 65 ) 
4 138 154 (-2218.679443 1856 64 ) (-2212.112061 1856 64 ) (-2212.112061 1856 65 ) (-2218.679443 1856 65 ) 
4 138 148 (-2240 1856 64 ) (-2218.679443 1856 64 ) (-2218.679443 1856 65 ) (-2240 1856 65 ) 
4 138 147 (-2080 1856 64 ) (-2075.888916 1856 64 ) (-2075.888916 1856 65 ) (-2080 1856 65 ) 
4 138 145 (-2075.888916 1856 64 ) (-2069.320801 1856 64 ) (-2069.320801 1856 65 ) (-2075.888916 1856 65 ) 
4 138 139 (-2069.320801 1856 64 ) (-2048 1856 64 ) (-2048 1856 65 ) (-2069.320801 1856 65 ) 
4 138 157 (-2272 1856 64 ) (-2240 1856 64 ) (-2240 1856 65 ) (-2272 1856 65 ) 
4 139 145 (-2069.324219 1856 65 ) (-2069.324219 1856 64 ) (-2066.904785 1854.181030 64 ) (-2066.904785 1854.181030 65 ) 
4 139 141 (-2063.995850 1851.994263 64 ) (-2048 1839.969116 64 ) (-2048 1839.969116 65 ) (-2063.995850 1851.994263 65 ) 
4 140 158 (-2240 1440 64 ) (-2218.661133 1440 64 ) (-2218.661133 1440 65 ) (-2240 1440 65 ) 
4 140 146 (-2218.657715 1440 65 ) (-2218.657715 1440 64 ) (-2220.796143 1441.601929 64 ) (-2220.793945 1441.600342 65 ) 
4 140 142 (-2224.003906 1444.005005 64 ) (-2240 1455.988281 64 ) (-2240 1455.988281 65 ) (-2224.003906 1444.005005 65 ) 
4 140 157 (-2240 1455.986816 64 ) (-2240 1440 64 ) (-2240 1440 65 ) (-2240 1455.986816 65 ) 
4 141 143 (-2058.002197 1844.004150 64 ) (-2048 1830.668091 64 ) (-2048 1830.668091 65 ) (-2058.002197 1844.004150 65 ) 
4 142 144 (-2230 1452.001343 64 ) (-2240 1465.333862 64 ) (-2240 1465.333862 65 ) (-2230 1452.001343 65 ) 
4 142 157 (-2240 1465.333252 64 ) (-2240 1455.986816 64 ) (-2240 1455.986816 65 ) (-2240 1465.333252 65 ) 
4 144 157 (-2240 1472 64 ) (-2240 1465.333252 64 ) (-2240 1465.333252 65 ) (-2240 1472 65 ) 
4 145 147 (-2075.884277 1856 65 ) (-2075.884277 1856 64 ) (-2069.291992 1854.665283 64 ) (-2069.291992 1854.665283 65 ) 
4 146 158 (-2218.661133 1440 64 ) (-2208.028809 1440 64 ) (-2208.039551 1440 65 ) (-2218.661133 1440 65 ) 
4 148 154 (-2221.101074 1854.179932 64 ) (-2218.680176 1856 64 ) (-2218.680176 1856 65 ) (-2221.101074 1854.179932 65 ) 
4 148 150 (-2240 1839.972290 65 ) (-2240 1839.972290 64 ) (-2223.998535 1852.001709 64 ) (-2223.998535 1852.001709 65 ) 
4 148 157 (-2240 1856 65 ) (-2240 1856 64 ) (-2240 1839.971924 64 ) (-2240 1839.971924 65 ) 
4 149 158 (-2069.338867 1440 64 ) (-2048 1440 64 ) (-2048 1440 65 ) (-2069.338867 1440 65 ) 
4 149 155 (-2067.191650 1441.606934 64 ) (-2069.336670 1440 64 ) (-2069.336670 1440 65 ) (-2067.191650 1441.606934 65 ) 
4 149 151 (-2048 1455.985107 64 ) (-2064.002930 1443.995850 64 ) (-2064.002930 1443.995850 65 ) (-2048 1455.985107 65 ) 
4 150 152 (-2240 1830.664795 65 ) (-2240 1830.664795 64 ) (-2230.002441 1843.994995 64 ) (-2230.002441 1843.994995 65 ) 
4 150 157 (-2240 1839.971924 64 ) (-2240 1830.666870 64 ) (-2240 1830.666992 65 ) (-2240 1839.971924 65 ) 
4 151 153 (-2048 1465.333984 64 ) (-2058 1452.001953 64 ) (-2058 1452.001953 65 ) (-2048 1465.333984 65 ) 
4 152 157 (-2240 1830.666870 64 ) (-2240 1824 64 ) (-2240 1824 65 ) (-2240 1830.666992 65 ) 
4 154 156 (-2218.686035 1854.667969 64 ) (-2212.106934 1856 64 ) (-2212.106934 1856 65 ) (-2218.686035 1854.667969 65 ) 
4 155 158 (-2080 1440 64 ) (-2069.338867 1440 64 ) (-2069.338867 1440 65 ) (-2080 1440 65 ) 
4 157 158 (-2272 1440 64 ) (-2240 1440 64 ) (-2240 1440 65 ) (-2272 1440 65 ) 
