PRT1
37
90
4 0 2 (2048 1024 -1024 ) (2048 1024 1728 ) (2048 1856 1728 ) (2048 1856 -1024 ) 
4 0 1 (2112 1024 1728 ) (2048 1024 1728 ) (2048 1024 -1024 ) (2112 1024 -1024 ) 
4 1 21 (2112 0 1728 ) (2048 0 1728 ) (2048 0 -1024 ) (2112 0 -1024 ) 
4 1 4 (2048 0 -1024 ) (2048 0 1728 ) (2048 1024 1728 ) (2048 1024 -1024 ) 
4 2 4 (2048 1024 -1024 ) (2048 1024 1728 ) (1024 1024 1728 ) (1024 1024 -1024 ) 
4 2 3 (1024 1024 -1024 ) (1024 1024 1728 ) (1024 1856 1728 ) (1024 1856 -1024 ) 
4 3 14 (0 1024 -1024 ) (0 1024 1728 ) (0 1856 1728 ) (0 1856 -1024 ) 
4 3 13 (1024 1024 -1024 ) (1024 1024 -64 ) (0 1024 -64 ) (0 1024 -1024 ) 
4 3 12 (384 1024 0 ) (0 1024 0 ) (0 1024 -64 ) (384 1024 -64 ) 
4 3 11 (512 1024 0 ) (384 1024 0 ) (384 1024 -64 ) (512 1024 -64 ) 
4 3 10 (1024 1024 -64 ) (1024 1024 0 ) (512 1024 0 ) (512 1024 -64 ) 
4 3 6 (512 1024 1728 ) (384 1024 1728 ) (384 1024 0 ) (512 1024 0 ) 
4 3 5 (1024 1024 0 ) (1024 1024 1728 ) (512 1024 1728 ) (512 1024 0 ) 
4 3 9 (384 1024 1728 ) (0 1024 1728 ) (0 1024 0 ) (384 1024 0 ) 
4 4 23 (2048 0 -1024 ) (2048 0 1728 ) (1024 0 1728 ) (1024 0 -1024 ) 
4 4 13 (1024 1024 -64 ) (1024 1024 -1024 ) (1024 0 -1024 ) (1024 0 -64 ) 
4 4 10 (1024 1024 0 ) (1024 1024 -64 ) (1024 0 -64 ) (1024 0 0 ) 
4 4 5 (1024 1024 1728 ) (1024 1024 0 ) (1024 0 0 ) (1024 0 1728 ) 
4 5 24 (1024 0 0 ) (1024 0 1728 ) (512 0 1728 ) (512 0 0 ) 
4 5 10 (1024 1024 0 ) (1024 0 0 ) (512 0 0 ) (512 1024 0 ) 
4 5 7 (512 128 128 ) (512 128 1728 ) (512 256 1728 ) (512 256 128 ) 
4 5 6 (512 1024 0 ) (512 256 0 ) (512 256 1728 ) (512 1024 1728 ) 
4 5 8 (512 128 0 ) (512 0 0 ) (512 0 1728 ) (512 128 1728 ) 
4 6 11 (384 256 0 ) (384 1024 0 ) (512 1024 0 ) (512 256 0 ) 
4 6 7 (384 256 1728 ) (384 256 128 ) (512 256 128 ) (512 256 1728 ) 
4 6 9 (384 1024 0 ) (384 256 0 ) (384 256 1728 ) (384 1024 1728 ) 
4 7 9 (384 128 128 ) (384 128 1728 ) (384 256 1728 ) (384 256 128 ) 
4 7 8 (384 128 1728 ) (384 128 128 ) (512 128 128 ) (512 128 1728 ) 
4 8 24 (512 0 1728 ) (384 0 1728 ) (384 0 0 ) (512 0 0 ) 
4 8 9 (384 128 0 ) (384 0 0 ) (384 0 1728 ) (384 128 1728 ) 
4 9 25 (384 0 1728 ) (0 0 1728 ) (0 0 0 ) (384 0 0 ) 
4 9 17 (0 0 0 ) (0 0 1728 ) (0 256 1728 ) (0 256 0 ) 
4 9 16 (0 256 1728 ) (0 1024 1728 ) (0 1024 0 ) (0 256 0 ) 
4 9 12 (0 256 0 ) (0 1024 0 ) (384 1024 0 ) (384 256 0 ) 
4 10 24 (1024 0 -64 ) (1024 0 0 ) (512 0 0 ) (512 0 -64 ) 
4 10 13 (1024 0 -64 ) (512 0 -64 ) (512 1024 -64 ) (1024 1024 -64 ) 
4 10 11 (512 1024 -64 ) (512 128 -64 ) (512 128 0 ) (512 1024 0 ) 
4 11 13 (384 128 -64 ) (384 1024 -64 ) (512 1024 -64 ) (512 128 -64 ) 
4 11 12 (384 1024 -64 ) (384 256 -64 ) (384 256 0 ) (384 1024 0 ) 
4 12 16 (0 256 0 ) (0 1024 0 ) (0 1024 -64 ) (0 256 -64 ) 
4 12 13 (0 256 -64 ) (0 1024 -64 ) (384 1024 -64 ) (384 256 -64 ) 
4 13 27 (1024 0 -1024 ) (1024 0 -64 ) (0 0 -64 ) (0 0 -1024 ) 
4 13 19 (0 0 -1024 ) (0 0 -64 ) (0 1024 -64 ) (0 1024 -1024 ) 
4 14 19 (0 1024 -1024 ) (0 1024 -64 ) (-1024 1024 -64 ) (-1024 1024 -1024 ) 
4 14 16 (0 1024 -64 ) (0 1024 1728 ) (-384 1024 1728 ) (-384 1024 -64 ) 
4 14 18 (-384 1024 1728 ) (-1024 1024 1728 ) (-1024 1024 -64 ) (-384 1024 -64 ) 
4 14 15 (-1024 1856 -1024 ) (-1024 1024 -1024 ) (-1024 1024 1728 ) (-1024 1856 1728 ) 
4 15 20 (-1728 1024 -1024 ) (-1024 1024 -1024 ) (-1024 1024 1728 ) (-1728 1024 1728 ) 
4 16 19 (-384 256 -64 ) (-384 1024 -64 ) (0 1024 -64 ) (0 256 -64 ) 
4 16 17 (-384 256 1728 ) (-384 256 0 ) (0 256 0 ) (0 256 1728 ) 
4 16 18 (-384 1024 -64 ) (-384 256 -64 ) (-384 256 1728 ) (-384 1024 1728 ) 
4 17 30 (0 0 0 ) (0 0 1728 ) (-384 0 1728 ) (-384 0 0 ) 
4 17 18 (-384 0 0 ) (-384 0 1728 ) (-384 256 1728 ) (-384 256 0 ) 
4 18 32 (-384 0 1728 ) (-1024 0 1728 ) (-1024 0 -64 ) (-384 0 -64 ) 
4 18 20 (-1024 1024 1728 ) (-1024 1024 -64 ) (-1024 0 -64 ) (-1024 0 1728 ) 
4 18 19 (-384 0 -64 ) (-1024 0 -64 ) (-1024 1024 -64 ) (-384 1024 -64 ) 
4 19 33 (0 0 -1024 ) (0 0 -64 ) (-1024 0 -64 ) (-1024 0 -1024 ) 
4 19 20 (-1024 1024 -64 ) (-1024 1024 -1024 ) (-1024 0 -1024 ) (-1024 0 -64 ) 
4 20 34 (-1024 0 -1024 ) (-1024 0 1728 ) (-1728 0 1728 ) (-1728 0 -1024 ) 
4 21 23 (2048 -1024 -1024 ) (2048 -1024 1728 ) (2048 0 1728 ) (2048 0 -1024 ) 
4 21 22 (2112 -1024 1728 ) (2048 -1024 1728 ) (2048 -1024 -1024 ) (2112 -1024 -1024 ) 
4 22 28 (2048 -1472 1728 ) (2048 -1024 1728 ) (2048 -1024 -1024 ) (2048 -1472 -1024 ) 
4 23 28 (2048 -1024 -1024 ) (2048 -1024 1728 ) (1024 -1024 1728 ) (1024 -1024 -1024 ) 
4 23 27 (1024 -1024 -1024 ) (1024 -1024 -64 ) (1024 0 -64 ) (1024 0 -1024 ) 
4 23 24 (1024 -1024 -64 ) (1024 -1024 1728 ) (1024 0 1728 ) (1024 0 -64 ) 
4 24 29 (384 -1024 -64 ) (1024 -1024 -64 ) (1024 -1024 1728 ) (384 -1024 1728 ) 
4 24 27 (1024 0 -64 ) (1024 -1024 -64 ) (384 -1024 -64 ) (384 0 -64 ) 
4 24 25 (384 -128 0 ) (384 -128 1728 ) (384 0 1728 ) (384 0 0 ) 
4 24 26 (384 -128 -64 ) (384 -1024 -64 ) (384 -1024 1728 ) (384 -128 1728 ) 
4 25 30 (0 0 1728 ) (0 0 0 ) (0 -128 0 ) (0 -128 1728 ) 
4 25 26 (384 -128 0 ) (384 -128 1728 ) (0 -128 1728 ) (0 -128 0 ) 
4 26 31 (0 -128 -64 ) (0 -1024 -64 ) (0 -1024 1728 ) (0 -128 1728 ) 
4 26 29 (0 -1024 1728 ) (0 -1024 -64 ) (384 -1024 -64 ) (384 -1024 1728 ) 
4 26 27 (384 -1024 -64 ) (0 -1024 -64 ) (0 -128 -64 ) (384 -128 -64 ) 
4 27 33 (0 0 -64 ) (0 0 -1024 ) (0 -1024 -1024 ) (0 -1024 -64 ) 
4 27 29 (0 -1024 -64 ) (0 -1024 -1024 ) (1024 -1024 -1024 ) (1024 -1024 -64 ) 
4 28 29 (1024 -1024 1728 ) (1024 -1024 -1024 ) (1024 -1472 -1024 ) (1024 -1472 1728 ) 
4 29 35 (0 -1472 1728 ) (0 -1024 1728 ) (0 -1024 -1024 ) (0 -1472 -1024 ) 
4 30 31 (-384 -128 1728 ) (-384 -128 0 ) (0 -128 0 ) (0 -128 1728 ) 
4 30 32 (-384 -128 0 ) (-384 -128 1728 ) (-384 0 1728 ) (-384 0 0 ) 
4 31 35 (0 -1024 -64 ) (0 -1024 1728 ) (-384 -1024 1728 ) (-384 -1024 -64 ) 
4 31 33 (0 -1024 -64 ) (-384 -1024 -64 ) (-384 -128 -64 ) (0 -128 -64 ) 
4 31 32 (-384 -128 -64 ) (-384 -1024 -64 ) (-384 -1024 1728 ) (-384 -128 1728 ) 
4 32 35 (-384 -1024 1728 ) (-1024 -1024 1728 ) (-1024 -1024 -64 ) (-384 -1024 -64 ) 
4 32 34 (-1024 0 1728 ) (-1024 0 -64 ) (-1024 -1024 -64 ) (-1024 -1024 1728 ) 
4 32 33 (-384 -1024 -64 ) (-1024 -1024 -64 ) (-1024 0 -64 ) (-384 0 -64 ) 
4 33 35 (0 -1024 -1024 ) (0 -1024 -64 ) (-1024 -1024 -64 ) (-1024 -1024 -1024 ) 
4 33 34 (-1024 0 -64 ) (-1024 0 -1024 ) (-1024 -1024 -1024 ) (-1024 -1024 -64 ) 
4 34 36 (-1024 -1024 -1024 ) (-1024 -1024 1728 ) (-1728 -1024 1728 ) (-1728 -1024 -1024 ) 
4 35 36 (-1024 -1024 1728 ) (-1024 -1024 -1024 ) (-1024 -1472 -1024 ) (-1024 -1472 1728 ) 
