PRT1
214
614
4 0 16 (1024 992 896 ) (1024 992 656 ) (1024 800 656 ) (1024 800 896 ) 
4 0 1 (1472 800 656 ) (1472 800 896 ) (1024 800 896 ) (1024 800 656 ) 
3 1 21 (1024 786.285706 640 ) (1024 608 432 ) (1024 608 640 ) 
5 1 17 (1024 800 896 ) (1024 800 656 ) (1024 786.285706 640 ) (1024 608 640 ) (1024 608 896 ) 
4 1 6 (1024 608 896 ) (1024 608 432 ) (1472 608 432 ) (1472 608 896 ) 
4 2 14 (1152 608 32 ) (1344 608 32 ) (1344 608 256 ) (1152 608 256 ) 
4 2 4 (1120 864 32 ) (1120 672 32 ) (1120 672 160 ) (1120 864 160 ) 
4 3 26 (1024 928 160 ) (1024 608 160 ) (1024 608 384 ) (1024 928 384 ) 
4 3 5 (1088 608 160 ) (1024 608 160 ) (1024 928 160 ) (1088 928 160 ) 
4 4 5 (1088 864 32 ) (1088 672 32 ) (1088 672 160 ) (1088 864 160 ) 
4 5 26 (1024 928 32 ) (1024 608 32 ) (1024 608 160 ) (1024 928 160 ) 
4 6 76 (1024 0 640 ) (1024 0 368 ) (1472 0 368 ) (1472 0 640 ) 
4 6 75 (1024 0 656 ) (1024 0 640 ) (1472 0 640 ) (1472 0 656 ) 
4 6 74 (1024 0 896 ) (1024 0 656 ) (1472 0 656 ) (1472 0 896 ) 
4 6 61 (1024 0 368 ) (1024 0 896 ) (1024 224 896 ) (1024 224 368 ) 
5 6 56 (1024 224 896 ) (1024 576 896 ) (1024 576 422.856934 ) (1024 384 368 ) (1024 224 368 ) 
4 6 31 (1024 576 896 ) (1024 608 896 ) (1024 608 432 ) (1024 576 422.856934 ) 
4 7 77 (1024 0 320 ) (1024 0 256 ) (1440 0 256 ) (1440 0 320 ) 
4 7 66 (1024 0 256 ) (1024 0 320 ) (1024 96 320 ) (1024 96 256 ) 
4 7 64 (1024 96 320 ) (1024 224 320 ) (1024 224 256 ) (1024 96 256 ) 
4 7 15 (1344 0 256 ) (1024 0 256 ) (1024 224 256 ) (1344 224 256 ) 
4 7 11 (1376 0 256 ) (1344 0 256 ) (1344 224 256 ) (1376 224 256 ) 
4 7 10 (1440 0 256 ) (1376 0 256 ) (1376 224 256 ) (1440 224 256 ) 
4 8 9 (1440 256 256 ) (1440 576 256 ) (1440 576 32 ) (1440 256 32 ) 
4 9 12 (1376 512 32 ) (1376 320 32 ) (1376 320 160 ) (1376 512 160 ) 
4 10 77 (1440 0 256 ) (1376 0 256 ) (1376 0 32 ) (1440 0 32 ) 
4 10 13 (1376 224 160 ) (1376 224 32 ) (1376 0 32 ) (1376 0 160 ) 
4 10 11 (1376 0 256 ) (1376 224 256 ) (1376 224 160 ) (1376 0 160 ) 
4 11 77 (1376 0 256 ) (1344 0 256 ) (1344 0 160 ) (1376 0 160 ) 
4 11 15 (1344 0 256 ) (1344 224 256 ) (1344 224 160 ) (1344 0 160 ) 
4 11 13 (1344 0 160 ) (1344 224 160 ) (1376 224 160 ) (1376 0 160 ) 
4 12 14 (1344 512 32 ) (1344 320 32 ) (1344 320 160 ) (1344 512 160 ) 
4 13 77 (1344 0 160 ) (1344 0 32 ) (1376 0 32 ) (1376 0 160 ) 
4 13 15 (1344 224 32 ) (1344 0 32 ) (1344 0 160 ) (1344 224 160 ) 
4 14 15 (1152 224 32 ) (1344 224 32 ) (1344 224 256 ) (1152 224 256 ) 
4 15 77 (1344 0 256 ) (1024 0 256 ) (1024 0 32 ) (1344 0 32 ) 
4 15 66 (1024 0 32 ) (1024 0 256 ) (1024 96 256 ) (1024 96 32 ) 
4 15 64 (1024 96 256 ) (1024 224 256 ) (1024 224 32 ) (1024 96 32 ) 
4 16 18 (944 992 896 ) (944 992 656 ) (944 800 656 ) (944 800 896 ) 
4 16 17 (944 800 896 ) (944 800 656 ) (1024 800 656 ) (1024 800 896 ) 
4 17 32 (944 608 640 ) (960 608 640 ) (960 608 896 ) (944 608 896 ) 
4 17 31 (960 608 640 ) (1024 608 640 ) (1024 608 896 ) (960 608 896 ) 
4 17 21 (1024 608 640 ) (944 608 640 ) (944 786.285706 640 ) (1024 786.285706 640 ) 
4 17 19 (944 786.285706 640 ) (944 608 640 ) (944 608 656 ) (944 800 656 ) 
4 17 18 (944 608 656 ) (944 608 896 ) (944 800 896 ) (944 800 656 ) 
4 18 36 (576 608 656 ) (576 608 896 ) (576 960 896 ) (576 960 656 ) 
4 18 35 (576 960 896 ) (576 992 896 ) (576 992 656 ) (576 960 656 ) 
4 18 34 (576 608 896 ) (576 608 656 ) (944 608 656 ) (944 608 896 ) 
4 18 19 (944 944 656 ) (944 608 656 ) (576 608 656 ) (576 944 656 ) 
4 19 38 (576 608 640 ) (576 608 656 ) (576 944 656 ) (576 944 640 ) 
4 19 34 (576 608 656 ) (576 608 640 ) (944 608 640 ) (944 608 656 ) 
4 19 23 (944 608 640 ) (576 608 640 ) (576 944 640 ) (944 944 640 ) 
4 20 24 (944 800 416 ) (944 960 416 ) (960 960 416 ) (960 800 416 ) 
4 20 22 (944 800 637.331970 ) (944 800 416 ) (960 800 416 ) (960 800 637.331970 ) 
4 20 23 (944 960 640 ) (944 960 416 ) (944 800 416 ) (944 800 640 ) 
4 21 32 (960 608 640 ) (944 608 640 ) (944 608 432 ) (960 608 432 ) 
4 21 31 (1024 608 432 ) (1024 608 640 ) (960 608 640 ) (960 608 432 ) 
3 21 23 (944 608 432 ) (944 608 640 ) (944 786.285706 640 ) 
4 22 24 (944 610.288025 416 ) (944 800 416 ) (960 800 416 ) (960 610.288025 416 ) 
3 22 23 (944 800 416 ) (944 610.288025 416 ) (944 800 637.331970 ) 
4 23 37 (576 944 640 ) (576 960 640 ) (576 960 416 ) (576 944 416 ) 
4 23 38 (576 608 416 ) (576 608 640 ) (576 944 640 ) (576 944 416 ) 
4 23 34 (576 608 640 ) (576 608 416 ) (944 608 416 ) (944 608 640 ) 
4 23 24 (944 608 416 ) (576 608 416 ) (576 960 416 ) (944 960 416 ) 
4 24 37 (576 944 416 ) (576 960 416 ) (576 960 384 ) (576 944 384 ) 
4 24 38 (576 608 384 ) (576 608 416 ) (576 944 416 ) (576 944 384 ) 
4 24 33 (944 608 384 ) (960 608 384 ) (960 608 416 ) (944 608 416 ) 
4 24 34 (576 608 416 ) (576 608 384 ) (944 608 384 ) (944 608 416 ) 
4 24 27 (640 608 384 ) (576 608 384 ) (576 928 384 ) (640 928 384 ) 
4 24 26 (960 608 384 ) (640 608 384 ) (640 928 384 ) (960 928 384 ) 
4 24 25 (576 928 384 ) (576 960 384 ) (960 960 384 ) (960 928 384 ) 
4 25 37 (576 944 384 ) (576 960 384 ) (576 960 352 ) (576 944 352 ) 
4 25 38 (576 928 384 ) (576 944 384 ) (576 944 352 ) (576 928 352 ) 
4 25 30 (576 928 32 ) (576 960 32 ) (960 960 32 ) (960 928 32 ) 
4 25 27 (640 928 192 ) (640 928 384 ) (576 928 384 ) (576 928 192 ) 
4 25 29 (576 928 32 ) (640 928 32 ) (640 928 160 ) (576 928 160 ) 
4 25 26 (640 928 32 ) (960 928 32 ) (960 928 384 ) (640 928 384 ) 
4 26 33 (944 608 32 ) (960 608 32 ) (960 608 384 ) (944 608 384 ) 
4 26 34 (640 608 32 ) (944 608 32 ) (944 608 384 ) (640 608 384 ) 
4 26 30 (960 608 32 ) (640 608 32 ) (640 928 32 ) (960 928 32 ) 
4 26 28 (640 704 160 ) (640 608 160 ) (640 608 192 ) (640 704 192 ) 
4 26 27 (640 928 384 ) (640 928 192 ) (640 608 192 ) (640 608 384 ) 
4 26 29 (640 928 160 ) (640 928 32 ) (640 608 32 ) (640 608 160 ) 
4 27 39 (576 800 320 ) (576 928 320 ) (576 928 192 ) (576 800 192 ) 
4 27 38 (576 608 352 ) (576 608 384 ) (576 928 384 ) (576 928 352 ) 
4 27 34 (576 608 384 ) (576 608 192 ) (640 608 192 ) (640 608 384 ) 
4 27 28 (640 704 192 ) (640 608 192 ) (576 608 192 ) (576 704 192 ) 
4 28 34 (576 608 192 ) (576 608 160 ) (640 608 160 ) (640 608 192 ) 
4 28 29 (640 704 160 ) (640 608 160 ) (576 608 160 ) (576 704 160 ) 
4 29 34 (576 608 160 ) (576 608 32 ) (640 608 32 ) (640 608 160 ) 
4 29 30 (640 608 32 ) (576 608 32 ) (576 928 32 ) (640 928 32 ) 
4 30 33 (944 608 -96 ) (960 608 -96 ) (960 608 32 ) (944 608 32 ) 
4 30 34 (576 608 32 ) (576 608 -96 ) (944 608 -96 ) (944 608 32 ) 
4 31 56 (1024 576 422.856995 ) (1024 576 896 ) (960 576 896 ) (960 576 422.857025 ) 
4 31 32 (960 608 896 ) (960 608 432 ) (960 576 422.856995 ) (960 576 896 ) 
4 32 56 (960 576 422.856995 ) (960 576 896 ) (944 576 896 ) (944 576 422.856964 ) 
4 32 34 (944 576 422.856995 ) (944 576 896 ) (944 608 896 ) (944 608 432 ) 
4 33 72 (960 576 -96 ) (960 576 32 ) (944 576 32 ) (944 576 -96 ) 
4 33 60 (960 576 32 ) (960 576 352 ) (944 576 352 ) (944 576 32 ) 
4 33 58 (960 576 352 ) (960 576 368 ) (944 576 368 ) (944 576 352 ) 
4 33 57 (960 576 368 ) (960 576 406.856995 ) (944 576 406.856995 ) (944 576 368 ) 
4 33 34 (944 608 -96 ) (944 576 -96 ) (944 576 406.856995 ) (944 608 416 ) 
4 34 72 (768 576 -96 ) (944 576 -96 ) (944 576 32 ) (768 576 32 ) 
4 34 60 (576 576 352 ) (576 576 32 ) (944 576 32 ) (944 576 352 ) 
4 34 59 (944 576 896 ) (576 576 896 ) (576 576 352 ) (944 576 352 ) 
4 34 38 (576 576 352 ) (576 576 656 ) (576 608 656 ) (576 608 352 ) 
4 34 36 (576 576 656 ) (576 576 896 ) (576 608 896 ) (576 608 656 ) 
4 35 108 (0 960 656 ) (0 960 896 ) (0 992 896 ) (0 992 656 ) 
4 35 40 (544 960 896 ) (0 960 896 ) (0 960 656 ) (544 960 656 ) 
4 35 36 (576 960 656 ) (576 960 896 ) (544 960 896 ) (544 960 656 ) 
4 36 59 (576 576 656 ) (576 576 896 ) (544 576 896 ) (544 576 656 ) 
4 36 40 (544 960 896 ) (544 960 656 ) (544 944 656 ) (544 944 896 ) 
4 36 42 (544 944 656 ) (544 576 656 ) (544 576 896 ) (544 944 896 ) 
4 36 38 (544 576 656 ) (544 944 656 ) (576 944 656 ) (576 576 656 ) 
4 37 41 (544 960 640 ) (544 960 528 ) (544 944 528 ) (544 944 640 ) 
4 37 38 (544 944 352 ) (576 944 352 ) (576 944 640 ) (544 944 640 ) 
4 38 59 (576 576 352 ) (576 576 656 ) (544 576 656 ) (544 576 352 ) 
4 38 43 (544 928 352 ) (544 576 352 ) (544 576 528 ) (544 928 528 ) 
4 38 42 (544 576 528 ) (544 576 656 ) (544 944 656 ) (544 944 528 ) 
4 39 47 (544 928 192 ) (544 800 192 ) (544 800 256 ) (544 928 256 ) 
4 39 45 (544 800 256 ) (544 800 320 ) (544 928 320 ) (544 928 256 ) 
4 40 108 (0 944 896 ) (0 960 896 ) (0 960 656 ) (0 944 656 ) 
4 40 42 (544 944 656 ) (544 944 896 ) (0 944 896 ) (0 944 656 ) 
4 41 113 (0 960 640 ) (0 960 528 ) (0 944 528 ) (0 944 640 ) 
4 41 44 (0 960 528 ) (224 960 528 ) (224 944 528 ) (0 944 528 ) 
4 41 42 (0 944 528 ) (544 944 528 ) (544 944 640 ) (0 944 640 ) 
4 42 114 (0 576 528 ) (0 576 640 ) (0 768 640 ) (0 768 528 ) 
4 42 113 (0 768 640 ) (0 944 640 ) (0 944 528 ) (0 768 528 ) 
4 42 109 (0 752 656 ) (0 944 656 ) (0 944 640 ) (0 752 640 ) 
4 42 110 (0 576 640 ) (0 576 656 ) (0 752 656 ) (0 752 640 ) 
4 42 108 (0 576 656 ) (0 576 896 ) (0 944 896 ) (0 944 656 ) 
4 42 59 (0 576 896 ) (0 576 528 ) (544 576 528 ) (544 576 896 ) 
4 42 43 (544 928 528 ) (544 576 528 ) (224 576 528 ) (224 928 528 ) 
4 42 44 (224 576 528 ) (0 576 528 ) (0 944 528 ) (224 944 528 ) 
4 43 59 (224 576 352 ) (544 576 352 ) (544 576 528 ) (224 576 528 ) 
4 43 45 (544 928 352 ) (544 608 352 ) (224 608 352 ) (224 928 352 ) 
4 43 44 (224 928 352 ) (224 576 352 ) (224 576 528 ) (224 928 528 ) 
4 44 114 (0 576 352 ) (0 576 528 ) (0 768 528 ) (0 768 352 ) 
4 44 113 (0 768 528 ) (0 960 528 ) (0 960 352 ) (0 768 352 ) 
4 44 59 (0 576 528 ) (0 576 352 ) (224 576 352 ) (224 576 528 ) 
4 44 46 (0 960 352 ) (192 960 352 ) (192 576 352 ) (0 576 352 ) 
4 45 53 (544 672 256 ) (544 608 256 ) (224 608 256 ) (224 672 256 ) 
4 45 47 (544 928 256 ) (544 672 256 ) (448 672 256 ) (448 928 256 ) 
4 45 51 (448 672 256 ) (224 672 256 ) (224 928 256 ) (448 928 256 ) 
4 46 116 (0 576 256 ) (0 576 352 ) (0 960 352 ) (0 960 256 ) 
4 46 60 (0 576 352 ) (0 576 256 ) (192 576 256 ) (192 576 352 ) 
4 46 54 (0 960 256 ) (192 960 256 ) (192 576 256 ) (0 576 256 ) 
4 47 53 (544 672 192 ) (544 672 256 ) (448 672 256 ) (448 672 192 ) 
4 47 49 (544 672 192 ) (448 672 192 ) (448 800 192 ) (544 800 192 ) 
4 47 51 (448 928 256 ) (448 928 192 ) (448 672 192 ) (448 672 256 ) 
4 48 51 (448 928 184 ) (448 928 96 ) (448 712 96 ) (448 800 184 ) 
4 49 53 (544 672 184 ) (544 672 192 ) (448 672 192 ) (448 672 184 ) 
4 49 50 (544 672 184 ) (448 672 184 ) (448 792 184 ) (544 792 184 ) 
4 49 51 (448 672 184 ) (448 672 192 ) (448 800 192 ) (448 792 184 ) 
4 50 53 (448 672 96 ) (544 672 96 ) (544 672 184 ) (448 672 184 ) 
4 50 51 (448 704 96 ) (448 672 96 ) (448 672 184 ) (448 792 184 ) 
4 51 53 (224 672 96 ) (448 672 96 ) (448 672 256 ) (224 672 256 ) 
4 51 52 (224 864 96 ) (224 672 96 ) (224 672 256 ) (224 864 256 ) 
4 52 54 (192 864 96 ) (192 672 96 ) (192 672 256 ) (192 864 256 ) 
4 54 116 (0 576 96 ) (0 576 256 ) (0 960 256 ) (0 960 96 ) 
4 54 60 (0 576 256 ) (0 576 96 ) (192 576 96 ) (192 576 256 ) 
4 54 55 (0 960 96 ) (192 960 96 ) (192 576 96 ) (0 576 96 ) 
4 55 116 (0 576 -96 ) (0 576 96 ) (0 960 96 ) (0 960 -96 ) 
4 55 73 (192 576 -96 ) (192 576 32 ) (0 576 32 ) (0 576 -96 ) 
4 55 60 (192 576 32 ) (192 576 96 ) (0 576 96 ) (0 576 32 ) 
4 56 61 (1024 224 368 ) (1024 224 896 ) (944 224 896 ) (944 224 368 ) 
5 56 59 (944 224 368 ) (944 224 896 ) (944 576 896 ) (944 576 422.857025 ) (944 384 368 ) 
4 57 58 (944 440.002136 368 ) (944 576 368 ) (960 576 368 ) (960 440.002136 368 ) 
3 57 59 (944 576 406.855011 ) (944 576 368 ) (944 440.002136 368 ) 
4 58 60 (944 384 352 ) (944 576 352 ) (960 576 352 ) (960 384 352 ) 
4 58 59 (944 576 352 ) (944 384 352 ) (944 440.002136 368 ) (944 576 368 ) 
4 59 114 (0 576 640 ) (0 576 352 ) (0 224 352 ) (0 224 640 ) 
4 59 110 (0 576 656 ) (0 576 640 ) (0 224 640 ) (0 224 656 ) 
4 59 108 (0 576 896 ) (0 576 656 ) (0 224 656 ) (0 224 896 ) 
4 59 69 (192 224 896 ) (0 224 896 ) (0 224 352 ) (192 224 352 ) 
4 59 62 (192 224 368 ) (192 224 352 ) (944 224 352 ) (944 224 368 ) 
4 59 61 (944 224 896 ) (192 224 896 ) (192 224 368 ) (944 224 368 ) 
4 59 60 (944 224 352 ) (0 224 352 ) (0 576 352 ) (944 576 352 ) 
4 60 116 (0 576 352 ) (0 576 32 ) (0 224 32 ) (0 224 352 ) 
4 60 73 (0 224 32 ) (0 576 32 ) (576 576 32 ) (576 224 32 ) 
4 60 72 (768 576 32 ) (960 576 32 ) (960 384 32 ) (768 384 32 ) 
4 60 69 (0 224 32 ) (192 224 32 ) (192 224 352 ) (0 224 352 ) 
4 60 65 (192 224 32 ) (960 224 32 ) (960 224 320 ) (192 224 320 ) 
4 60 63 (960 224 320 ) (960 224 352 ) (192 224 352 ) (192 224 320 ) 
4 61 83 (1024 0 368 ) (1024 0 640 ) (944 0 640 ) (944 0 368 ) 
4 61 84 (944 0 640 ) (192 0 640 ) (192 0 368 ) (944 0 368 ) 
4 61 78 (1024 0 640 ) (1024 0 896 ) (192 0 896 ) (192 0 640 ) 
4 61 71 (192 192 368 ) (192 0 368 ) (192 0 896 ) (192 192 896 ) 
4 61 69 (192 224 896 ) (192 224 368 ) (192 192 368 ) (192 192 896 ) 
4 61 62 (192 0 368 ) (192 224 368 ) (944 224 368 ) (944 0 368 ) 
4 62 84 (944 0 368 ) (192 0 368 ) (192 0 352 ) (944 0 352 ) 
4 62 71 (192 192 352 ) (192 0 352 ) (192 0 368 ) (192 192 368 ) 
4 62 69 (192 224 368 ) (192 224 352 ) (192 192 352 ) (192 192 368 ) 
4 62 63 (944 0 352 ) (192 0 352 ) (192 224 352 ) (944 224 352 ) 
4 63 97 (224 0 352 ) (192 0 352 ) (192 0 320 ) (224 0 320 ) 
4 63 94 (576 0 352 ) (224 0 352 ) (224 0 320 ) (576 0 320 ) 
4 63 89 (704 0 352 ) (576 0 352 ) (576 0 320 ) (704 0 320 ) 
4 63 88 (960 0 352 ) (704 0 352 ) (704 0 320 ) (960 0 320 ) 
4 63 71 (192 192 320 ) (192 0 320 ) (192 0 352 ) (192 192 352 ) 
4 63 69 (192 224 352 ) (192 224 320 ) (192 192 320 ) (192 192 352 ) 
4 63 68 (192 0 320 ) (192 96 320 ) (960 96 320 ) (960 0 320 ) 
4 63 65 (192 96 320 ) (192 224 320 ) (960 224 320 ) (960 96 320 ) 
4 64 66 (1024 96 320 ) (992 96 320 ) (992 96 32 ) (1024 96 32 ) 
4 65 73 (192 96 32 ) (192 224 32 ) (576 224 32 ) (576 96 32 ) 
4 65 71 (192 192 32 ) (192 96 32 ) (192 96 320 ) (192 192 320 ) 
4 65 69 (192 224 320 ) (192 224 32 ) (192 192 32 ) (192 192 320 ) 
4 65 68 (960 96 320 ) (192 96 320 ) (192 96 32 ) (960 96 32 ) 
4 66 86 (992 0 32 ) (1024 0 32 ) (1024 0 320 ) (992 0 320 ) 
4 66 67 (992 96 160 ) (992 96 32 ) (992 0 32 ) (992 0 160 ) 
4 67 87 (960 0 32 ) (992 0 32 ) (992 0 160 ) (960 0 160 ) 
4 67 68 (960 96 160 ) (960 96 32 ) (960 0 32 ) (960 0 160 ) 
4 68 106 (192 0 32 ) (576 0 32 ) (576 0 96 ) (192 0 96 ) 
4 68 98 (576 0 96 ) (576 0 256 ) (192 0 256 ) (192 0 96 ) 
4 68 97 (224 0 320 ) (192 0 320 ) (192 0 256 ) (224 0 256 ) 
4 68 94 (576 0 256 ) (576 0 320 ) (224 0 320 ) (224 0 256 ) 
4 68 91 (576 0 32 ) (704 0 32 ) (704 0 96 ) (576 0 96 ) 
4 68 89 (704 0 96 ) (704 0 320 ) (576 0 320 ) (576 0 96 ) 
4 68 88 (704 0 32 ) (960 0 32 ) (960 0 320 ) (704 0 320 ) 
4 68 73 (576 0 32 ) (192 0 32 ) (192 96 32 ) (576 96 32 ) 
4 68 71 (192 96 32 ) (192 0 32 ) (192 0 320 ) (192 96 320 ) 
4 69 116 (0 224 352 ) (0 224 32 ) (0 192 32 ) (0 192 352 ) 
4 69 114 (0 224 640 ) (0 224 352 ) (0 192 352 ) (0 192 640 ) 
4 69 110 (0 224 656 ) (0 224 640 ) (0 192 640 ) (0 192 656 ) 
4 69 108 (0 224 896 ) (0 224 656 ) (0 192 656 ) (0 192 896 ) 
4 69 73 (0 192 32 ) (0 224 32 ) (192 224 32 ) (192 192 32 ) 
4 69 71 (0 192 32 ) (192 192 32 ) (192 192 896 ) (0 192 896 ) 
4 71 116 (0 0 32 ) (0 0 352 ) (0 192 352 ) (0 192 32 ) 
4 71 114 (0 0 352 ) (0 0 640 ) (0 192 640 ) (0 192 352 ) 
4 71 111 (0 0 640 ) (0 0 896 ) (0 192 896 ) (0 192 640 ) 
4 71 107 (0 0 352 ) (0 0 32 ) (192 0 32 ) (192 0 352 ) 
4 71 84 (0 0 640 ) (0 0 352 ) (192 0 352 ) (192 0 640 ) 
4 71 79 (0 0 896 ) (0 0 640 ) (192 0 640 ) (192 0 896 ) 
4 71 73 (192 0 32 ) (0 0 32 ) (0 192 32 ) (192 192 32 ) 
4 73 116 (0 0 -96 ) (0 0 32 ) (0 576 32 ) (0 576 -96 ) 
4 73 107 (0 0 32 ) (0 0 -96 ) (192 0 -96 ) (192 0 32 ) 
4 73 106 (192 0 -96 ) (576 0 -96 ) (576 0 32 ) (192 0 32 ) 
4 74 80 (1024 -192 656 ) (1024 -992 656 ) (1024 -992 896 ) (1024 -192 896 ) 
4 74 78 (1024 0 896 ) (1024 0 656 ) (1024 -192 656 ) (1024 -192 896 ) 
4 74 75 (1024 -752 656 ) (1024 0 656 ) (1472 0 656 ) (1472 -752 656 ) 
4 75 81 (1024 -192 640 ) (1024 -752 640 ) (1024 -752 656 ) (1024 -192 656 ) 
4 75 78 (1024 0 656 ) (1024 0 640 ) (1024 -192 640 ) (1024 -192 656 ) 
4 75 76 (1024 0 640 ) (1472 0 640 ) (1472 -752 640 ) (1024 -752 640 ) 
4 76 83 (1024 0 640 ) (1024 0 368 ) (1024 -768 368 ) (1024 -768 640 ) 
4 77 86 (1024 0 320 ) (1024 0 32 ) (1024 -224 32 ) (1024 -224 320 ) 
4 78 83 (944 0 640 ) (1024 0 640 ) (1024 -192 640 ) (944 -192 640 ) 
4 78 84 (192 0 640 ) (944 0 640 ) (944 -192 640 ) (192 -192 640 ) 
4 78 81 (192 -192 640 ) (1024 -192 640 ) (1024 -192 656 ) (192 -192 656 ) 
4 78 80 (1024 -192 656 ) (1024 -192 896 ) (192 -192 896 ) (192 -192 656 ) 
4 78 79 (192 0 896 ) (192 0 640 ) (192 -192 640 ) (192 -192 896 ) 
4 79 142 (0 0 896 ) (0 0 640 ) (0 -192 640 ) (0 -192 896 ) 
4 79 84 (0 -192 640 ) (0 0 640 ) (192 0 640 ) (192 -192 640 ) 
4 79 81 (0 -192 656 ) (0 -192 640 ) (192 -192 640 ) (192 -192 656 ) 
4 79 80 (0 -192 896 ) (0 -192 656 ) (192 -192 656 ) (192 -192 896 ) 
4 80 178 (0 -960 656 ) (0 -992 656 ) (0 -992 896 ) (0 -960 896 ) 
4 80 159 (0 -944 656 ) (0 -960 656 ) (0 -960 896 ) (0 -944 896 ) 
4 80 158 (0 -576 656 ) (0 -944 656 ) (0 -944 896 ) (0 -576 896 ) 
4 80 152 (0 -224 656 ) (0 -576 656 ) (0 -576 896 ) (0 -224 896 ) 
4 80 143 (0 -192 896 ) (0 -192 656 ) (0 -224 656 ) (0 -224 896 ) 
4 80 82 (0 -944 656 ) (0 -752 656 ) (176 -752 656 ) (176 -944 656 ) 
4 80 81 (0 -752 656 ) (0 -192 656 ) (1024 -192 656 ) (1024 -752 656 ) 
4 81 158 (0 -752 656 ) (0 -576 656 ) (0 -576 640 ) (0 -752 640 ) 
4 81 152 (0 -576 656 ) (0 -224 656 ) (0 -224 640 ) (0 -576 640 ) 
4 81 143 (0 -224 656 ) (0 -192 656 ) (0 -192 640 ) (0 -224 640 ) 
4 81 83 (944 -192 640 ) (1024 -192 640 ) (1024 -752 640 ) (944 -752 640 ) 
4 81 84 (0 -752 640 ) (0 -192 640 ) (944 -192 640 ) (944 -752 640 ) 
4 81 82 (0 -752 640 ) (176 -752 640 ) (176 -752 656 ) (0 -752 656 ) 
4 82 158 (0 -944 656 ) (0 -752 656 ) (0 -752 640 ) (0 -944 640 ) 
4 82 85 (0 -944 640 ) (0 -768 640 ) (176 -768 640 ) (176 -944 640 ) 
4 82 84 (0 -768 640 ) (0 -752 640 ) (176 -752 640 ) (176 -768 640 ) 
4 83 84 (944 -768 368 ) (944 -768 640 ) (944 0 640 ) (944 0 368 ) 
4 84 161 (0 -576 528 ) (0 -576 352 ) (0 -768 352 ) (0 -768 528 ) 
4 84 158 (0 -768 640 ) (0 -576 640 ) (0 -576 528 ) (0 -768 528 ) 
3 84 154 (0 -384 352 ) (0 -576 352 ) (0 -576 406.856995 ) 
5 84 152 (0 -576 640 ) (0 -224 640 ) (0 -224 352 ) (0 -384 352 ) (0 -576 406.856995 ) 
4 84 143 (0 -224 640 ) (0 -192 640 ) (0 -192 352 ) (0 -224 352 ) 
4 84 142 (0 -192 640 ) (0 0 640 ) (0 0 352 ) (0 -192 352 ) 
4 84 107 (192 -768 352 ) (0 -768 352 ) (0 0 352 ) (192 0 352 ) 
4 84 97 (192 -576 352 ) (192 0 352 ) (224 0 352 ) (224 -576 352 ) 
4 84 95 (544 -768 352 ) (224 -768 352 ) (224 -608 352 ) (544 -608 352 ) 
4 84 94 (224 -576 352 ) (224 0 352 ) (576 0 352 ) (576 -576 352 ) 
4 84 89 (704 -768 352 ) (576 -768 352 ) (576 0 352 ) (704 0 352 ) 
4 84 88 (944 -768 352 ) (704 -768 352 ) (704 0 352 ) (944 0 352 ) 
4 84 85 (0 -768 352 ) (192 -768 352 ) (192 -768 640 ) (0 -768 640 ) 
4 85 161 (0 -768 528 ) (0 -768 352 ) (0 -960 352 ) (0 -960 528 ) 
4 85 160 (0 -960 640 ) (0 -944 640 ) (0 -944 528 ) (0 -960 528 ) 
4 85 158 (0 -944 640 ) (0 -768 640 ) (0 -768 528 ) (0 -944 528 ) 
4 85 107 (0 -960 352 ) (0 -768 352 ) (192 -768 352 ) (192 -960 352 ) 
4 86 87 (992 0 160 ) (992 0 32 ) (992 -96 32 ) (992 -96 160 ) 
4 87 88 (960 -96 32 ) (960 -96 160 ) (960 0 160 ) (960 0 32 ) 
4 88 93 (960 -576 32 ) (960 -768 32 ) (704 -768 32 ) (704 -576 32 ) 
4 88 92 (960 -384 32 ) (960 -576 32 ) (704 -576 32 ) (704 -384 32 ) 
4 88 91 (704 0 32 ) (704 -512 32 ) (704 -608 96 ) (704 0 96 ) 
3 88 90 (704 -576 32 ) (704 -768 32 ) (704 -768 64 ) 
4 88 89 (704 -768 96 ) (704 -768 352 ) (704 0 352 ) (704 0 96 ) 
4 89 99 (576 -608 96 ) (576 -768 96 ) (576 -768 256 ) (576 -608 256 ) 
4 89 98 (576 0 256 ) (576 0 96 ) (576 -576 96 ) (576 -576 256 ) 
4 89 94 (576 -576 352 ) (576 0 352 ) (576 0 256 ) (576 -576 256 ) 
4 89 91 (704 0 96 ) (704 -608 96 ) (576 -608 96 ) (576 0 96 ) 
4 90 93 (576 -768 32 ) (576 -576 32 ) (704 -576 32 ) (704 -768 32 ) 
5 91 106 (576 0 96 ) (576 0 32 ) (576 -512 32 ) (576 -576 74.666656 ) (576 -576 96 ) 
4 92 93 (704 -576 -96 ) (960 -576 -96 ) (960 -576 32 ) (704 -576 32 ) 
4 94 98 (224 0 256 ) (576 0 256 ) (576 -576 256 ) (224 -576 256 ) 
4 94 97 (224 0 256 ) (224 -576 256 ) (224 -576 352 ) (224 0 352 ) 
4 95 102 (416 -768 256 ) (224 -768 256 ) (224 -608 256 ) (416 -608 256 ) 
4 95 100 (544 -768 256 ) (416 -768 256 ) (416 -608 256 ) (544 -608 256 ) 
4 95 96 (224 -768 352 ) (224 -768 256 ) (544 -768 256 ) (544 -768 352 ) 
4 96 103 (224 -928 256 ) (224 -832 256 ) (416 -832 256 ) (416 -928 256 ) 
4 96 102 (224 -832 256 ) (224 -768 256 ) (416 -768 256 ) (416 -832 256 ) 
4 96 101 (544 -800 256 ) (544 -928 256 ) (416 -928 256 ) (416 -800 256 ) 
4 96 100 (416 -768 256 ) (544 -768 256 ) (544 -800 256 ) (416 -800 256 ) 
4 97 107 (192 -576 352 ) (192 0 352 ) (192 0 256 ) (192 -576 256 ) 
4 97 98 (192 -576 256 ) (192 0 256 ) (224 0 256 ) (224 -576 256 ) 
4 98 107 (192 -576 256 ) (192 0 256 ) (192 0 96 ) (192 -576 96 ) 
4 98 106 (192 -576 96 ) (192 0 96 ) (576 0 96 ) (576 -576 96 ) 
4 99 100 (544 -608 96 ) (544 -768 96 ) (544 -768 256 ) (544 -608 256 ) 
4 100 102 (416 -608 96 ) (416 -800 96 ) (416 -800 256 ) (416 -608 256 ) 
4 100 101 (416 -800 256 ) (416 -800 192 ) (544 -800 192 ) (544 -800 256 ) 
4 101 103 (416 -928 192 ) (416 -928 256 ) (416 -832 256 ) (416 -832 192 ) 
4 101 102 (416 -832 256 ) (416 -800 256 ) (416 -800 192 ) (416 -832 192 ) 
4 102 105 (224 -672 96 ) (224 -832 96 ) (224 -832 256 ) (224 -672 256 ) 
3 102 104 (309.334045 -832 96 ) (416 -832 96 ) (416 -832 176 ) 
5 102 103 (224 -832 256 ) (224 -832 96 ) (288 -832 96 ) (416 -832 192 ) (416 -832 256 ) 
4 103 105 (224 -832 96 ) (224 -864 96 ) (224 -864 256 ) (224 -832 256 ) 
4 105 107 (192 -864 256 ) (192 -672 256 ) (192 -672 96 ) (192 -864 96 ) 
4 106 107 (192 -576 -96 ) (192 -576 96 ) (192 0 96 ) (192 0 -96 ) 
4 107 177 (0 -576 96 ) (0 -576 -96 ) (0 -960 -96 ) (0 -960 96 ) 
4 107 165 (0 -576 256 ) (0 -576 96 ) (0 -960 96 ) (0 -960 256 ) 
4 107 163 (0 -960 352 ) (0 -576 352 ) (0 -576 256 ) (0 -960 256 ) 
4 107 156 (0 0 32 ) (0 0 -96 ) (0 -576 -96 ) (0 -576 32 ) 
4 107 155 (0 -576 352 ) (0 -224 352 ) (0 -224 32 ) (0 -576 32 ) 
4 107 143 (0 -224 352 ) (0 -192 352 ) (0 -192 32 ) (0 -224 32 ) 
4 107 142 (0 -192 352 ) (0 0 352 ) (0 0 32 ) (0 -192 32 ) 
4 108 138 (-1024 992 656 ) (-1024 192 656 ) (-1024 192 896 ) (-1024 992 896 ) 
4 108 112 (-192 192 896 ) (-1024 192 896 ) (-1024 192 656 ) (-192 192 656 ) 
4 108 111 (0 192 656 ) (0 192 896 ) (-192 192 896 ) (-192 192 656 ) 
4 108 109 (-176 944 656 ) (0 944 656 ) (0 752 656 ) (-176 752 656 ) 
4 108 110 (0 192 656 ) (-1024 192 656 ) (-1024 752 656 ) (0 752 656 ) 
4 109 114 (0 768 640 ) (0 752 640 ) (-176 752 640 ) (-176 768 640 ) 
4 109 113 (-176 944 640 ) (0 944 640 ) (0 768 640 ) (-176 768 640 ) 
4 109 110 (-176 752 640 ) (0 752 640 ) (0 752 656 ) (-176 752 656 ) 
4 110 139 (-1024 752 640 ) (-1024 192 640 ) (-1024 192 656 ) (-1024 752 656 ) 
4 110 115 (-1024 192 640 ) (-1024 752 640 ) (-944 752 640 ) (-944 192 640 ) 
4 110 114 (-944 752 640 ) (0 752 640 ) (0 192 640 ) (-944 192 640 ) 
4 110 112 (-1024 192 640 ) (-192 192 640 ) (-192 192 656 ) (-1024 192 656 ) 
4 110 111 (-192 192 640 ) (0 192 640 ) (0 192 656 ) (-192 192 656 ) 
4 111 142 (0 0 640 ) (0 0 896 ) (-192 0 896 ) (-192 0 640 ) 
4 111 114 (-192 192 640 ) (0 192 640 ) (0 0 640 ) (-192 0 640 ) 
4 111 112 (-192 192 896 ) (-192 192 640 ) (-192 0 640 ) (-192 0 896 ) 
4 112 144 (-1024 0 896 ) (-1024 0 640 ) (-192 0 640 ) (-192 0 896 ) 
4 112 139 (-1024 192 640 ) (-1024 0 640 ) (-1024 0 656 ) (-1024 192 656 ) 
4 112 138 (-1024 0 656 ) (-1024 0 896 ) (-1024 192 896 ) (-1024 192 656 ) 
4 112 115 (-1024 0 640 ) (-1024 192 640 ) (-944 192 640 ) (-944 0 640 ) 
4 112 114 (-944 192 640 ) (-192 192 640 ) (-192 0 640 ) (-944 0 640 ) 
4 113 116 (0 960 352 ) (0 768 352 ) (-192 768 352 ) (-192 960 352 ) 
4 113 114 (-192 768 352 ) (0 768 352 ) (0 768 640 ) (-192 768 640 ) 
4 114 145 (-944 0 368 ) (-944 0 352 ) (-192 0 352 ) (-192 0 368 ) 
4 114 144 (-192 0 640 ) (-944 0 640 ) (-944 0 368 ) (-192 0 368 ) 
4 114 142 (0 0 352 ) (0 0 640 ) (-192 0 640 ) (-192 0 352 ) 
4 114 130 (-576 0 352 ) (-704 0 352 ) (-704 768 352 ) (-576 768 352 ) 
4 114 133 (-704 0 352 ) (-944 0 352 ) (-944 768 352 ) (-704 768 352 ) 
4 114 119 (-544 768 352 ) (-224 768 352 ) (-224 608 352 ) (-544 608 352 ) 
4 114 120 (-224 0 352 ) (-576 0 352 ) (-576 576 352 ) (-224 576 352 ) 
4 114 117 (-192 0 352 ) (-224 0 352 ) (-224 576 352 ) (-192 576 352 ) 
4 114 116 (0 0 352 ) (-192 0 352 ) (-192 768 352 ) (0 768 352 ) 
4 114 115 (-944 768 640 ) (-944 768 368 ) (-944 0 368 ) (-944 0 640 ) 
4 115 144 (-944 0 640 ) (-1024 0 640 ) (-1024 0 368 ) (-944 0 368 ) 
4 115 140 (-1024 0 368 ) (-1024 0 640 ) (-1024 768 640 ) (-1024 768 368 ) 
4 116 156 (0 0 -96 ) (0 0 32 ) (-192 0 32 ) (-192 0 -96 ) 
4 116 142 (0 0 32 ) (0 0 352 ) (-192 0 352 ) (-192 0 32 ) 
4 116 129 (-192 0 -96 ) (-192 0 96 ) (-192 576 96 ) (-192 576 -96 ) 
4 116 121 (-192 672 256 ) (-192 864 256 ) (-192 864 96 ) (-192 672 96 ) 
4 116 128 (-192 0 96 ) (-192 0 256 ) (-192 576 256 ) (-192 576 96 ) 
4 116 117 (-192 0 256 ) (-192 0 352 ) (-192 576 352 ) (-192 576 256 ) 
4 117 147 (-192 0 256 ) (-192 0 320 ) (-224 0 320 ) (-224 0 256 ) 
4 117 146 (-192 0 320 ) (-192 0 352 ) (-224 0 352 ) (-224 0 320 ) 
4 117 128 (-192 576 256 ) (-192 0 256 ) (-224 0 256 ) (-224 576 256 ) 
4 117 120 (-224 576 256 ) (-224 0 256 ) (-224 0 352 ) (-224 576 352 ) 
4 118 125 (-544 928 256 ) (-416 928 256 ) (-416 800 256 ) (-544 800 256 ) 
4 118 126 (-416 800 256 ) (-416 768 256 ) (-544 768 256 ) (-544 800 256 ) 
4 118 122 (-416 928 256 ) (-224 928 256 ) (-224 832 256 ) (-416 832 256 ) 
4 118 124 (-224 832 256 ) (-224 768 256 ) (-416 768 256 ) (-416 832 256 ) 
4 118 119 (-544 768 256 ) (-224 768 256 ) (-224 768 352 ) (-544 768 352 ) 
4 119 126 (-544 768 256 ) (-416 768 256 ) (-416 608 256 ) (-544 608 256 ) 
4 119 124 (-416 768 256 ) (-224 768 256 ) (-224 608 256 ) (-416 608 256 ) 
4 120 147 (-576 0 320 ) (-576 0 256 ) (-224 0 256 ) (-224 0 320 ) 
4 120 146 (-224 0 352 ) (-576 0 352 ) (-576 0 320 ) (-224 0 320 ) 
4 120 130 (-576 0 352 ) (-576 576 352 ) (-576 576 256 ) (-576 0 256 ) 
4 120 128 (-576 0 256 ) (-576 576 256 ) (-224 576 256 ) (-224 0 256 ) 
4 121 122 (-224 864 96 ) (-224 832 96 ) (-224 832 256 ) (-224 864 256 ) 
4 121 124 (-224 832 96 ) (-224 672 96 ) (-224 672 256 ) (-224 832 256 ) 
4 122 125 (-416 928 256 ) (-416 928 192 ) (-416 832 192 ) (-416 832 256 ) 
5 122 124 (-416 832 256 ) (-416 832 192 ) (-288 832 96 ) (-224 832 96 ) (-224 832 256 ) 
3 123 124 (-416 832 176 ) (-416 832 96 ) (-309.334045 832 96 ) 
4 124 125 (-416 800 192 ) (-416 800 256 ) (-416 832 256 ) (-416 832 192 ) 
4 124 126 (-416 800 96 ) (-416 608 96 ) (-416 608 256 ) (-416 800 256 ) 
4 125 126 (-544 800 256 ) (-544 800 192 ) (-416 800 192 ) (-416 800 256 ) 
4 126 127 (-544 768 96 ) (-544 608 96 ) (-544 608 256 ) (-544 768 256 ) 
4 127 130 (-576 768 96 ) (-576 608 96 ) (-576 608 256 ) (-576 768 256 ) 
4 128 147 (-192 0 96 ) (-192 0 256 ) (-576 0 256 ) (-576 0 96 ) 
4 128 130 (-576 576 96 ) (-576 0 96 ) (-576 0 256 ) (-576 576 256 ) 
4 128 129 (-576 0 96 ) (-576 576 96 ) (-192 576 96 ) (-192 0 96 ) 
4 129 156 (-192 0 -96 ) (-192 0 32 ) (-576 0 32 ) (-576 0 -96 ) 
4 129 147 (-192 0 32 ) (-192 0 96 ) (-576 0 96 ) (-576 0 32 ) 
5 129 132 (-576 0 32 ) (-576 0 96 ) (-576 576 96 ) (-576 576 74.666656 ) (-576 512 32 ) 
4 130 147 (-576 0 96 ) (-576 0 320 ) (-704 0 320 ) (-704 0 96 ) 
4 130 146 (-576 0 320 ) (-576 0 352 ) (-704 0 352 ) (-704 0 320 ) 
4 130 132 (-704 0 96 ) (-704 608 96 ) (-576 608 96 ) (-576 0 96 ) 
4 130 133 (-704 768 352 ) (-704 768 96 ) (-704 0 96 ) (-704 0 352 ) 
4 131 134 (-704 768 32 ) (-576 768 32 ) (-576 576 32 ) (-704 576 32 ) 
3 131 133 (-704 768 64 ) (-704 768 32 ) (-704 576 32 ) 
4 132 147 (-576 0 32 ) (-576 0 96 ) (-704 0 96 ) (-704 0 32 ) 
4 132 133 (-704 512 32 ) (-704 0 32 ) (-704 0 96 ) (-704 608 96 ) 
4 133 147 (-960 0 320 ) (-960 0 32 ) (-704 0 32 ) (-704 0 320 ) 
4 133 146 (-704 0 352 ) (-960 0 352 ) (-960 0 320 ) (-704 0 320 ) 
4 133 136 (-960 0 32 ) (-960 0 160 ) (-960 96 160 ) (-960 96 32 ) 
4 133 135 (-960 384 32 ) (-960 576 32 ) (-704 576 32 ) (-704 384 32 ) 
4 133 134 (-960 576 32 ) (-960 768 32 ) (-704 768 32 ) (-704 576 32 ) 
4 134 135 (-960 576 -96 ) (-704 576 -96 ) (-704 576 32 ) (-960 576 32 ) 
4 136 148 (-960 0 32 ) (-960 0 160 ) (-992 0 160 ) (-992 0 32 ) 
4 136 137 (-992 96 160 ) (-992 96 32 ) (-992 0 32 ) (-992 0 160 ) 
4 137 149 (-992 0 32 ) (-992 0 320 ) (-1024 0 320 ) (-1024 0 32 ) 
4 137 141 (-1024 0 32 ) (-1024 0 320 ) (-1024 224 320 ) (-1024 224 32 ) 
4 138 198 (-1024 0 656 ) (-1024 0 896 ) (-1472 0 896 ) (-1472 0 656 ) 
4 138 139 (-1472 0 656 ) (-1472 752 656 ) (-1024 752 656 ) (-1024 0 656 ) 
4 139 198 (-1024 0 640 ) (-1024 0 656 ) (-1472 0 656 ) (-1472 0 640 ) 
4 139 140 (-1024 0 640 ) (-1472 0 640 ) (-1472 752 640 ) (-1024 752 640 ) 
4 140 198 (-1024 0 368 ) (-1024 0 640 ) (-1472 0 640 ) (-1472 0 368 ) 
4 141 205 (-1376 0 256 ) (-1440 0 256 ) (-1440 0 32 ) (-1376 0 32 ) 
4 141 203 (-1376 0 160 ) (-1376 0 32 ) (-1344 0 32 ) (-1344 0 160 ) 
4 141 202 (-1344 0 256 ) (-1376 0 256 ) (-1376 0 160 ) (-1344 0 160 ) 
4 141 200 (-1024 0 32 ) (-1024 0 256 ) (-1344 0 256 ) (-1344 0 32 ) 
4 141 199 (-1024 0 256 ) (-1024 0 320 ) (-1440 0 320 ) (-1440 0 256 ) 
4 142 156 (-192 0 32 ) (0 0 32 ) (0 -192 32 ) (-192 -192 32 ) 
4 142 150 (-192 -96 32 ) (-192 -192 32 ) (-192 -192 320 ) (-192 -96 320 ) 
4 142 147 (-192 0 32 ) (-192 -96 32 ) (-192 -96 320 ) (-192 0 320 ) 
4 142 146 (-192 -192 320 ) (-192 -192 352 ) (-192 0 352 ) (-192 0 320 ) 
4 142 145 (-192 -192 352 ) (-192 -192 368 ) (-192 0 368 ) (-192 0 352 ) 
4 142 144 (-192 -192 368 ) (-192 -192 896 ) (-192 0 896 ) (-192 0 368 ) 
4 142 143 (-192 -192 896 ) (-192 -192 32 ) (0 -192 32 ) (0 -192 896 ) 
4 143 156 (0 -192 32 ) (0 -224 32 ) (-192 -224 32 ) (-192 -192 32 ) 
4 143 155 (-192 -224 32 ) (0 -224 32 ) (0 -224 352 ) (-192 -224 352 ) 
4 143 152 (0 -224 352 ) (0 -224 896 ) (-192 -224 896 ) (-192 -224 352 ) 
4 143 150 (-192 -192 32 ) (-192 -224 32 ) (-192 -224 320 ) (-192 -192 320 ) 
4 143 146 (-192 -224 320 ) (-192 -224 352 ) (-192 -192 352 ) (-192 -192 320 ) 
4 143 145 (-192 -224 352 ) (-192 -224 368 ) (-192 -192 368 ) (-192 -192 352 ) 
4 143 144 (-192 -224 368 ) (-192 -224 896 ) (-192 -192 896 ) (-192 -192 368 ) 
4 144 198 (-1024 0 896 ) (-1024 0 368 ) (-1024 -224 368 ) (-1024 -224 896 ) 
4 144 153 (-1024 -224 896 ) (-1024 -224 368 ) (-944 -224 368 ) (-944 -224 896 ) 
4 144 152 (-944 -224 368 ) (-192 -224 368 ) (-192 -224 896 ) (-944 -224 896 ) 
4 144 145 (-192 0 368 ) (-192 -224 368 ) (-944 -224 368 ) (-944 0 368 ) 
4 145 152 (-944 -224 352 ) (-192 -224 352 ) (-192 -224 368 ) (-944 -224 368 ) 
4 145 146 (-944 0 352 ) (-192 0 352 ) (-192 -224 352 ) (-944 -224 352 ) 
4 146 155 (-960 -224 320 ) (-192 -224 320 ) (-192 -224 352 ) (-960 -224 352 ) 
4 146 150 (-192 -96 320 ) (-192 -224 320 ) (-960 -224 320 ) (-960 -96 320 ) 
4 146 147 (-192 0 320 ) (-192 -96 320 ) (-960 -96 320 ) (-960 0 320 ) 
4 147 156 (-576 0 32 ) (-192 0 32 ) (-192 -96 32 ) (-576 -96 32 ) 
4 147 150 (-960 -96 32 ) (-192 -96 32 ) (-192 -96 320 ) (-960 -96 320 ) 
4 147 148 (-960 0 32 ) (-960 -96 32 ) (-960 -96 160 ) (-960 0 160 ) 
4 148 149 (-992 0 32 ) (-992 -96 32 ) (-992 -96 160 ) (-992 0 160 ) 
4 149 200 (-1024 0 256 ) (-1024 0 32 ) (-1024 -96 32 ) (-1024 -96 256 ) 
4 149 199 (-1024 0 320 ) (-1024 0 256 ) (-1024 -96 256 ) (-1024 -96 320 ) 
4 149 151 (-1024 -96 32 ) (-992 -96 32 ) (-992 -96 320 ) (-1024 -96 320 ) 
4 150 156 (-576 -96 32 ) (-192 -96 32 ) (-192 -224 32 ) (-576 -224 32 ) 
4 150 155 (-960 -224 32 ) (-192 -224 32 ) (-192 -224 320 ) (-960 -224 320 ) 
4 151 200 (-1024 -96 32 ) (-1024 -224 32 ) (-1024 -224 256 ) (-1024 -96 256 ) 
4 151 199 (-1024 -224 256 ) (-1024 -224 320 ) (-1024 -96 320 ) (-1024 -96 256 ) 
4 152 179 (-944 -576 406.856934 ) (-576 -576 406.856964 ) (-576 -576 896 ) (-944 -576 896 ) 
4 152 174 (-576 -576 406.856964 ) (-544 -576 406.856964 ) (-544 -576 656 ) (-576 -576 656 ) 
4 152 173 (-544 -576 656 ) (-544 -576 896 ) (-576 -576 896 ) (-576 -576 656 ) 
4 152 162 (-544 -576 406.856964 ) (-224 -576 406.856995 ) (-224 -576 528 ) (-544 -576 528 ) 
4 152 161 (-224 -576 406.856995 ) (0 -576 406.856995 ) (0 -576 528 ) (-224 -576 528 ) 
4 152 158 (0 -576 528 ) (0 -576 896 ) (-544 -576 896 ) (-544 -576 528 ) 
4 152 155 (-944 -224 352 ) (0 -224 352 ) (0 -384 352 ) (-944 -384 352 ) 
4 152 154 (0 -576 406.855652 ) (-944 -576 406.855652 ) (-944 -384.003906 352 ) (0 -384.003906 352 ) 
5 152 153 (-944 -576 422.856995 ) (-944 -576 896 ) (-944 -224 896 ) (-944 -224 368 ) (-944 -384 368 ) 
5 153 198 (-1024 -576 422.856995 ) (-1024 -576 896 ) (-1024 -224 896 ) (-1024 -224 368 ) (-1024 -384 368 ) 
4 153 182 (-1024 -576 896 ) (-1024 -576 422.857025 ) (-960 -576 422.856995 ) (-960 -576 896 ) 
4 153 180 (-960 -576 422.856995 ) (-944 -576 422.856995 ) (-944 -576 896 ) (-960 -576 896 ) 
4 154 181 (-960 -576 352 ) (-944 -576 352 ) (-944 -576 406.856934 ) (-960 -576 406.856934 ) 
4 154 179 (-944 -576 352 ) (-576 -576 352 ) (-576 -576 406.856964 ) (-944 -576 406.856934 ) 
4 154 174 (-576 -576 352 ) (-544 -576 352 ) (-544 -576 406.856964 ) (-576 -576 406.856964 ) 
4 154 162 (-544 -576 352 ) (-224 -576 352 ) (-224 -576 406.856995 ) (-544 -576 406.856964 ) 
4 154 161 (-224 -576 352 ) (0 -576 352 ) (0 -576 406.856995 ) (-224 -576 406.856995 ) 
4 154 155 (0 -576 352 ) (-960 -576 352 ) (-960 -384 352 ) (0 -384 352 ) 
4 155 181 (-960 -576 32 ) (-944 -576 32 ) (-944 -576 352 ) (-960 -576 352 ) 
4 155 179 (-944 -576 32 ) (-576 -576 32 ) (-576 -576 352 ) (-944 -576 352 ) 
4 155 177 (-192 -576 32 ) (0 -576 32 ) (0 -576 96 ) (-192 -576 96 ) 
4 155 165 (0 -576 96 ) (0 -576 256 ) (-192 -576 256 ) (-192 -576 96 ) 
4 155 163 (0 -576 256 ) (0 -576 352 ) (-192 -576 352 ) (-192 -576 256 ) 
4 155 157 (-768 -576 32 ) (-960 -576 32 ) (-960 -384 32 ) (-768 -384 32 ) 
4 155 156 (0 -576 32 ) (-576 -576 32 ) (-576 -224 32 ) (0 -224 32 ) 
4 156 177 (-192 -576 -96 ) (0 -576 -96 ) (0 -576 32 ) (-192 -576 32 ) 
4 157 181 (-960 -576 -96 ) (-944 -576 -96 ) (-944 -576 32 ) (-960 -576 32 ) 
4 157 179 (-944 -576 -96 ) (-768 -576 -96 ) (-768 -576 32 ) (-944 -576 32 ) 
4 158 174 (-544 -576 656 ) (-544 -576 528 ) (-544 -944 528 ) (-544 -944 656 ) 
4 158 173 (-544 -576 896 ) (-544 -576 656 ) (-544 -944 656 ) (-544 -944 896 ) 
4 158 162 (-544 -928 528 ) (-544 -576 528 ) (-224 -576 528 ) (-224 -928 528 ) 
4 158 161 (-224 -576 528 ) (0 -576 528 ) (0 -944 528 ) (-224 -944 528 ) 
4 158 159 (0 -944 656 ) (0 -944 896 ) (-544 -944 896 ) (-544 -944 656 ) 
4 158 160 (-544 -944 528 ) (0 -944 528 ) (0 -944 640 ) (-544 -944 640 ) 
4 159 178 (0 -960 656 ) (0 -960 896 ) (-544 -960 896 ) (-544 -960 656 ) 
4 159 173 (-544 -960 656 ) (-544 -960 896 ) (-544 -944 896 ) (-544 -944 656 ) 
4 160 175 (-544 -944 528 ) (-544 -960 528 ) (-544 -960 640 ) (-544 -944 640 ) 
4 160 161 (0 -960 528 ) (-224 -960 528 ) (-224 -944 528 ) (0 -944 528 ) 
4 161 163 (0 -960 352 ) (-192 -960 352 ) (-192 -576 352 ) (0 -576 352 ) 
4 161 162 (-224 -576 352 ) (-224 -928 352 ) (-224 -928 528 ) (-224 -576 528 ) 
4 162 174 (-544 -576 528 ) (-544 -576 352 ) (-544 -928 352 ) (-544 -928 528 ) 
4 162 164 (-544 -928 352 ) (-544 -608 352 ) (-224 -608 352 ) (-224 -928 352 ) 
4 163 165 (0 -960 256 ) (-192 -960 256 ) (-192 -576 256 ) (0 -576 256 ) 
4 164 176 (-544 -800 256 ) (-544 -928 256 ) (-544 -928 320 ) (-544 -800 320 ) 
4 164 169 (-544 -928 256 ) (-544 -672 256 ) (-448 -672 256 ) (-448 -928 256 ) 
4 164 168 (-448 -672 256 ) (-224 -672 256 ) (-224 -928 256 ) (-448 -928 256 ) 
4 164 166 (-544 -672 256 ) (-544 -608 256 ) (-224 -608 256 ) (-224 -672 256 ) 
4 165 177 (0 -960 96 ) (-192 -960 96 ) (-192 -576 96 ) (0 -576 96 ) 
4 165 167 (-192 -672 96 ) (-192 -864 96 ) (-192 -864 256 ) (-192 -672 256 ) 
4 166 171 (-544 -672 184 ) (-544 -672 96 ) (-448 -672 96 ) (-448 -672 184 ) 
4 166 170 (-544 -672 192 ) (-544 -672 184 ) (-448 -672 184 ) (-448 -672 192 ) 
4 166 169 (-448 -672 256 ) (-544 -672 256 ) (-544 -672 192 ) (-448 -672 192 ) 
4 166 168 (-224 -672 256 ) (-448 -672 256 ) (-448 -672 96 ) (-224 -672 96 ) 
4 167 168 (-224 -672 256 ) (-224 -672 96 ) (-224 -864 96 ) (-224 -864 256 ) 
4 168 172 (-448 -712 96 ) (-448 -928 96 ) (-448 -928 184 ) (-448 -800 184 ) 
4 168 171 (-448 -672 184 ) (-448 -672 96 ) (-448 -704 96 ) (-448 -792 184 ) 
4 168 170 (-448 -672 192 ) (-448 -672 184 ) (-448 -792 184 ) (-448 -800 192 ) 
4 168 169 (-448 -672 256 ) (-448 -672 192 ) (-448 -928 192 ) (-448 -928 256 ) 
4 169 176 (-544 -928 192 ) (-544 -928 256 ) (-544 -800 256 ) (-544 -800 192 ) 
4 169 170 (-544 -672 192 ) (-448 -672 192 ) (-448 -800 192 ) (-544 -800 192 ) 
4 170 171 (-544 -672 184 ) (-448 -672 184 ) (-448 -792 184 ) (-544 -792 184 ) 
4 173 183 (-576 -608 656 ) (-576 -960 656 ) (-576 -960 896 ) (-576 -608 896 ) 
4 173 179 (-576 -576 896 ) (-576 -576 656 ) (-576 -608 656 ) (-576 -608 896 ) 
4 173 178 (-576 -960 896 ) (-576 -960 656 ) (-544 -960 656 ) (-544 -960 896 ) 
4 173 174 (-544 -576 656 ) (-544 -944 656 ) (-576 -944 656 ) (-576 -576 656 ) 
4 174 196 (-576 -928 352 ) (-576 -944 352 ) (-576 -944 384 ) (-576 -928 384 ) 
4 174 192 (-576 -608 352 ) (-576 -928 352 ) (-576 -928 384 ) (-576 -608 384 ) 
4 174 191 (-576 -944 384 ) (-576 -944 416 ) (-576 -608 416 ) (-576 -608 384 ) 
4 174 187 (-576 -944 416 ) (-576 -944 640 ) (-576 -608 640 ) (-576 -608 416 ) 
4 174 184 (-576 -944 640 ) (-576 -944 656 ) (-576 -608 656 ) (-576 -608 640 ) 
4 174 179 (-576 -576 656 ) (-576 -576 352 ) (-576 -608 352 ) (-576 -608 656 ) 
4 174 175 (-576 -944 352 ) (-544 -944 352 ) (-544 -944 640 ) (-576 -944 640 ) 
4 175 196 (-576 -944 352 ) (-576 -960 352 ) (-576 -960 384 ) (-576 -944 384 ) 
4 175 191 (-576 -960 384 ) (-576 -960 416 ) (-576 -944 416 ) (-576 -944 384 ) 
4 175 187 (-576 -960 416 ) (-576 -960 640 ) (-576 -944 640 ) (-576 -944 416 ) 
4 176 192 (-576 -800 192 ) (-576 -928 192 ) (-576 -928 320 ) (-576 -800 320 ) 
4 178 183 (-576 -992 656 ) (-576 -992 896 ) (-576 -960 896 ) (-576 -960 656 ) 
4 179 197 (-576 -608 -96 ) (-576 -608 32 ) (-944 -608 32 ) (-944 -608 -96 ) 
4 179 193 (-576 -608 160 ) (-576 -608 192 ) (-640 -608 192 ) (-640 -608 160 ) 
4 179 192 (-576 -608 192 ) (-576 -608 384 ) (-640 -608 384 ) (-640 -608 192 ) 
4 179 194 (-576 -608 32 ) (-576 -608 160 ) (-640 -608 160 ) (-640 -608 32 ) 
4 179 195 (-640 -608 384 ) (-944 -608 384 ) (-944 -608 32 ) (-640 -608 32 ) 
4 179 191 (-576 -608 384 ) (-576 -608 416 ) (-944 -608 416 ) (-944 -608 384 ) 
4 179 187 (-576 -608 416 ) (-576 -608 640 ) (-944 -608 640 ) (-944 -608 416 ) 
4 179 184 (-576 -608 640 ) (-576 -608 656 ) (-944 -608 656 ) (-944 -608 640 ) 
4 179 183 (-576 -608 656 ) (-576 -608 896 ) (-944 -608 896 ) (-944 -608 656 ) 
4 179 181 (-944 -576 -96 ) (-944 -608 -96 ) (-944 -608 416 ) (-944 -576 406.856964 ) 
4 179 180 (-944 -608 432 ) (-944 -608 896 ) (-944 -576 896 ) (-944 -576 422.856964 ) 
4 180 188 (-960 -608 640 ) (-960 -608 432 ) (-944 -608 432 ) (-944 -608 640 ) 
4 180 185 (-944 -608 896 ) (-960 -608 896 ) (-960 -608 640 ) (-944 -608 640 ) 
4 180 182 (-960 -576 896 ) (-960 -576 422.856964 ) (-960 -608 432 ) (-960 -608 896 ) 
4 181 197 (-960 -608 32 ) (-960 -608 -96 ) (-944 -608 -96 ) (-944 -608 32 ) 
4 181 195 (-960 -608 384 ) (-960 -608 32 ) (-944 -608 32 ) (-944 -608 384 ) 
4 181 191 (-960 -608 416 ) (-960 -608 384 ) (-944 -608 384 ) (-944 -608 416 ) 
4 182 198 (-1024 -608 432 ) (-1024 -608 896 ) (-1024 -576 896 ) (-1024 -576 422.857025 ) 
4 182 188 (-1024 -608 640 ) (-1024 -608 432 ) (-960 -608 432 ) (-960 -608 640 ) 
4 182 185 (-1024 -608 896 ) (-1024 -608 640 ) (-960 -608 640 ) (-960 -608 896 ) 
4 183 186 (-944 -800 656 ) (-944 -992 656 ) (-944 -992 896 ) (-944 -800 896 ) 
4 183 185 (-944 -608 896 ) (-944 -608 656 ) (-944 -800 656 ) (-944 -800 896 ) 
4 183 184 (-944 -944 656 ) (-944 -608 656 ) (-576 -608 656 ) (-576 -944 656 ) 
4 184 187 (-944 -944 640 ) (-944 -608 640 ) (-576 -608 640 ) (-576 -944 640 ) 
4 184 185 (-944 -608 656 ) (-944 -608 640 ) (-944 -786.285706 640 ) (-944 -800 656 ) 
5 185 208 (-1024 -608 896 ) (-1024 -608 640 ) (-1024 -786.285706 640 ) (-1024 -800 656 ) (-1024 -800 896 ) 
4 185 188 (-1024 -786.285706 640 ) (-1024 -608 640 ) (-944 -608 640 ) (-944 -786.285706 640 ) 
4 185 186 (-1024 -800 896 ) (-1024 -800 656 ) (-944 -800 656 ) (-944 -800 896 ) 
4 186 209 (-1024 -800 896 ) (-1024 -800 656 ) (-1024 -992 656 ) (-1024 -992 896 ) 
4 187 191 (-944 -608 416 ) (-576 -608 416 ) (-576 -960 416 ) (-944 -960 416 ) 
4 187 190 (-944 -800 416 ) (-944 -960 416 ) (-944 -960 640 ) (-944 -800 640 ) 
3 187 189 (-944 -610.288025 416 ) (-944 -800 416 ) (-944 -800 637.331970 ) 
3 187 188 (-944 -786.285706 640 ) (-944 -608 640 ) (-944 -608 432 ) 
3 188 208 (-1024 -608 640 ) (-1024 -608 432 ) (-1024 -786.285706 640 ) 
4 189 191 (-944 -610.288025 416 ) (-944 -800 416 ) (-960 -800 416 ) (-960 -610.288025 416 ) 
4 189 190 (-960 -800 416 ) (-944 -800 416 ) (-944 -800 637.331970 ) (-960 -800 637.331970 ) 
4 190 191 (-960 -800 416 ) (-944 -800 416 ) (-944 -960 416 ) (-960 -960 416 ) 
4 191 196 (-576 -960 384 ) (-960 -960 384 ) (-960 -928 384 ) (-576 -928 384 ) 
4 191 192 (-640 -608 384 ) (-576 -608 384 ) (-576 -928 384 ) (-640 -928 384 ) 
4 191 195 (-960 -928 384 ) (-960 -608 384 ) (-640 -608 384 ) (-640 -928 384 ) 
4 192 196 (-576 -928 192 ) (-576 -928 384 ) (-640 -928 384 ) (-640 -928 192 ) 
4 192 193 (-640 -704 192 ) (-640 -608 192 ) (-576 -608 192 ) (-576 -704 192 ) 
4 192 195 (-640 -928 192 ) (-640 -928 384 ) (-640 -608 384 ) (-640 -608 192 ) 
4 193 195 (-640 -704 192 ) (-640 -608 192 ) (-640 -608 160 ) (-640 -704 160 ) 
4 193 194 (-640 -704 160 ) (-640 -608 160 ) (-576 -608 160 ) (-576 -704 160 ) 
4 194 197 (-640 -608 32 ) (-576 -608 32 ) (-576 -928 32 ) (-640 -928 32 ) 
4 194 196 (-640 -928 32 ) (-576 -928 32 ) (-576 -928 160 ) (-640 -928 160 ) 
4 194 195 (-640 -608 32 ) (-640 -928 32 ) (-640 -928 160 ) (-640 -608 160 ) 
4 195 211 (-1024 -608 160 ) (-1024 -608 32 ) (-1024 -928 32 ) (-1024 -928 160 ) 
4 195 210 (-1024 -608 384 ) (-1024 -608 160 ) (-1024 -928 160 ) (-1024 -928 384 ) 
4 195 197 (-960 -608 32 ) (-640 -608 32 ) (-640 -928 32 ) (-960 -928 32 ) 
4 195 196 (-960 -928 32 ) (-640 -928 32 ) (-640 -928 384 ) (-960 -928 384 ) 
4 196 197 (-576 -928 32 ) (-576 -960 32 ) (-960 -960 32 ) (-960 -928 32 ) 
4 198 208 (-1024 -608 432 ) (-1024 -608 896 ) (-1472 -608 896 ) (-1472 -608 432 ) 
4 199 205 (-1440 0 256 ) (-1376 0 256 ) (-1376 -224 256 ) (-1440 -224 256 ) 
4 199 202 (-1376 0 256 ) (-1344 0 256 ) (-1344 -224 256 ) (-1376 -224 256 ) 
4 199 200 (-1344 0 256 ) (-1024 0 256 ) (-1024 -224 256 ) (-1344 -224 256 ) 
4 200 203 (-1344 0 32 ) (-1344 -224 32 ) (-1344 -224 160 ) (-1344 0 160 ) 
4 200 202 (-1344 -224 160 ) (-1344 -224 256 ) (-1344 0 256 ) (-1344 0 160 ) 
4 200 201 (-1344 -224 256 ) (-1344 -224 32 ) (-1152 -224 32 ) (-1152 -224 256 ) 
4 201 213 (-1152 -608 256 ) (-1344 -608 256 ) (-1344 -608 32 ) (-1152 -608 32 ) 
4 201 204 (-1344 -320 32 ) (-1344 -512 32 ) (-1344 -512 160 ) (-1344 -320 160 ) 
4 202 205 (-1376 -224 256 ) (-1376 0 256 ) (-1376 0 160 ) (-1376 -224 160 ) 
4 202 203 (-1376 -224 160 ) (-1376 0 160 ) (-1344 0 160 ) (-1344 -224 160 ) 
4 203 205 (-1376 0 32 ) (-1376 -224 32 ) (-1376 -224 160 ) (-1376 0 160 ) 
4 204 206 (-1376 -320 32 ) (-1376 -512 32 ) (-1376 -512 160 ) (-1376 -320 160 ) 
4 206 207 (-1440 -256 32 ) (-1440 -576 32 ) (-1440 -576 256 ) (-1440 -256 256 ) 
4 208 209 (-1472 -800 896 ) (-1472 -800 656 ) (-1024 -800 656 ) (-1024 -800 896 ) 
4 210 211 (-1088 -608 160 ) (-1024 -608 160 ) (-1024 -928 160 ) (-1088 -928 160 ) 
4 211 212 (-1088 -672 32 ) (-1088 -864 32 ) (-1088 -864 160 ) (-1088 -672 160 ) 
4 212 213 (-1120 -672 32 ) (-1120 -864 32 ) (-1120 -864 160 ) (-1120 -672 160 ) 
