PRT1
12
20
4 0 6 (512 0 384 ) (384 0 384 ) (384 0 -128 ) (512 0 -128 ) 
4 0 2 (384 0 -64 ) (384 0 384 ) (384 128 384 ) (384 128 -64 ) 
4 0 1 (384 256 384 ) (384 256 -128 ) (384 128 -128 ) (384 128 384 ) 
4 1 3 (0 128 384 ) (0 256 384 ) (0 256 -128 ) (0 128 -128 ) 
4 1 2 (384 128 -64 ) (384 128 384 ) (0 128 384 ) (0 128 -64 ) 
4 2 7 (384 0 384 ) (0 0 384 ) (0 0 -64 ) (384 0 -64 ) 
4 2 4 (0 0 -64 ) (0 0 384 ) (0 128 384 ) (0 128 -64 ) 
4 3 4 (-384 128 384 ) (-384 128 -64 ) (0 128 -64 ) (0 128 384 ) 
4 3 5 (-384 256 384 ) (-384 256 -128 ) (-384 128 -128 ) (-384 128 384 ) 
4 4 9 (0 0 -64 ) (0 0 384 ) (-384 0 384 ) (-384 0 -64 ) 
4 4 5 (-384 0 -64 ) (-384 0 384 ) (-384 128 384 ) (-384 128 -64 ) 
4 5 11 (-384 0 384 ) (-512 0 384 ) (-512 0 -128 ) (-384 0 -128 ) 
4 6 7 (384 -128 -64 ) (384 -128 384 ) (384 0 384 ) (384 0 -64 ) 
4 6 8 (384 -128 -128 ) (384 -256 -128 ) (384 -256 384 ) (384 -128 384 ) 
4 7 9 (0 0 384 ) (0 0 -64 ) (0 -128 -64 ) (0 -128 384 ) 
4 7 8 (384 -128 -64 ) (384 -128 384 ) (0 -128 384 ) (0 -128 -64 ) 
4 8 10 (0 -128 -128 ) (0 -256 -128 ) (0 -256 384 ) (0 -128 384 ) 
4 9 10 (-384 -128 384 ) (-384 -128 -64 ) (0 -128 -64 ) (0 -128 384 ) 
4 9 11 (-384 -128 -64 ) (-384 -128 384 ) (-384 0 384 ) (-384 0 -64 ) 
4 10 11 (-384 -128 -128 ) (-384 -256 -128 ) (-384 -256 384 ) (-384 -128 384 ) 
