PRT1
200
607
4 0 16 (1024 992 896 ) (1024 992 656 ) (1024 800 656 ) (1024 800 896 ) 
4 0 1 (1472 800 656 ) (1472 800 896 ) (1024 800 896 ) (1024 800 656 ) 
3 1 21 (1024 786.285706 640 ) (1024 608 432 ) (1024 608 640 ) 
5 1 17 (1024 800 896 ) (1024 800 656 ) (1024 786.285706 640 ) (1024 608 640 ) (1024 608 896 ) 
4 1 6 (1024 608 896 ) (1024 608 432 ) (1472 608 432 ) (1472 608 896 ) 
4 2 14 (1152 608 32 ) (1344 608 32 ) (1344 608 256 ) (1152 608 256 ) 
4 2 4 (1120 864 32 ) (1120 672 32 ) (1120 672 160 ) (1120 864 160 ) 
4 3 26 (1024 928 160 ) (1024 608 160 ) (1024 608 384 ) (1024 928 384 ) 
4 3 5 (1088 608 160 ) (1024 608 160 ) (1024 928 160 ) (1088 928 160 ) 
4 4 5 (1088 864 32 ) (1088 672 32 ) (1088 672 160 ) (1088 864 160 ) 
4 5 26 (1024 928 32 ) (1024 608 32 ) (1024 608 160 ) (1024 928 160 ) 
4 6 73 (1024 0 640 ) (1024 0 368 ) (1472 0 368 ) (1472 0 640 ) 
4 6 72 (1024 0 656 ) (1024 0 640 ) (1472 0 640 ) (1472 0 656 ) 
4 6 71 (1024 0 896 ) (1024 0 656 ) (1472 0 656 ) (1472 0 896 ) 
4 6 58 (1024 0 368 ) (1024 0 896 ) (1024 224 896 ) (1024 224 368 ) 
5 6 53 (1024 224 896 ) (1024 576 896 ) (1024 576 422.856934 ) (1024 384 368 ) (1024 224 368 ) 
4 6 31 (1024 576 896 ) (1024 608 896 ) (1024 608 432 ) (1024 576 422.856934 ) 
4 7 74 (1024 0 320 ) (1024 0 256 ) (1440 0 256 ) (1440 0 320 ) 
4 7 63 (1024 0 256 ) (1024 0 320 ) (1024 96 320 ) (1024 96 256 ) 
4 7 61 (1024 96 320 ) (1024 224 320 ) (1024 224 256 ) (1024 96 256 ) 
4 7 15 (1344 0 256 ) (1024 0 256 ) (1024 224 256 ) (1344 224 256 ) 
4 7 11 (1376 0 256 ) (1344 0 256 ) (1344 224 256 ) (1376 224 256 ) 
4 7 10 (1440 0 256 ) (1376 0 256 ) (1376 224 256 ) (1440 224 256 ) 
4 8 9 (1440 256 256 ) (1440 576 256 ) (1440 576 32 ) (1440 256 32 ) 
4 9 12 (1376 512 32 ) (1376 320 32 ) (1376 320 160 ) (1376 512 160 ) 
4 10 74 (1440 0 256 ) (1376 0 256 ) (1376 0 32 ) (1440 0 32 ) 
4 10 13 (1376 224 160 ) (1376 224 32 ) (1376 0 32 ) (1376 0 160 ) 
4 10 11 (1376 0 256 ) (1376 224 256 ) (1376 224 160 ) (1376 0 160 ) 
4 11 74 (1376 0 256 ) (1344 0 256 ) (1344 0 160 ) (1376 0 160 ) 
4 11 15 (1344 0 256 ) (1344 224 256 ) (1344 224 160 ) (1344 0 160 ) 
4 11 13 (1344 0 160 ) (1344 224 160 ) (1376 224 160 ) (1376 0 160 ) 
4 12 14 (1344 512 32 ) (1344 320 32 ) (1344 320 160 ) (1344 512 160 ) 
4 13 74 (1344 0 160 ) (1344 0 32 ) (1376 0 32 ) (1376 0 160 ) 
4 13 15 (1344 224 32 ) (1344 0 32 ) (1344 0 160 ) (1344 224 160 ) 
4 14 15 (1152 224 32 ) (1344 224 32 ) (1344 224 256 ) (1152 224 256 ) 
4 15 74 (1344 0 256 ) (1024 0 256 ) (1024 0 32 ) (1344 0 32 ) 
4 15 63 (1024 0 32 ) (1024 0 256 ) (1024 96 256 ) (1024 96 32 ) 
4 15 61 (1024 96 256 ) (1024 224 256 ) (1024 224 32 ) (1024 96 32 ) 
4 16 18 (944 992 896 ) (944 992 656 ) (944 800 656 ) (944 800 896 ) 
4 16 17 (944 800 896 ) (944 800 656 ) (1024 800 656 ) (1024 800 896 ) 
4 17 32 (944 608 640 ) (960 608 640 ) (960 608 896 ) (944 608 896 ) 
4 17 31 (960 608 640 ) (1024 608 640 ) (1024 608 896 ) (960 608 896 ) 
4 17 21 (1024 608 640 ) (944 608 640 ) (944 786.285706 640 ) (1024 786.285706 640 ) 
4 17 19 (944 786.285706 640 ) (944 608 640 ) (944 608 656 ) (944 800 656 ) 
4 17 18 (944 608 656 ) (944 608 896 ) (944 800 896 ) (944 800 656 ) 
4 18 36 (576 608 656 ) (576 608 896 ) (576 960 896 ) (576 960 656 ) 
4 18 35 (576 960 896 ) (576 992 896 ) (576 992 656 ) (576 960 656 ) 
4 18 34 (576 608 896 ) (576 608 656 ) (944 608 656 ) (944 608 896 ) 
4 18 19 (944 944 656 ) (944 608 656 ) (576 608 656 ) (576 944 656 ) 
4 19 38 (576 608 640 ) (576 608 656 ) (576 944 656 ) (576 944 640 ) 
4 19 34 (576 608 656 ) (576 608 640 ) (944 608 640 ) (944 608 656 ) 
4 19 23 (944 608 640 ) (576 608 640 ) (576 944 640 ) (944 944 640 ) 
4 20 24 (944 800 416 ) (944 960 416 ) (960 960 416 ) (960 800 416 ) 
4 20 22 (944 800 637.331970 ) (944 800 416 ) (960 800 416 ) (960 800 637.331970 ) 
4 20 23 (944 960 640 ) (944 960 416 ) (944 800 416 ) (944 800 640 ) 
4 21 32 (960 608 640 ) (944 608 640 ) (944 608 432 ) (960 608 432 ) 
4 21 31 (1024 608 432 ) (1024 608 640 ) (960 608 640 ) (960 608 432 ) 
3 21 23 (944 608 432 ) (944 608 640 ) (944 786.285706 640 ) 
4 22 24 (944 610.288025 416 ) (944 800 416 ) (960 800 416 ) (960 610.288025 416 ) 
3 22 23 (944 800 416 ) (944 610.288025 416 ) (944 800 637.331970 ) 
4 23 37 (576 944 640 ) (576 960 640 ) (576 960 416 ) (576 944 416 ) 
4 23 38 (576 608 416 ) (576 608 640 ) (576 944 640 ) (576 944 416 ) 
4 23 34 (576 608 640 ) (576 608 416 ) (944 608 416 ) (944 608 640 ) 
4 23 24 (944 608 416 ) (576 608 416 ) (576 960 416 ) (944 960 416 ) 
4 24 37 (576 944 416 ) (576 960 416 ) (576 960 384 ) (576 944 384 ) 
4 24 38 (576 608 384 ) (576 608 416 ) (576 944 416 ) (576 944 384 ) 
4 24 33 (944 608 384 ) (960 608 384 ) (960 608 416 ) (944 608 416 ) 
4 24 34 (576 608 416 ) (576 608 384 ) (944 608 384 ) (944 608 416 ) 
4 24 27 (640 608 384 ) (576 608 384 ) (576 928 384 ) (640 928 384 ) 
4 24 26 (960 608 384 ) (640 608 384 ) (640 928 384 ) (960 928 384 ) 
4 24 25 (576 928 384 ) (576 960 384 ) (960 960 384 ) (960 928 384 ) 
4 25 37 (576 944 384 ) (576 960 384 ) (576 960 352 ) (576 944 352 ) 
4 25 38 (576 928 384 ) (576 944 384 ) (576 944 352 ) (576 928 352 ) 
4 25 30 (576 928 32 ) (576 960 32 ) (960 960 32 ) (960 928 32 ) 
4 25 27 (640 928 192 ) (640 928 384 ) (576 928 384 ) (576 928 192 ) 
4 25 29 (576 928 32 ) (640 928 32 ) (640 928 160 ) (576 928 160 ) 
4 25 26 (640 928 32 ) (960 928 32 ) (960 928 384 ) (640 928 384 ) 
4 26 33 (944 608 32 ) (960 608 32 ) (960 608 384 ) (944 608 384 ) 
4 26 34 (640 608 32 ) (944 608 32 ) (944 608 384 ) (640 608 384 ) 
4 26 30 (960 608 32 ) (640 608 32 ) (640 928 32 ) (960 928 32 ) 
4 26 28 (640 704 160 ) (640 608 160 ) (640 608 192 ) (640 704 192 ) 
4 26 27 (640 928 384 ) (640 928 192 ) (640 608 192 ) (640 608 384 ) 
4 26 29 (640 928 160 ) (640 928 32 ) (640 608 32 ) (640 608 160 ) 
4 27 39 (576 800 320 ) (576 928 320 ) (576 928 192 ) (576 800 192 ) 
4 27 38 (576 608 352 ) (576 608 384 ) (576 928 384 ) (576 928 352 ) 
4 27 34 (576 608 384 ) (576 608 192 ) (640 608 192 ) (640 608 384 ) 
4 27 28 (640 704 192 ) (640 608 192 ) (576 608 192 ) (576 704 192 ) 
4 28 34 (576 608 192 ) (576 608 160 ) (640 608 160 ) (640 608 192 ) 
4 28 29 (640 704 160 ) (640 608 160 ) (576 608 160 ) (576 704 160 ) 
4 29 34 (576 608 160 ) (576 608 32 ) (640 608 32 ) (640 608 160 ) 
4 29 30 (640 608 32 ) (576 608 32 ) (576 928 32 ) (640 928 32 ) 
4 30 33 (944 608 -96 ) (960 608 -96 ) (960 608 32 ) (944 608 32 ) 
4 30 34 (576 608 32 ) (576 608 -96 ) (944 608 -96 ) (944 608 32 ) 
4 31 53 (1024 576 422.856995 ) (1024 576 896 ) (960 576 896 ) (960 576 422.857025 ) 
4 31 32 (960 608 896 ) (960 608 432 ) (960 576 422.856995 ) (960 576 896 ) 
4 32 53 (960 576 422.856995 ) (960 576 896 ) (944 576 896 ) (944 576 422.856964 ) 
4 32 34 (944 576 422.856995 ) (944 576 896 ) (944 608 896 ) (944 608 432 ) 
4 33 69 (960 576 -96 ) (960 576 32 ) (944 576 32 ) (944 576 -96 ) 
4 33 57 (960 576 32 ) (960 576 352 ) (944 576 352 ) (944 576 32 ) 
4 33 55 (960 576 352 ) (960 576 368 ) (944 576 368 ) (944 576 352 ) 
4 33 54 (960 576 368 ) (960 576 406.856995 ) (944 576 406.856995 ) (944 576 368 ) 
4 33 34 (944 608 -96 ) (944 576 -96 ) (944 576 406.856995 ) (944 608 416 ) 
4 34 69 (768 576 -96 ) (944 576 -96 ) (944 576 32 ) (768 576 32 ) 
4 34 57 (576 576 352 ) (576 576 32 ) (944 576 32 ) (944 576 352 ) 
4 34 56 (944 576 896 ) (576 576 896 ) (576 576 352 ) (944 576 352 ) 
4 34 38 (576 576 352 ) (576 576 656 ) (576 608 656 ) (576 608 352 ) 
4 34 36 (576 576 656 ) (576 576 896 ) (576 608 896 ) (576 608 656 ) 
4 35 101 (0 960 656 ) (0 960 896 ) (0 992 896 ) (0 992 656 ) 
4 35 40 (544 960 896 ) (0 960 896 ) (0 960 656 ) (544 960 656 ) 
4 35 36 (576 960 656 ) (576 960 896 ) (544 960 896 ) (544 960 656 ) 
4 36 56 (576 576 656 ) (576 576 896 ) (544 576 896 ) (544 576 656 ) 
4 36 46 (544 864 656 ) (544 576 656 ) (544 576 896 ) (544 864 896 ) 
4 36 40 (544 960 896 ) (544 960 656 ) (544 944 656 ) (544 944 896 ) 
4 36 42 (544 944 656 ) (544 864 656 ) (544 864 896 ) (544 944 896 ) 
4 36 38 (544 576 656 ) (544 944 656 ) (576 944 656 ) (576 576 656 ) 
4 37 41 (544 960 640 ) (544 960 528 ) (544 944 528 ) (544 944 640 ) 
4 37 38 (544 944 352 ) (576 944 352 ) (576 944 640 ) (544 944 640 ) 
4 38 56 (576 576 352 ) (576 576 656 ) (544 576 656 ) (544 576 352 ) 
4 38 46 (544 864 352 ) (544 576 352 ) (544 576 656 ) (544 864 656 ) 
4 38 43 (544 928 352 ) (544 864 352 ) (544 864 528 ) (544 928 528 ) 
4 38 42 (544 864 528 ) (544 864 656 ) (544 944 656 ) (544 944 528 ) 
4 39 47 (544 864 192 ) (544 800 192 ) (544 800 320 ) (544 864 320 ) 
4 39 43 (544 928 192 ) (544 864 192 ) (544 864 320 ) (544 928 320 ) 
4 40 101 (0 960 896 ) (0 960 656 ) (0 944 656 ) (0 944 896 ) 
4 40 42 (544 944 656 ) (544 944 896 ) (0 944 896 ) (0 944 656 ) 
4 41 106 (0 960 640 ) (0 960 528 ) (0 944 528 ) (0 944 640 ) 
4 41 44 (192 960 528 ) (224 960 528 ) (224 944 528 ) (192 944 528 ) 
4 41 45 (0 944 528 ) (0 960 528 ) (192 960 528 ) (192 944 528 ) 
4 41 42 (0 944 528 ) (544 944 528 ) (544 944 640 ) (0 944 640 ) 
4 42 106 (0 944 528 ) (0 864 528 ) (0 864 640 ) (0 944 640 ) 
4 42 102 (0 864 640 ) (0 864 656 ) (0 944 656 ) (0 944 640 ) 
4 42 101 (0 864 656 ) (0 864 896 ) (0 944 896 ) (0 944 656 ) 
4 42 46 (0 864 896 ) (0 864 528 ) (544 864 528 ) (544 864 896 ) 
4 42 44 (224 864 528 ) (192 864 528 ) (192 944 528 ) (224 944 528 ) 
4 42 45 (192 864 528 ) (0 864 528 ) (0 944 528 ) (192 944 528 ) 
4 42 43 (544 864 528 ) (224 864 528 ) (224 928 528 ) (544 928 528 ) 
4 43 47 (224 864 96 ) (544 864 96 ) (544 864 352 ) (224 864 352 ) 
4 43 46 (544 864 352 ) (544 864 528 ) (224 864 528 ) (224 864 352 ) 
4 43 44 (224 864 352 ) (224 864 528 ) (224 928 528 ) (224 928 352 ) 
4 44 46 (224 864 352 ) (224 864 528 ) (192 864 528 ) (192 864 352 ) 
4 44 45 (192 864 352 ) (192 864 528 ) (192 960 528 ) (192 960 352 ) 
4 45 109 (0 960 352 ) (0 960 96 ) (0 864 96 ) (0 864 352 ) 
4 45 106 (0 960 528 ) (0 960 352 ) (0 864 352 ) (0 864 528 ) 
4 45 52 (0 960 96 ) (192 960 96 ) (192 864 96 ) (0 864 96 ) 
4 45 49 (0 864 352 ) (0 864 96 ) (192 864 96 ) (192 864 352 ) 
4 45 46 (0 864 528 ) (0 864 352 ) (192 864 352 ) (192 864 528 ) 
4 46 107 (0 576 352 ) (0 576 640 ) (0 768 640 ) (0 768 352 ) 
4 46 106 (0 768 640 ) (0 864 640 ) (0 864 352 ) (0 768 352 ) 
4 46 102 (0 752 656 ) (0 864 656 ) (0 864 640 ) (0 752 640 ) 
4 46 103 (0 576 640 ) (0 576 656 ) (0 752 656 ) (0 752 640 ) 
4 46 101 (0 576 656 ) (0 576 896 ) (0 864 896 ) (0 864 656 ) 
4 46 56 (0 576 896 ) (0 576 352 ) (544 576 352 ) (544 576 896 ) 
4 46 50 (544 672 352 ) (544 608 352 ) (224 608 352 ) (224 672 352 ) 
4 46 51 (192 576 352 ) (0 576 352 ) (0 672 352 ) (192 672 352 ) 
4 46 47 (224 864 352 ) (544 864 352 ) (544 672 352 ) (224 672 352 ) 
4 46 49 (0 864 352 ) (192 864 352 ) (192 672 352 ) (0 672 352 ) 
4 47 50 (224 672 96 ) (544 672 96 ) (544 672 352 ) (224 672 352 ) 
4 47 48 (224 672 96 ) (224 672 256 ) (224 864 256 ) (224 864 96 ) 
4 48 49 (192 672 96 ) (192 672 256 ) (192 864 256 ) (192 864 96 ) 
4 49 109 (0 672 352 ) (0 864 352 ) (0 864 96 ) (0 672 96 ) 
4 49 52 (192 672 96 ) (0 672 96 ) (0 864 96 ) (192 864 96 ) 
4 49 51 (0 672 96 ) (192 672 96 ) (192 672 352 ) (0 672 352 ) 
4 51 109 (0 576 96 ) (0 576 352 ) (0 672 352 ) (0 672 96 ) 
4 51 57 (0 576 352 ) (0 576 96 ) (192 576 96 ) (192 576 352 ) 
4 51 52 (192 576 96 ) (0 576 96 ) (0 672 96 ) (192 672 96 ) 
4 52 109 (0 576 -96 ) (0 576 96 ) (0 960 96 ) (0 960 -96 ) 
4 52 70 (192 576 -96 ) (192 576 32 ) (0 576 32 ) (0 576 -96 ) 
4 52 57 (192 576 32 ) (192 576 96 ) (0 576 96 ) (0 576 32 ) 
4 53 58 (1024 224 368 ) (1024 224 896 ) (944 224 896 ) (944 224 368 ) 
5 53 56 (944 224 368 ) (944 224 896 ) (944 576 896 ) (944 576 422.857025 ) (944 384 368 ) 
4 54 55 (944 440.002136 368 ) (944 576 368 ) (960 576 368 ) (960 440.002136 368 ) 
3 54 56 (944 576 406.855011 ) (944 576 368 ) (944 440.002136 368 ) 
4 55 57 (944 384 352 ) (944 576 352 ) (960 576 352 ) (960 384 352 ) 
4 55 56 (944 576 352 ) (944 384 352 ) (944 440.002136 368 ) (944 576 368 ) 
4 56 107 (0 576 640 ) (0 576 352 ) (0 224 352 ) (0 224 640 ) 
4 56 103 (0 576 656 ) (0 576 640 ) (0 224 640 ) (0 224 656 ) 
4 56 101 (0 576 896 ) (0 576 656 ) (0 224 656 ) (0 224 896 ) 
4 56 66 (192 224 896 ) (0 224 896 ) (0 224 352 ) (192 224 352 ) 
4 56 59 (192 224 368 ) (192 224 352 ) (944 224 352 ) (944 224 368 ) 
4 56 58 (944 224 896 ) (192 224 896 ) (192 224 368 ) (944 224 368 ) 
4 56 57 (944 224 352 ) (0 224 352 ) (0 576 352 ) (944 576 352 ) 
4 57 109 (0 576 352 ) (0 576 32 ) (0 224 32 ) (0 224 352 ) 
4 57 70 (0 224 32 ) (0 576 32 ) (576 576 32 ) (576 224 32 ) 
4 57 69 (768 576 32 ) (960 576 32 ) (960 384 32 ) (768 384 32 ) 
4 57 66 (0 224 32 ) (192 224 32 ) (192 224 352 ) (0 224 352 ) 
4 57 62 (192 224 32 ) (960 224 32 ) (960 224 320 ) (192 224 320 ) 
4 57 60 (960 224 320 ) (960 224 352 ) (192 224 352 ) (192 224 320 ) 
4 58 80 (1024 0 368 ) (1024 0 640 ) (944 0 640 ) (944 0 368 ) 
4 58 81 (944 0 640 ) (192 0 640 ) (192 0 368 ) (944 0 368 ) 
4 58 75 (1024 0 640 ) (1024 0 896 ) (192 0 896 ) (192 0 640 ) 
4 58 68 (192 192 368 ) (192 0 368 ) (192 0 896 ) (192 192 896 ) 
4 58 66 (192 224 896 ) (192 224 368 ) (192 192 368 ) (192 192 896 ) 
4 58 59 (192 0 368 ) (192 224 368 ) (944 224 368 ) (944 0 368 ) 
4 59 81 (944 0 368 ) (192 0 368 ) (192 0 352 ) (944 0 352 ) 
4 59 68 (192 192 352 ) (192 0 352 ) (192 0 368 ) (192 192 368 ) 
4 59 66 (192 224 368 ) (192 224 352 ) (192 192 352 ) (192 192 368 ) 
4 59 60 (944 0 352 ) (192 0 352 ) (192 224 352 ) (944 224 352 ) 
4 60 92 (224 0 352 ) (192 0 352 ) (192 0 320 ) (224 0 320 ) 
4 60 89 (576 0 352 ) (224 0 352 ) (224 0 320 ) (576 0 320 ) 
4 60 87 (704 0 352 ) (576 0 352 ) (576 0 320 ) (704 0 320 ) 
4 60 85 (960 0 352 ) (704 0 352 ) (704 0 320 ) (960 0 320 ) 
4 60 68 (192 192 320 ) (192 0 320 ) (192 0 352 ) (192 192 352 ) 
4 60 66 (192 224 352 ) (192 224 320 ) (192 192 320 ) (192 192 352 ) 
4 60 65 (192 0 320 ) (192 96 320 ) (960 96 320 ) (960 0 320 ) 
4 60 62 (192 96 320 ) (192 224 320 ) (960 224 320 ) (960 96 320 ) 
4 61 63 (1024 96 320 ) (992 96 320 ) (992 96 32 ) (1024 96 32 ) 
4 62 70 (192 96 32 ) (192 224 32 ) (576 224 32 ) (576 96 32 ) 
4 62 68 (192 192 32 ) (192 96 32 ) (192 96 320 ) (192 192 320 ) 
4 62 66 (192 224 320 ) (192 224 32 ) (192 192 32 ) (192 192 320 ) 
4 62 65 (960 96 320 ) (192 96 320 ) (192 96 32 ) (960 96 32 ) 
4 63 83 (992 0 32 ) (1024 0 32 ) (1024 0 320 ) (992 0 320 ) 
4 63 64 (992 96 160 ) (992 96 32 ) (992 0 32 ) (992 0 160 ) 
4 64 84 (960 0 32 ) (992 0 32 ) (992 0 160 ) (960 0 160 ) 
4 64 65 (960 96 160 ) (960 96 32 ) (960 0 32 ) (960 0 160 ) 
4 65 99 (192 0 32 ) (576 0 32 ) (576 0 96 ) (192 0 96 ) 
4 65 97 (192 0 224 ) (192 0 96 ) (224 0 96 ) (224 0 224 ) 
4 65 96 (224 0 256 ) (192 0 256 ) (192 0 224 ) (224 0 224 ) 
4 65 93 (576 0 96 ) (576 0 256 ) (224 0 256 ) (224 0 96 ) 
4 65 92 (224 0 320 ) (192 0 320 ) (192 0 256 ) (224 0 256 ) 
4 65 89 (576 0 256 ) (576 0 320 ) (224 0 320 ) (224 0 256 ) 
4 65 87 (576 0 32 ) (704 0 32 ) (704 0 320 ) (576 0 320 ) 
4 65 85 (704 0 32 ) (960 0 32 ) (960 0 320 ) (704 0 320 ) 
4 65 70 (576 0 32 ) (192 0 32 ) (192 96 32 ) (576 96 32 ) 
4 65 68 (192 96 32 ) (192 0 32 ) (192 0 320 ) (192 96 320 ) 
4 66 109 (0 224 352 ) (0 224 32 ) (0 192 32 ) (0 192 352 ) 
4 66 107 (0 224 640 ) (0 224 352 ) (0 192 352 ) (0 192 640 ) 
4 66 103 (0 224 656 ) (0 224 640 ) (0 192 640 ) (0 192 656 ) 
4 66 101 (0 224 896 ) (0 224 656 ) (0 192 656 ) (0 192 896 ) 
4 66 70 (0 192 32 ) (0 224 32 ) (192 224 32 ) (192 192 32 ) 
4 66 68 (0 192 32 ) (192 192 32 ) (192 192 896 ) (0 192 896 ) 
4 68 109 (0 0 32 ) (0 0 352 ) (0 192 352 ) (0 192 32 ) 
4 68 107 (0 0 352 ) (0 0 640 ) (0 192 640 ) (0 192 352 ) 
4 68 104 (0 0 640 ) (0 0 896 ) (0 192 896 ) (0 192 640 ) 
4 68 100 (0 0 352 ) (0 0 32 ) (192 0 32 ) (192 0 352 ) 
4 68 81 (0 0 640 ) (0 0 352 ) (192 0 352 ) (192 0 640 ) 
4 68 76 (0 0 896 ) (0 0 640 ) (192 0 640 ) (192 0 896 ) 
4 68 70 (192 0 32 ) (0 0 32 ) (0 192 32 ) (192 192 32 ) 
4 70 109 (0 0 -96 ) (0 0 32 ) (0 576 32 ) (0 576 -96 ) 
4 70 100 (0 0 32 ) (0 0 -96 ) (192 0 -96 ) (192 0 32 ) 
4 70 99 (192 0 -96 ) (576 0 -96 ) (576 0 32 ) (192 0 32 ) 
4 71 77 (1024 -192 656 ) (1024 -992 656 ) (1024 -992 896 ) (1024 -192 896 ) 
4 71 75 (1024 0 896 ) (1024 0 656 ) (1024 -192 656 ) (1024 -192 896 ) 
4 71 72 (1024 -752 656 ) (1024 0 656 ) (1472 0 656 ) (1472 -752 656 ) 
4 72 78 (1024 -192 640 ) (1024 -752 640 ) (1024 -752 656 ) (1024 -192 656 ) 
4 72 75 (1024 0 656 ) (1024 0 640 ) (1024 -192 640 ) (1024 -192 656 ) 
4 72 73 (1024 0 640 ) (1472 0 640 ) (1472 -752 640 ) (1024 -752 640 ) 
4 73 80 (1024 0 640 ) (1024 0 368 ) (1024 -768 368 ) (1024 -768 640 ) 
4 74 83 (1024 0 320 ) (1024 0 32 ) (1024 -224 32 ) (1024 -224 320 ) 
4 75 80 (944 0 640 ) (1024 0 640 ) (1024 -192 640 ) (944 -192 640 ) 
4 75 81 (192 0 640 ) (944 0 640 ) (944 -192 640 ) (192 -192 640 ) 
4 75 78 (192 -192 640 ) (1024 -192 640 ) (1024 -192 656 ) (192 -192 656 ) 
4 75 77 (1024 -192 656 ) (1024 -192 896 ) (192 -192 896 ) (192 -192 656 ) 
4 75 76 (192 0 896 ) (192 0 640 ) (192 -192 640 ) (192 -192 896 ) 
4 76 131 (0 0 896 ) (0 0 640 ) (0 -192 640 ) (0 -192 896 ) 
4 76 81 (0 -192 640 ) (0 0 640 ) (192 0 640 ) (192 -192 640 ) 
4 76 78 (0 -192 656 ) (0 -192 640 ) (192 -192 640 ) (192 -192 656 ) 
4 76 77 (0 -192 896 ) (0 -192 656 ) (192 -192 656 ) (192 -192 896 ) 
4 77 164 (0 -960 656 ) (0 -992 656 ) (0 -992 896 ) (0 -960 896 ) 
4 77 154 (0 -944 656 ) (0 -960 656 ) (0 -960 896 ) (0 -944 896 ) 
4 77 153 (0 -864 656 ) (0 -944 656 ) (0 -944 896 ) (0 -864 896 ) 
4 77 147 (0 -576 656 ) (0 -864 656 ) (0 -864 896 ) (0 -576 896 ) 
4 77 141 (0 -224 656 ) (0 -576 656 ) (0 -576 896 ) (0 -224 896 ) 
4 77 132 (0 -192 896 ) (0 -192 656 ) (0 -224 656 ) (0 -224 896 ) 
4 77 79 (0 -944 656 ) (0 -752 656 ) (176 -752 656 ) (176 -944 656 ) 
4 77 78 (0 -752 656 ) (0 -192 656 ) (1024 -192 656 ) (1024 -752 656 ) 
4 78 147 (0 -752 656 ) (0 -576 656 ) (0 -576 640 ) (0 -752 640 ) 
4 78 141 (0 -576 656 ) (0 -224 656 ) (0 -224 640 ) (0 -576 640 ) 
4 78 132 (0 -224 656 ) (0 -192 656 ) (0 -192 640 ) (0 -224 640 ) 
4 78 80 (944 -192 640 ) (1024 -192 640 ) (1024 -752 640 ) (944 -752 640 ) 
4 78 81 (0 -752 640 ) (0 -192 640 ) (944 -192 640 ) (944 -752 640 ) 
4 78 79 (0 -752 640 ) (176 -752 640 ) (176 -752 656 ) (0 -752 656 ) 
4 79 153 (0 -944 656 ) (0 -864 656 ) (0 -864 640 ) (0 -944 640 ) 
4 79 147 (0 -864 656 ) (0 -752 656 ) (0 -752 640 ) (0 -864 640 ) 
4 79 82 (0 -944 640 ) (0 -768 640 ) (176 -768 640 ) (176 -944 640 ) 
4 79 81 (0 -768 640 ) (0 -752 640 ) (176 -752 640 ) (176 -768 640 ) 
4 80 81 (944 -768 368 ) (944 -768 640 ) (944 0 640 ) (944 0 368 ) 
4 81 147 (0 -768 640 ) (0 -576 640 ) (0 -576 352 ) (0 -768 352 ) 
3 81 143 (0 -384 352 ) (0 -576 352 ) (0 -576 406.856995 ) 
5 81 141 (0 -576 640 ) (0 -224 640 ) (0 -224 352 ) (0 -384 352 ) (0 -576 406.856995 ) 
4 81 132 (0 -224 640 ) (0 -192 640 ) (0 -192 352 ) (0 -224 352 ) 
4 81 131 (0 -192 640 ) (0 0 640 ) (0 0 352 ) (0 -192 352 ) 
4 81 100 (192 -768 352 ) (0 -768 352 ) (0 0 352 ) (192 0 352 ) 
4 81 92 (192 -576 352 ) (192 0 352 ) (224 0 352 ) (224 -576 352 ) 
4 81 90 (544 -768 352 ) (224 -768 352 ) (224 -608 352 ) (544 -608 352 ) 
4 81 89 (224 -576 352 ) (224 0 352 ) (576 0 352 ) (576 -576 352 ) 
4 81 88 (704 -768 352 ) (576 -768 352 ) (576 -576 352 ) (704 -576 352 ) 
4 81 87 (576 -576 352 ) (576 0 352 ) (704 0 352 ) (704 -576 352 ) 
4 81 85 (944 -768 352 ) (704 -768 352 ) (704 0 352 ) (944 0 352 ) 
4 81 82 (0 -768 352 ) (192 -768 352 ) (192 -768 640 ) (0 -768 640 ) 
4 82 156 (0 -864 528 ) (0 -864 352 ) (0 -960 352 ) (0 -960 528 ) 
4 82 155 (0 -960 640 ) (0 -944 640 ) (0 -944 528 ) (0 -960 528 ) 
4 82 153 (0 -944 640 ) (0 -864 640 ) (0 -864 528 ) (0 -944 528 ) 
4 82 147 (0 -864 640 ) (0 -768 640 ) (0 -768 352 ) (0 -864 352 ) 
4 82 100 (0 -960 352 ) (0 -768 352 ) (192 -768 352 ) (192 -960 352 ) 
4 83 84 (992 0 160 ) (992 0 32 ) (992 -96 32 ) (992 -96 160 ) 
4 84 85 (960 -96 32 ) (960 -96 160 ) (960 0 160 ) (960 0 32 ) 
4 85 88 (704 -768 32 ) (704 -768 352 ) (704 -576 352 ) (704 -576 32 ) 
4 85 87 (704 -576 352 ) (704 0 352 ) (704 0 32 ) (704 -576 32 ) 
4 85 86 (960 -768 32 ) (704 -768 32 ) (704 -384 32 ) (960 -384 32 ) 
4 86 88 (704 -576 -96 ) (704 -768 -96 ) (704 -768 32 ) (704 -576 32 ) 
4 87 99 (576 0 96 ) (576 0 32 ) (576 -576 32 ) (576 -576 96 ) 
4 87 93 (576 0 256 ) (576 0 96 ) (576 -576 96 ) (576 -576 256 ) 
4 87 89 (576 -576 352 ) (576 0 352 ) (576 0 256 ) (576 -576 256 ) 
4 87 88 (576 -576 352 ) (576 -576 32 ) (704 -576 32 ) (704 -576 352 ) 
4 88 94 (576 -608 96 ) (576 -768 96 ) (576 -768 256 ) (576 -608 256 ) 
4 89 93 (224 0 256 ) (576 0 256 ) (576 -576 256 ) (224 -576 256 ) 
4 89 92 (224 0 256 ) (224 -576 256 ) (224 -576 352 ) (224 0 352 ) 
4 90 94 (544 -768 256 ) (224 -768 256 ) (224 -608 256 ) (544 -608 256 ) 
4 90 91 (224 -768 352 ) (224 -768 256 ) (544 -768 256 ) (544 -768 352 ) 
4 91 95 (544 -960 256 ) (224 -960 256 ) (224 -768 256 ) (544 -768 256 ) 
4 92 100 (192 -576 352 ) (192 0 352 ) (192 0 256 ) (192 -576 256 ) 
4 92 96 (192 -576 256 ) (192 0 256 ) (224 0 256 ) (224 -576 256 ) 
4 93 99 (224 0 96 ) (576 0 96 ) (576 -576 96 ) (224 -576 96 ) 
4 93 97 (224 0 96 ) (224 -576 96 ) (224 -576 224 ) (224 0 224 ) 
4 93 96 (224 -576 224 ) (224 -576 256 ) (224 0 256 ) (224 0 224 ) 
4 94 98 (224 -688 96 ) (224 -768 96 ) (224 -768 224 ) (224 -688 224 ) 
4 94 95 (224 -768 256 ) (224 -768 96 ) (544 -768 96 ) (544 -768 256 ) 
4 95 98 (224 -768 96 ) (224 -784 96 ) (224 -784 224 ) (224 -768 224 ) 
4 96 100 (192 -576 256 ) (192 0 256 ) (192 0 224 ) (192 -576 224 ) 
4 96 97 (192 -576 224 ) (192 0 224 ) (224 0 224 ) (224 -576 224 ) 
4 97 100 (192 -576 224 ) (192 0 224 ) (192 0 96 ) (192 -576 96 ) 
4 97 99 (192 -576 96 ) (192 0 96 ) (224 0 96 ) (224 -576 96 ) 
4 98 100 (192 -784 224 ) (192 -688 224 ) (192 -688 96 ) (192 -784 96 ) 
4 99 100 (192 -576 96 ) (192 0 96 ) (192 0 -96 ) (192 -576 -96 ) 
4 100 163 (0 -576 96 ) (0 -576 -96 ) (0 -960 -96 ) (0 -960 96 ) 
4 100 156 (0 -960 352 ) (0 -864 352 ) (0 -864 96 ) (0 -960 96 ) 
4 100 150 (0 -864 352 ) (0 -672 352 ) (0 -672 96 ) (0 -864 96 ) 
4 100 148 (0 -672 352 ) (0 -576 352 ) (0 -576 96 ) (0 -672 96 ) 
4 100 145 (0 0 32 ) (0 0 -96 ) (0 -576 -96 ) (0 -576 32 ) 
4 100 144 (0 -576 352 ) (0 -224 352 ) (0 -224 32 ) (0 -576 32 ) 
4 100 132 (0 -224 352 ) (0 -192 352 ) (0 -192 32 ) (0 -224 32 ) 
4 100 131 (0 -192 352 ) (0 0 352 ) (0 0 32 ) (0 -192 32 ) 
4 101 127 (-1024 992 656 ) (-1024 192 656 ) (-1024 192 896 ) (-1024 992 896 ) 
4 101 105 (-192 192 896 ) (-1024 192 896 ) (-1024 192 656 ) (-192 192 656 ) 
4 101 104 (0 192 656 ) (0 192 896 ) (-192 192 896 ) (-192 192 656 ) 
4 101 102 (-176 944 656 ) (0 944 656 ) (0 752 656 ) (-176 752 656 ) 
4 101 103 (0 192 656 ) (-1024 192 656 ) (-1024 752 656 ) (0 752 656 ) 
4 102 107 (0 768 640 ) (0 752 640 ) (-176 752 640 ) (-176 768 640 ) 
4 102 106 (-176 944 640 ) (0 944 640 ) (0 768 640 ) (-176 768 640 ) 
4 102 103 (-176 752 640 ) (0 752 640 ) (0 752 656 ) (-176 752 656 ) 
4 103 128 (-1024 752 640 ) (-1024 192 640 ) (-1024 192 656 ) (-1024 752 656 ) 
4 103 108 (-1024 192 640 ) (-1024 752 640 ) (-944 752 640 ) (-944 192 640 ) 
4 103 107 (-944 752 640 ) (0 752 640 ) (0 192 640 ) (-944 192 640 ) 
4 103 105 (-1024 192 640 ) (-192 192 640 ) (-192 192 656 ) (-1024 192 656 ) 
4 103 104 (-192 192 640 ) (0 192 640 ) (0 192 656 ) (-192 192 656 ) 
4 104 131 (0 0 640 ) (0 0 896 ) (-192 0 896 ) (-192 0 640 ) 
4 104 107 (-192 192 640 ) (0 192 640 ) (0 0 640 ) (-192 0 640 ) 
4 104 105 (-192 192 896 ) (-192 192 640 ) (-192 0 640 ) (-192 0 896 ) 
4 105 133 (-1024 0 896 ) (-1024 0 640 ) (-192 0 640 ) (-192 0 896 ) 
4 105 128 (-1024 192 640 ) (-1024 0 640 ) (-1024 0 656 ) (-1024 192 656 ) 
4 105 127 (-1024 0 656 ) (-1024 0 896 ) (-1024 192 896 ) (-1024 192 656 ) 
4 105 108 (-1024 0 640 ) (-1024 192 640 ) (-944 192 640 ) (-944 0 640 ) 
4 105 107 (-944 192 640 ) (-192 192 640 ) (-192 0 640 ) (-944 0 640 ) 
4 106 109 (-192 960 352 ) (0 960 352 ) (0 768 352 ) (-192 768 352 ) 
4 106 107 (-192 768 352 ) (0 768 352 ) (0 768 640 ) (-192 768 640 ) 
4 107 134 (-944 0 368 ) (-944 0 352 ) (-192 0 352 ) (-192 0 368 ) 
4 107 133 (-192 0 640 ) (-944 0 640 ) (-944 0 368 ) (-192 0 368 ) 
4 107 131 (0 0 352 ) (0 0 640 ) (-192 0 640 ) (-192 0 352 ) 
4 107 123 (-704 0 352 ) (-944 0 352 ) (-944 768 352 ) (-704 768 352 ) 
4 107 122 (-576 0 352 ) (-704 0 352 ) (-704 576 352 ) (-576 576 352 ) 
4 107 121 (-704 576 352 ) (-704 768 352 ) (-576 768 352 ) (-576 576 352 ) 
4 107 112 (-544 768 352 ) (-224 768 352 ) (-224 608 352 ) (-544 608 352 ) 
4 107 113 (-224 0 352 ) (-576 0 352 ) (-576 576 352 ) (-224 576 352 ) 
4 107 110 (-192 0 352 ) (-224 0 352 ) (-224 576 352 ) (-192 576 352 ) 
4 107 109 (0 0 352 ) (-192 0 352 ) (-192 768 352 ) (0 768 352 ) 
4 107 108 (-944 768 640 ) (-944 768 368 ) (-944 0 368 ) (-944 0 640 ) 
4 108 133 (-944 0 640 ) (-1024 0 640 ) (-1024 0 368 ) (-944 0 368 ) 
4 108 129 (-1024 0 368 ) (-1024 0 640 ) (-1024 768 640 ) (-1024 768 368 ) 
4 109 145 (0 0 -96 ) (0 0 32 ) (-192 0 32 ) (-192 0 -96 ) 
4 109 131 (0 0 32 ) (0 0 352 ) (-192 0 352 ) (-192 0 32 ) 
4 109 120 (-192 0 -96 ) (-192 0 96 ) (-192 576 96 ) (-192 576 -96 ) 
4 109 116 (-192 0 96 ) (-192 0 224 ) (-192 576 224 ) (-192 576 96 ) 
4 109 115 (-192 688 224 ) (-192 784 224 ) (-192 784 96 ) (-192 688 96 ) 
4 109 114 (-192 0 224 ) (-192 0 256 ) (-192 576 256 ) (-192 576 224 ) 
4 109 110 (-192 0 256 ) (-192 0 352 ) (-192 576 352 ) (-192 576 256 ) 
4 110 136 (-192 0 256 ) (-192 0 320 ) (-224 0 320 ) (-224 0 256 ) 
4 110 135 (-192 0 320 ) (-192 0 352 ) (-224 0 352 ) (-224 0 320 ) 
4 110 114 (-192 576 256 ) (-192 0 256 ) (-224 0 256 ) (-224 576 256 ) 
4 110 113 (-224 576 256 ) (-224 0 256 ) (-224 0 352 ) (-224 576 352 ) 
4 111 117 (-224 960 256 ) (-224 768 256 ) (-544 768 256 ) (-544 960 256 ) 
4 111 112 (-544 768 256 ) (-224 768 256 ) (-224 768 352 ) (-544 768 352 ) 
4 112 118 (-544 768 256 ) (-224 768 256 ) (-224 608 256 ) (-544 608 256 ) 
4 113 136 (-576 0 320 ) (-576 0 256 ) (-224 0 256 ) (-224 0 320 ) 
4 113 135 (-224 0 352 ) (-576 0 352 ) (-576 0 320 ) (-224 0 320 ) 
4 113 122 (-576 0 352 ) (-576 576 352 ) (-576 576 256 ) (-576 0 256 ) 
4 113 119 (-576 0 256 ) (-576 576 256 ) (-224 576 256 ) (-224 0 256 ) 
4 114 136 (-192 0 224 ) (-192 0 256 ) (-224 0 256 ) (-224 0 224 ) 
4 114 119 (-224 0 224 ) (-224 0 256 ) (-224 576 256 ) (-224 576 224 ) 
4 114 116 (-224 0 224 ) (-224 576 224 ) (-192 576 224 ) (-192 0 224 ) 
4 115 118 (-224 768 96 ) (-224 688 96 ) (-224 688 224 ) (-224 768 224 ) 
4 115 117 (-224 784 96 ) (-224 768 96 ) (-224 768 224 ) (-224 784 224 ) 
4 116 136 (-192 0 96 ) (-192 0 224 ) (-224 0 224 ) (-224 0 96 ) 
4 116 120 (-192 576 96 ) (-192 0 96 ) (-224 0 96 ) (-224 576 96 ) 
4 116 119 (-224 576 96 ) (-224 0 96 ) (-224 0 224 ) (-224 576 224 ) 
4 117 118 (-544 768 96 ) (-224 768 96 ) (-224 768 256 ) (-544 768 256 ) 
4 118 121 (-576 768 96 ) (-576 608 96 ) (-576 608 256 ) (-576 768 256 ) 
4 119 136 (-224 0 256 ) (-576 0 256 ) (-576 0 96 ) (-224 0 96 ) 
4 119 122 (-576 576 96 ) (-576 0 96 ) (-576 0 256 ) (-576 576 256 ) 
4 119 120 (-576 0 96 ) (-576 576 96 ) (-224 576 96 ) (-224 0 96 ) 
4 120 145 (-192 0 -96 ) (-192 0 32 ) (-576 0 32 ) (-576 0 -96 ) 
4 120 136 (-192 0 32 ) (-192 0 96 ) (-576 0 96 ) (-576 0 32 ) 
4 120 122 (-576 0 32 ) (-576 0 96 ) (-576 576 96 ) (-576 576 32 ) 
4 121 124 (-704 768 -96 ) (-704 576 -96 ) (-704 576 32 ) (-704 768 32 ) 
4 121 123 (-704 576 32 ) (-704 576 352 ) (-704 768 352 ) (-704 768 32 ) 
4 121 122 (-704 576 352 ) (-704 576 32 ) (-576 576 32 ) (-576 576 352 ) 
4 122 136 (-576 0 32 ) (-576 0 320 ) (-704 0 320 ) (-704 0 32 ) 
4 122 135 (-576 0 320 ) (-576 0 352 ) (-704 0 352 ) (-704 0 320 ) 
4 122 123 (-704 0 32 ) (-704 0 352 ) (-704 576 352 ) (-704 576 32 ) 
4 123 136 (-960 0 320 ) (-960 0 32 ) (-704 0 32 ) (-704 0 320 ) 
4 123 135 (-704 0 352 ) (-960 0 352 ) (-960 0 320 ) (-704 0 320 ) 
4 123 125 (-960 0 32 ) (-960 0 160 ) (-960 96 160 ) (-960 96 32 ) 
4 123 124 (-960 384 32 ) (-960 768 32 ) (-704 768 32 ) (-704 384 32 ) 
4 125 137 (-960 0 32 ) (-960 0 160 ) (-992 0 160 ) (-992 0 32 ) 
4 125 126 (-992 96 160 ) (-992 96 32 ) (-992 0 32 ) (-992 0 160 ) 
4 126 138 (-992 0 32 ) (-992 0 320 ) (-1024 0 320 ) (-1024 0 32 ) 
4 126 130 (-1024 0 32 ) (-1024 0 320 ) (-1024 224 320 ) (-1024 224 32 ) 
4 127 184 (-1024 0 656 ) (-1024 0 896 ) (-1472 0 896 ) (-1472 0 656 ) 
4 127 128 (-1472 0 656 ) (-1472 752 656 ) (-1024 752 656 ) (-1024 0 656 ) 
4 128 184 (-1024 0 640 ) (-1024 0 656 ) (-1472 0 656 ) (-1472 0 640 ) 
4 128 129 (-1024 0 640 ) (-1472 0 640 ) (-1472 752 640 ) (-1024 752 640 ) 
4 129 184 (-1024 0 368 ) (-1024 0 640 ) (-1472 0 640 ) (-1472 0 368 ) 
4 130 191 (-1376 0 256 ) (-1440 0 256 ) (-1440 0 32 ) (-1376 0 32 ) 
4 130 189 (-1376 0 160 ) (-1376 0 32 ) (-1344 0 32 ) (-1344 0 160 ) 
4 130 188 (-1344 0 256 ) (-1376 0 256 ) (-1376 0 160 ) (-1344 0 160 ) 
4 130 186 (-1024 0 32 ) (-1024 0 256 ) (-1344 0 256 ) (-1344 0 32 ) 
4 130 185 (-1024 0 256 ) (-1024 0 320 ) (-1440 0 320 ) (-1440 0 256 ) 
4 131 145 (-192 0 32 ) (0 0 32 ) (0 -192 32 ) (-192 -192 32 ) 
4 131 139 (-192 -96 32 ) (-192 -192 32 ) (-192 -192 320 ) (-192 -96 320 ) 
4 131 136 (-192 0 32 ) (-192 -96 32 ) (-192 -96 320 ) (-192 0 320 ) 
4 131 135 (-192 -192 320 ) (-192 -192 352 ) (-192 0 352 ) (-192 0 320 ) 
4 131 134 (-192 -192 352 ) (-192 -192 368 ) (-192 0 368 ) (-192 0 352 ) 
4 131 133 (-192 -192 368 ) (-192 -192 896 ) (-192 0 896 ) (-192 0 368 ) 
4 131 132 (-192 -192 896 ) (-192 -192 32 ) (0 -192 32 ) (0 -192 896 ) 
4 132 145 (0 -192 32 ) (0 -224 32 ) (-192 -224 32 ) (-192 -192 32 ) 
4 132 144 (-192 -224 32 ) (0 -224 32 ) (0 -224 352 ) (-192 -224 352 ) 
4 132 141 (0 -224 352 ) (0 -224 896 ) (-192 -224 896 ) (-192 -224 352 ) 
4 132 139 (-192 -192 32 ) (-192 -224 32 ) (-192 -224 320 ) (-192 -192 320 ) 
4 132 135 (-192 -224 320 ) (-192 -224 352 ) (-192 -192 352 ) (-192 -192 320 ) 
4 132 134 (-192 -224 352 ) (-192 -224 368 ) (-192 -192 368 ) (-192 -192 352 ) 
4 132 133 (-192 -224 368 ) (-192 -224 896 ) (-192 -192 896 ) (-192 -192 368 ) 
4 133 184 (-1024 0 896 ) (-1024 0 368 ) (-1024 -224 368 ) (-1024 -224 896 ) 
4 133 142 (-1024 -224 896 ) (-1024 -224 368 ) (-944 -224 368 ) (-944 -224 896 ) 
4 133 141 (-944 -224 368 ) (-192 -224 368 ) (-192 -224 896 ) (-944 -224 896 ) 
4 133 134 (-192 0 368 ) (-192 -224 368 ) (-944 -224 368 ) (-944 0 368 ) 
4 134 141 (-944 -224 352 ) (-192 -224 352 ) (-192 -224 368 ) (-944 -224 368 ) 
4 134 135 (-944 0 352 ) (-192 0 352 ) (-192 -224 352 ) (-944 -224 352 ) 
4 135 144 (-960 -224 320 ) (-192 -224 320 ) (-192 -224 352 ) (-960 -224 352 ) 
4 135 139 (-192 -96 320 ) (-192 -224 320 ) (-960 -224 320 ) (-960 -96 320 ) 
4 135 136 (-192 0 320 ) (-192 -96 320 ) (-960 -96 320 ) (-960 0 320 ) 
4 136 145 (-576 0 32 ) (-192 0 32 ) (-192 -96 32 ) (-576 -96 32 ) 
4 136 139 (-960 -96 32 ) (-192 -96 32 ) (-192 -96 320 ) (-960 -96 320 ) 
4 136 137 (-960 0 32 ) (-960 -96 32 ) (-960 -96 160 ) (-960 0 160 ) 
4 137 138 (-992 0 32 ) (-992 -96 32 ) (-992 -96 160 ) (-992 0 160 ) 
4 138 186 (-1024 0 256 ) (-1024 0 32 ) (-1024 -96 32 ) (-1024 -96 256 ) 
4 138 185 (-1024 0 320 ) (-1024 0 256 ) (-1024 -96 256 ) (-1024 -96 320 ) 
4 138 140 (-1024 -96 32 ) (-992 -96 32 ) (-992 -96 320 ) (-1024 -96 320 ) 
4 139 145 (-576 -96 32 ) (-192 -96 32 ) (-192 -224 32 ) (-576 -224 32 ) 
4 139 144 (-960 -224 32 ) (-192 -224 32 ) (-192 -224 320 ) (-960 -224 320 ) 
4 140 186 (-1024 -96 32 ) (-1024 -224 32 ) (-1024 -224 256 ) (-1024 -96 256 ) 
4 140 185 (-1024 -224 256 ) (-1024 -224 320 ) (-1024 -96 320 ) (-1024 -96 256 ) 
4 141 165 (-944 -576 406.856934 ) (-576 -576 406.856964 ) (-576 -576 896 ) (-944 -576 896 ) 
4 141 160 (-576 -576 406.856964 ) (-544 -576 406.856964 ) (-544 -576 656 ) (-576 -576 656 ) 
4 141 159 (-544 -576 656 ) (-544 -576 896 ) (-576 -576 896 ) (-576 -576 656 ) 
4 141 147 (-544 -576 406.856964 ) (0 -576 406.856995 ) (0 -576 896 ) (-544 -576 896 ) 
4 141 144 (-944 -224 352 ) (0 -224 352 ) (0 -384 352 ) (-944 -384 352 ) 
4 141 143 (0 -576 406.855652 ) (-944 -576 406.855652 ) (-944 -384.003906 352 ) (0 -384.003906 352 ) 
5 141 142 (-944 -576 422.856995 ) (-944 -576 896 ) (-944 -224 896 ) (-944 -224 368 ) (-944 -384 368 ) 
5 142 184 (-1024 -576 422.856995 ) (-1024 -576 896 ) (-1024 -224 896 ) (-1024 -224 368 ) (-1024 -384 368 ) 
4 142 168 (-1024 -576 896 ) (-1024 -576 422.857025 ) (-960 -576 422.856995 ) (-960 -576 896 ) 
4 142 166 (-960 -576 422.856995 ) (-944 -576 422.856995 ) (-944 -576 896 ) (-960 -576 896 ) 
4 143 167 (-960 -576 352 ) (-944 -576 352 ) (-944 -576 406.856934 ) (-960 -576 406.856934 ) 
4 143 165 (-944 -576 352 ) (-576 -576 352 ) (-576 -576 406.856964 ) (-944 -576 406.856934 ) 
4 143 160 (-576 -576 352 ) (-544 -576 352 ) (-544 -576 406.856964 ) (-576 -576 406.856964 ) 
4 143 147 (-544 -576 352 ) (0 -576 352 ) (0 -576 406.856995 ) (-544 -576 406.856964 ) 
4 143 144 (0 -576 352 ) (-960 -576 352 ) (-960 -384 352 ) (0 -384 352 ) 
4 144 167 (-960 -576 32 ) (-944 -576 32 ) (-944 -576 352 ) (-960 -576 352 ) 
4 144 165 (-944 -576 32 ) (-576 -576 32 ) (-576 -576 352 ) (-944 -576 352 ) 
4 144 163 (-192 -576 32 ) (0 -576 32 ) (0 -576 96 ) (-192 -576 96 ) 
4 144 148 (0 -576 96 ) (0 -576 352 ) (-192 -576 352 ) (-192 -576 96 ) 
4 144 146 (-768 -576 32 ) (-960 -576 32 ) (-960 -384 32 ) (-768 -384 32 ) 
4 144 145 (0 -576 32 ) (-576 -576 32 ) (-576 -224 32 ) (0 -224 32 ) 
4 145 163 (-192 -576 -96 ) (0 -576 -96 ) (0 -576 32 ) (-192 -576 32 ) 
4 146 167 (-960 -576 -96 ) (-944 -576 -96 ) (-944 -576 32 ) (-960 -576 32 ) 
4 146 165 (-944 -576 -96 ) (-768 -576 -96 ) (-768 -576 32 ) (-944 -576 32 ) 
4 147 160 (-544 -576 656 ) (-544 -576 352 ) (-544 -864 352 ) (-544 -864 656 ) 
4 147 159 (-544 -576 896 ) (-544 -576 656 ) (-544 -864 656 ) (-544 -864 896 ) 
4 147 158 (-544 -864 528 ) (-544 -864 352 ) (-224 -864 352 ) (-224 -864 528 ) 
4 147 157 (-224 -864 352 ) (-192 -864 352 ) (-192 -864 528 ) (-224 -864 528 ) 
4 147 156 (-192 -864 352 ) (0 -864 352 ) (0 -864 528 ) (-192 -864 528 ) 
4 147 153 (-544 -864 896 ) (-544 -864 528 ) (0 -864 528 ) (0 -864 896 ) 
4 147 150 (0 -864 352 ) (-192 -864 352 ) (-192 -672 352 ) (0 -672 352 ) 
4 147 152 (-224 -864 352 ) (-544 -864 352 ) (-544 -672 352 ) (-224 -672 352 ) 
4 147 149 (-544 -672 352 ) (-544 -608 352 ) (-224 -608 352 ) (-224 -672 352 ) 
4 147 148 (-192 -576 352 ) (0 -576 352 ) (0 -672 352 ) (-192 -672 352 ) 
4 148 163 (-192 -576 96 ) (0 -576 96 ) (0 -672 96 ) (-192 -672 96 ) 
4 148 150 (0 -672 352 ) (-192 -672 352 ) (-192 -672 96 ) (0 -672 96 ) 
4 149 152 (-224 -672 352 ) (-544 -672 352 ) (-544 -672 96 ) (-224 -672 96 ) 
4 150 163 (-192 -672 96 ) (0 -672 96 ) (0 -864 96 ) (-192 -864 96 ) 
4 150 156 (-192 -864 96 ) (0 -864 96 ) (0 -864 352 ) (-192 -864 352 ) 
4 150 151 (-192 -672 256 ) (-192 -672 96 ) (-192 -864 96 ) (-192 -864 256 ) 
4 151 152 (-224 -672 256 ) (-224 -672 96 ) (-224 -864 96 ) (-224 -864 256 ) 
4 152 162 (-544 -864 192 ) (-544 -864 320 ) (-544 -800 320 ) (-544 -800 192 ) 
4 152 158 (-544 -864 352 ) (-544 -864 96 ) (-224 -864 96 ) (-224 -864 352 ) 
4 153 160 (-544 -864 656 ) (-544 -864 528 ) (-544 -944 528 ) (-544 -944 656 ) 
4 153 159 (-544 -944 896 ) (-544 -864 896 ) (-544 -864 656 ) (-544 -944 656 ) 
4 153 158 (-544 -928 528 ) (-544 -864 528 ) (-224 -864 528 ) (-224 -928 528 ) 
4 153 157 (-224 -864 528 ) (-192 -864 528 ) (-192 -944 528 ) (-224 -944 528 ) 
4 153 156 (-192 -864 528 ) (0 -864 528 ) (0 -944 528 ) (-192 -944 528 ) 
4 153 154 (0 -944 656 ) (0 -944 896 ) (-544 -944 896 ) (-544 -944 656 ) 
4 153 155 (-544 -944 528 ) (0 -944 528 ) (0 -944 640 ) (-544 -944 640 ) 
4 154 164 (0 -960 656 ) (0 -960 896 ) (-544 -960 896 ) (-544 -960 656 ) 
4 154 159 (-544 -960 656 ) (-544 -960 896 ) (-544 -944 896 ) (-544 -944 656 ) 
4 155 161 (-544 -960 528 ) (-544 -960 640 ) (-544 -944 640 ) (-544 -944 528 ) 
4 155 157 (-192 -960 528 ) (-224 -960 528 ) (-224 -944 528 ) (-192 -944 528 ) 
4 155 156 (0 -960 528 ) (-192 -960 528 ) (-192 -944 528 ) (0 -944 528 ) 
4 156 163 (0 -960 96 ) (-192 -960 96 ) (-192 -864 96 ) (0 -864 96 ) 
4 156 157 (-192 -960 528 ) (-192 -864 528 ) (-192 -864 352 ) (-192 -960 352 ) 
4 157 158 (-224 -928 528 ) (-224 -864 528 ) (-224 -864 352 ) (-224 -928 352 ) 
4 158 162 (-544 -928 192 ) (-544 -928 320 ) (-544 -864 320 ) (-544 -864 192 ) 
4 158 160 (-544 -928 352 ) (-544 -928 528 ) (-544 -864 528 ) (-544 -864 352 ) 
4 159 169 (-576 -608 656 ) (-576 -960 656 ) (-576 -960 896 ) (-576 -608 896 ) 
4 159 165 (-576 -576 896 ) (-576 -576 656 ) (-576 -608 656 ) (-576 -608 896 ) 
4 159 164 (-576 -960 896 ) (-576 -960 656 ) (-544 -960 656 ) (-544 -960 896 ) 
4 159 160 (-544 -576 656 ) (-544 -944 656 ) (-576 -944 656 ) (-576 -576 656 ) 
4 160 182 (-576 -928 352 ) (-576 -944 352 ) (-576 -944 384 ) (-576 -928 384 ) 
4 160 178 (-576 -608 352 ) (-576 -928 352 ) (-576 -928 384 ) (-576 -608 384 ) 
4 160 177 (-576 -944 384 ) (-576 -944 416 ) (-576 -608 416 ) (-576 -608 384 ) 
4 160 173 (-576 -944 416 ) (-576 -944 640 ) (-576 -608 640 ) (-576 -608 416 ) 
4 160 170 (-576 -944 640 ) (-576 -944 656 ) (-576 -608 656 ) (-576 -608 640 ) 
4 160 165 (-576 -576 656 ) (-576 -576 352 ) (-576 -608 352 ) (-576 -608 656 ) 
4 160 161 (-576 -944 352 ) (-544 -944 352 ) (-544 -944 640 ) (-576 -944 640 ) 
4 161 182 (-576 -944 352 ) (-576 -960 352 ) (-576 -960 384 ) (-576 -944 384 ) 
4 161 177 (-576 -960 384 ) (-576 -960 416 ) (-576 -944 416 ) (-576 -944 384 ) 
4 161 173 (-576 -960 416 ) (-576 -960 640 ) (-576 -944 640 ) (-576 -944 416 ) 
4 162 178 (-576 -800 192 ) (-576 -928 192 ) (-576 -928 320 ) (-576 -800 320 ) 
4 164 169 (-576 -992 656 ) (-576 -992 896 ) (-576 -960 896 ) (-576 -960 656 ) 
4 165 183 (-576 -608 -96 ) (-576 -608 32 ) (-944 -608 32 ) (-944 -608 -96 ) 
4 165 179 (-576 -608 160 ) (-576 -608 192 ) (-640 -608 192 ) (-640 -608 160 ) 
4 165 178 (-576 -608 192 ) (-576 -608 384 ) (-640 -608 384 ) (-640 -608 192 ) 
4 165 180 (-576 -608 32 ) (-576 -608 160 ) (-640 -608 160 ) (-640 -608 32 ) 
4 165 181 (-640 -608 384 ) (-944 -608 384 ) (-944 -608 32 ) (-640 -608 32 ) 
4 165 177 (-576 -608 384 ) (-576 -608 416 ) (-944 -608 416 ) (-944 -608 384 ) 
4 165 173 (-576 -608 416 ) (-576 -608 640 ) (-944 -608 640 ) (-944 -608 416 ) 
4 165 170 (-576 -608 640 ) (-576 -608 656 ) (-944 -608 656 ) (-944 -608 640 ) 
4 165 169 (-576 -608 656 ) (-576 -608 896 ) (-944 -608 896 ) (-944 -608 656 ) 
4 165 167 (-944 -576 -96 ) (-944 -608 -96 ) (-944 -608 416 ) (-944 -576 406.856964 ) 
4 165 166 (-944 -608 432 ) (-944 -608 896 ) (-944 -576 896 ) (-944 -576 422.856964 ) 
4 166 174 (-960 -608 640 ) (-960 -608 432 ) (-944 -608 432 ) (-944 -608 640 ) 
4 166 171 (-944 -608 896 ) (-960 -608 896 ) (-960 -608 640 ) (-944 -608 640 ) 
4 166 168 (-960 -576 896 ) (-960 -576 422.856964 ) (-960 -608 432 ) (-960 -608 896 ) 
4 167 183 (-960 -608 32 ) (-960 -608 -96 ) (-944 -608 -96 ) (-944 -608 32 ) 
4 167 181 (-960 -608 384 ) (-960 -608 32 ) (-944 -608 32 ) (-944 -608 384 ) 
4 167 177 (-960 -608 416 ) (-960 -608 384 ) (-944 -608 384 ) (-944 -608 416 ) 
4 168 184 (-1024 -608 432 ) (-1024 -608 896 ) (-1024 -576 896 ) (-1024 -576 422.857025 ) 
4 168 174 (-1024 -608 640 ) (-1024 -608 432 ) (-960 -608 432 ) (-960 -608 640 ) 
4 168 171 (-1024 -608 896 ) (-1024 -608 640 ) (-960 -608 640 ) (-960 -608 896 ) 
4 169 172 (-944 -800 656 ) (-944 -992 656 ) (-944 -992 896 ) (-944 -800 896 ) 
4 169 171 (-944 -608 896 ) (-944 -608 656 ) (-944 -800 656 ) (-944 -800 896 ) 
4 169 170 (-944 -944 656 ) (-944 -608 656 ) (-576 -608 656 ) (-576 -944 656 ) 
4 170 173 (-944 -944 640 ) (-944 -608 640 ) (-576 -608 640 ) (-576 -944 640 ) 
4 170 171 (-944 -608 656 ) (-944 -608 640 ) (-944 -786.285706 640 ) (-944 -800 656 ) 
5 171 194 (-1024 -608 896 ) (-1024 -608 640 ) (-1024 -786.285706 640 ) (-1024 -800 656 ) (-1024 -800 896 ) 
4 171 174 (-1024 -786.285706 640 ) (-1024 -608 640 ) (-944 -608 640 ) (-944 -786.285706 640 ) 
4 171 172 (-1024 -800 896 ) (-1024 -800 656 ) (-944 -800 656 ) (-944 -800 896 ) 
4 172 195 (-1024 -800 896 ) (-1024 -800 656 ) (-1024 -992 656 ) (-1024 -992 896 ) 
4 173 177 (-944 -608 416 ) (-576 -608 416 ) (-576 -960 416 ) (-944 -960 416 ) 
4 173 176 (-944 -800 416 ) (-944 -960 416 ) (-944 -960 640 ) (-944 -800 640 ) 
3 173 175 (-944 -610.288025 416 ) (-944 -800 416 ) (-944 -800 637.331970 ) 
3 173 174 (-944 -786.285706 640 ) (-944 -608 640 ) (-944 -608 432 ) 
3 174 194 (-1024 -608 640 ) (-1024 -608 432 ) (-1024 -786.285706 640 ) 
4 175 177 (-944 -610.288025 416 ) (-944 -800 416 ) (-960 -800 416 ) (-960 -610.288025 416 ) 
4 175 176 (-960 -800 416 ) (-944 -800 416 ) (-944 -800 637.331970 ) (-960 -800 637.331970 ) 
4 176 177 (-960 -800 416 ) (-944 -800 416 ) (-944 -960 416 ) (-960 -960 416 ) 
4 177 182 (-576 -960 384 ) (-960 -960 384 ) (-960 -928 384 ) (-576 -928 384 ) 
4 177 178 (-640 -608 384 ) (-576 -608 384 ) (-576 -928 384 ) (-640 -928 384 ) 
4 177 181 (-960 -928 384 ) (-960 -608 384 ) (-640 -608 384 ) (-640 -928 384 ) 
4 178 182 (-576 -928 192 ) (-576 -928 384 ) (-640 -928 384 ) (-640 -928 192 ) 
4 178 179 (-640 -704 192 ) (-640 -608 192 ) (-576 -608 192 ) (-576 -704 192 ) 
4 178 181 (-640 -928 192 ) (-640 -928 384 ) (-640 -608 384 ) (-640 -608 192 ) 
4 179 181 (-640 -704 192 ) (-640 -608 192 ) (-640 -608 160 ) (-640 -704 160 ) 
4 179 180 (-640 -704 160 ) (-640 -608 160 ) (-576 -608 160 ) (-576 -704 160 ) 
4 180 183 (-640 -608 32 ) (-576 -608 32 ) (-576 -928 32 ) (-640 -928 32 ) 
4 180 182 (-640 -928 32 ) (-576 -928 32 ) (-576 -928 160 ) (-640 -928 160 ) 
4 180 181 (-640 -608 32 ) (-640 -928 32 ) (-640 -928 160 ) (-640 -608 160 ) 
4 181 197 (-1024 -608 160 ) (-1024 -608 32 ) (-1024 -928 32 ) (-1024 -928 160 ) 
4 181 196 (-1024 -608 384 ) (-1024 -608 160 ) (-1024 -928 160 ) (-1024 -928 384 ) 
4 181 183 (-960 -608 32 ) (-640 -608 32 ) (-640 -928 32 ) (-960 -928 32 ) 
4 181 182 (-960 -928 32 ) (-640 -928 32 ) (-640 -928 384 ) (-960 -928 384 ) 
4 182 183 (-576 -928 32 ) (-576 -960 32 ) (-960 -960 32 ) (-960 -928 32 ) 
4 184 194 (-1024 -608 432 ) (-1024 -608 896 ) (-1472 -608 896 ) (-1472 -608 432 ) 
4 185 191 (-1440 0 256 ) (-1376 0 256 ) (-1376 -224 256 ) (-1440 -224 256 ) 
4 185 188 (-1376 0 256 ) (-1344 0 256 ) (-1344 -224 256 ) (-1376 -224 256 ) 
4 185 186 (-1344 0 256 ) (-1024 0 256 ) (-1024 -224 256 ) (-1344 -224 256 ) 
4 186 189 (-1344 0 32 ) (-1344 -224 32 ) (-1344 -224 160 ) (-1344 0 160 ) 
4 186 188 (-1344 -224 160 ) (-1344 -224 256 ) (-1344 0 256 ) (-1344 0 160 ) 
4 186 187 (-1344 -224 256 ) (-1344 -224 32 ) (-1152 -224 32 ) (-1152 -224 256 ) 
4 187 199 (-1152 -608 256 ) (-1344 -608 256 ) (-1344 -608 32 ) (-1152 -608 32 ) 
4 187 190 (-1344 -320 32 ) (-1344 -512 32 ) (-1344 -512 160 ) (-1344 -320 160 ) 
4 188 191 (-1376 -224 256 ) (-1376 0 256 ) (-1376 0 160 ) (-1376 -224 160 ) 
4 188 189 (-1376 -224 160 ) (-1376 0 160 ) (-1344 0 160 ) (-1344 -224 160 ) 
4 189 191 (-1376 0 32 ) (-1376 -224 32 ) (-1376 -224 160 ) (-1376 0 160 ) 
4 190 192 (-1376 -320 32 ) (-1376 -512 32 ) (-1376 -512 160 ) (-1376 -320 160 ) 
4 192 193 (-1440 -256 32 ) (-1440 -576 32 ) (-1440 -576 256 ) (-1440 -256 256 ) 
4 194 195 (-1472 -800 896 ) (-1472 -800 656 ) (-1024 -800 656 ) (-1024 -800 896 ) 
4 196 197 (-1088 -608 160 ) (-1024 -608 160 ) (-1024 -928 160 ) (-1088 -928 160 ) 
4 197 198 (-1088 -672 32 ) (-1088 -864 32 ) (-1088 -864 160 ) (-1088 -672 160 ) 
4 198 199 (-1120 -672 32 ) (-1120 -864 32 ) (-1120 -864 160 ) (-1120 -672 160 ) 
