PRT1
12
20
4 0 6 (896 0 832 ) (768 0 832 ) (768 0 0 ) (896 0 0 ) 
4 0 2 (768 0 64 ) (768 0 832 ) (768 288 832 ) (768 288 64 ) 
4 0 1 (768 448 832 ) (768 448 0 ) (768 288 0 ) (768 288 832 ) 
4 1 3 (0 288 832 ) (0 448 832 ) (0 448 0 ) (0 288 0 ) 
4 1 2 (768 288 64 ) (768 288 832 ) (0 288 832 ) (0 288 64 ) 
4 2 7 (768 0 832 ) (0 0 832 ) (0 0 64 ) (768 0 64 ) 
4 2 4 (0 0 64 ) (0 0 832 ) (0 288 832 ) (0 288 64 ) 
4 3 4 (-768 288 832 ) (-768 288 64 ) (0 288 64 ) (0 288 832 ) 
4 3 5 (-768 448 832 ) (-768 448 0 ) (-768 288 0 ) (-768 288 832 ) 
4 4 9 (0 0 64 ) (0 0 832 ) (-768 0 832 ) (-768 0 64 ) 
4 4 5 (-768 0 64 ) (-768 0 832 ) (-768 288 832 ) (-768 288 64 ) 
4 5 11 (-768 0 832 ) (-896 0 832 ) (-896 0 0 ) (-768 0 0 ) 
4 6 7 (768 -288 64 ) (768 -288 832 ) (768 0 832 ) (768 0 64 ) 
4 6 8 (768 -288 0 ) (768 -448 0 ) (768 -448 832 ) (768 -288 832 ) 
4 7 9 (0 0 832 ) (0 0 64 ) (0 -288 64 ) (0 -288 832 ) 
4 7 8 (768 -288 64 ) (768 -288 832 ) (0 -288 832 ) (0 -288 64 ) 
4 8 10 (0 -288 0 ) (0 -448 0 ) (0 -448 832 ) (0 -288 832 ) 
4 9 10 (-768 -288 832 ) (-768 -288 64 ) (0 -288 64 ) (0 -288 832 ) 
4 9 11 (-768 -288 64 ) (-768 -288 832 ) (-768 0 832 ) (-768 0 64 ) 
4 10 11 (-768 -288 0 ) (-768 -448 0 ) (-768 -448 832 ) (-768 -288 832 ) 
